#
# There is insufficient memory for the Java Runtime Environment to continue.
# Native memory allocation (mmap) failed to map 6291456 bytes for G1 virtual space
# Possible reasons:
#   The system is out of physical RAM or swap space
#   The process is running with CompressedOops enabled, and the Java Heap may be blocking the growth of the native heap
# Possible solutions:
#   Reduce memory load on the system
#   Increase physical memory or swap space
#   Check if swap backing store is full
#   Decrease Java heap size (-Xmx/-Xms)
#   Decrease number of Java threads
#   Decrease Java thread stack sizes (-Xss)
#   Set larger code cache with -XX:ReservedCodeCacheSize=
#   JVM is running with Unscaled Compressed Oops mode in which the Java heap is
#     placed in the first 4GB address space. The Java Heap base address is the
#     maximum limit for the native heap growth. Please use -XX:HeapBaseMinAddress
#     to set the Java Heap base and to place the Java Heap above 4GB virtual address.
# This output file may be truncated or incomplete.
#
#  Out of Memory Error (os_windows.cpp:3528), pid=21168, tid=22228
#
# JRE version: Java(TM) SE Runtime Environment (20.0.2+9) (build 20.0.2+9-78)
# Java VM: Java HotSpot(TM) 64-Bit Server VM (20.0.2+9-78, mixed mode, sharing, tiered, compressed oops, compressed class ptrs, g1 gc, windows-amd64)
# No core dump will be written. Minidumps are not enabled by default on client versions of Windows
#

---------------  S U M M A R Y ------------

Command Line: -Dfile.encoding=UTF-8 --module-path=C:\Users\My Pc\Documents\NetBeansProjects\university management(ERP)\build\classes university.management.erp.Project

Host: Intel(R) Core(TM) i7-6650U CPU @ 2.20GHz, 4 cores, 7G,  Windows 10 , 64 bit Build 19041 (10.0.19041.4717)
Time: Sat Aug 31 13:27:52 2024 India Standard Time elapsed time: 7.266549 seconds (0d 0h 0m 7s)

---------------  T H R E A D  ---------------

Current thread (0x000001a87a858b40):  VMThread "VM Thread" [stack: 0x0000002735100000,0x0000002735200000] [id=22228]

Stack: [0x0000002735100000,0x0000002735200000]
Native frames: (J=compiled Java code, j=interpreted, Vv=VM code, C=native code)
V  [jvm.dll+0x6bc25a]
V  [jvm.dll+0x84971a]
V  [jvm.dll+0x84b315]
V  [jvm.dll+0x84ba13]
V  [jvm.dll+0x280e4f]
V  [jvm.dll+0x6b8fe9]
V  [jvm.dll+0x6adbca]
V  [jvm.dll+0x35b165]
V  [jvm.dll+0x363386]
V  [jvm.dll+0x3b400e]
V  [jvm.dll+0x3b4295]
V  [jvm.dll+0x32b86a]
V  [jvm.dll+0x32e486]
V  [jvm.dll+0x33854e]
V  [jvm.dll+0x371dd0]
V  [jvm.dll+0x85135e]
V  [jvm.dll+0x852471]
V  [jvm.dll+0x852979]
V  [jvm.dll+0x852bf3]
V  [jvm.dll+0x7f5c76]
V  [jvm.dll+0x6baecb]
C  [ucrtbase.dll+0x21bb2]
C  [KERNEL32.DLL+0x17374]
C  [ntdll.dll+0x4cc91]

VM_Operation (0x0000002734dff470): G1PauseRemark, mode: safepoint, requested by thread 0x000001a85e770990


---------------  P R O C E S S  ---------------

Threads class SMR info:
_java_thread_list=0x000001a84258f780, length=17, elements={
0x000001a87a8784c0, 0x000001a87a87d1e0, 0x000001a87a87ec90, 0x000001a87a87f5d0,
0x000001a87a880f20, 0x000001a87a881ae0, 0x000001a87a882d60, 0x000001a87a88db00,
0x000001a87ecc8330, 0x000001a87ee00a90, 0x000001a87ef58480, 0x000001a87ef60890,
0x000001a87efab460, 0x000001a8423edac0, 0x000001a84233df90, 0x000001a85e7034a0,
0x000001a8425c4470
}

Java Threads: ( => current thread )
  0x000001a87a8784c0 JavaThread "Reference Handler" daemon [_thread_blocked, id=19064, stack(0x0000002735200000,0x0000002735300000)]
  0x000001a87a87d1e0 JavaThread "Finalizer" daemon [_thread_blocked, id=16968, stack(0x0000002735300000,0x0000002735400000)]
  0x000001a87a87ec90 JavaThread "Signal Dispatcher" daemon [_thread_blocked, id=25828, stack(0x0000002735400000,0x0000002735500000)]
  0x000001a87a87f5d0 JavaThread "Attach Listener" daemon [_thread_blocked, id=23592, stack(0x0000002735500000,0x0000002735600000)]
  0x000001a87a880f20 JavaThread "Service Thread" daemon [_thread_blocked, id=9732, stack(0x0000002735600000,0x0000002735700000)]
  0x000001a87a881ae0 JavaThread "Monitor Deflation Thread" daemon [_thread_blocked, id=23544, stack(0x0000002735700000,0x0000002735800000)]
  0x000001a87a882d60 JavaThread "C2 CompilerThread0" daemon [_thread_blocked, id=14376, stack(0x0000002735800000,0x0000002735900000)]
  0x000001a87a88db00 JavaThread "C1 CompilerThread0" daemon [_thread_blocked, id=19704, stack(0x0000002735900000,0x0000002735a00000)]
  0x000001a87ecc8330 JavaThread "Common-Cleaner" daemon [_thread_blocked, id=25644, stack(0x0000002735a00000,0x0000002735b00000)]
  0x000001a87ee00a90 JavaThread "Notification Thread" daemon [_thread_blocked, id=22564, stack(0x0000002735b00000,0x0000002735c00000)]
  0x000001a87ef58480 JavaThread "Java2D Disposer" daemon [_thread_blocked, id=19536, stack(0x0000002735d00000,0x0000002735e00000)]
  0x000001a87ef60890 JavaThread "AWT-Windows" daemon [_thread_blocked, id=14280, stack(0x0000002735f00000,0x0000002736000000)]
  0x000001a87efab460 JavaThread "Image Fetcher 0" daemon [_thread_blocked, id=22428, stack(0x0000002736000000,0x0000002736100000)]
  0x000001a8423edac0 JavaThread "AWT-Shutdown" [_thread_blocked, id=26524, stack(0x0000002735e00000,0x0000002735f00000)]
  0x000001a84233df90 JavaThread "AWT-EventQueue-0" [_thread_blocked, id=23724, stack(0x0000002736400000,0x0000002736500000)]
  0x000001a85e7034a0 JavaThread "DestroyJavaVM" [_thread_blocked, id=1244, stack(0x0000002734b00000,0x0000002734c00000)]
  0x000001a8425c4470 JavaThread "TimerQueue" daemon [_thread_blocked, id=23740, stack(0x0000002736500000,0x0000002736600000)]

Other Threads:
=>0x000001a87a858b40 VMThread "VM Thread" [stack: 0x0000002735100000,0x0000002735200000] [id=22228]
  0x000001a87ee012d0 WatcherThread "VM Periodic Task Thread" [stack: 0x0000002735c00000,0x0000002735d00000] [id=20468]
  0x000001a85e75ec00 WorkerThread "GC Thread#0" [stack: 0x0000002734c00000,0x0000002734d00000] [id=24364]
  0x000001a87efef3e0 WorkerThread "GC Thread#1" [stack: 0x0000002736100000,0x0000002736200000] [id=25992]
  0x000001a87efef6b0 WorkerThread "GC Thread#2" [stack: 0x0000002736200000,0x0000002736300000] [id=26240]
  0x000001a8423c82a0 WorkerThread "GC Thread#3" [stack: 0x0000002736300000,0x0000002736400000] [id=22748]
  0x000001a85e770990 ConcurrentGCThread "G1 Main Marker" [stack: 0x0000002734d00000,0x0000002734e00000] [id=19532]
  0x000001a85e772a80 WorkerThread "G1 Conc#0" [stack: 0x0000002734e00000,0x0000002734f00000] [id=23060]
  0x000001a87a709100 ConcurrentGCThread "G1 Refine#0" [stack: 0x0000002734f00000,0x0000002735000000] [id=18492]
  0x000001a87a709850 ConcurrentGCThread "G1 Service" [stack: 0x0000002735000000,0x0000002735100000] [id=17696]

Threads with active compile tasks:

VM state: at safepoint (normal execution)

VM Mutex/Monitor currently owned by a thread:  ([mutex/lock_event])
[0x000001a85e6fe940] Threads_lock - owner thread: 0x000001a87a858b40
[0x000001a85e6ff3f0] Heap_lock - owner thread: 0x000001a85e770990

Heap address: 0x0000000081200000, size: 2030 MB, Compressed Oops mode: 32-bit

CDS archive(s) mapped at: [0x000001a800000000-0x000001a800c60000-0x000001a800c60000), size 12976128, SharedBaseAddress: 0x000001a800000000, ArchiveRelocationMode: 1.
Compressed class space mapped at: 0x000001a801000000-0x000001a841000000, reserved size: 1073741824
Narrow klass base: 0x000001a800000000, Narrow klass shift: 0, Narrow klass range: 0x100000000

GC Precious Log:
 CardTable entry size: 512
 Card Set container configuration: InlinePtr #cards 5 size 8 Array Of Cards #cards 12 size 40 Howl #buckets 4 coarsen threshold 1843 Howl Bitmap #cards 512 size 80 coarsen threshold 460 Card regions per heap region 1 cards per card region 2048
 CPUs: 4 total, 4 available
 Memory: 8113M
 Large Page Support: Disabled
 NUMA Support: Disabled
 Compressed Oops: Enabled (32-bit)
 Heap Region Size: 1M
 Heap Min Capacity: 8M
 Heap Initial Capacity: 128M
 Heap Max Capacity: 2030M
 Pre-touch: Disabled
 Parallel Workers: 4
 Concurrent Workers: 1
 Concurrent Refinement Workers: 4
 Periodic GC: Disabled

Heap:
 garbage-first heap   total 131072K, used 79509K [0x0000000081200000, 0x0000000100000000)
  region size 1024K, 4 young (4096K), 2 survivors (2048K)
 Metaspace       used 10784K, committed 11072K, reserved 1114112K
  class space    used 1307K, committed 1472K, reserved 1048576K

Heap Regions: E=young(eden), S=young(survivor), O=old, HS=humongous(starts), HC=humongous(continues), CS=collection set, F=free, OA=open archive, CA=closed archive, TAMS=top-at-mark-start, PB=parsable bottom
|   0|0x0000000081200000, 0x0000000081300000, 0x0000000081300000|100%|HS|  |TAMS 0x0000000081300000| PB 0x0000000081200000| Complete 
|   1|0x0000000081300000, 0x0000000081400000, 0x0000000081400000|100%|HC|  |TAMS 0x0000000081400000| PB 0x0000000081300000| Complete 
|   2|0x0000000081400000, 0x0000000081500000, 0x0000000081500000|100%|HC|  |TAMS 0x0000000081500000| PB 0x0000000081400000| Complete 
|   3|0x0000000081500000, 0x0000000081600000, 0x0000000081600000|100%|HC|  |TAMS 0x0000000081600000| PB 0x0000000081500000| Complete 
|   4|0x0000000081600000, 0x0000000081700000, 0x0000000081700000|100%|HC|  |TAMS 0x0000000081700000| PB 0x0000000081600000| Complete 
|   5|0x0000000081700000, 0x0000000081800000, 0x0000000081800000|100%|HC|  |TAMS 0x0000000081800000| PB 0x0000000081700000| Complete 
|   6|0x0000000081800000, 0x0000000081900000, 0x0000000081900000|100%|HC|  |TAMS 0x0000000081900000| PB 0x0000000081800000| Complete 
|   7|0x0000000081900000, 0x0000000081a00000, 0x0000000081a00000|100%|HC|  |TAMS 0x0000000081a00000| PB 0x0000000081900000| Complete 
|   8|0x0000000081a00000, 0x0000000081b00000, 0x0000000081b00000|100%|HC|  |TAMS 0x0000000081b00000| PB 0x0000000081a00000| Complete 
|   9|0x0000000081b00000, 0x0000000081c00000, 0x0000000081c00000|100%|HC|  |TAMS 0x0000000081c00000| PB 0x0000000081b00000| Complete 
|  10|0x0000000081c00000, 0x0000000081d00000, 0x0000000081d00000|100%|HC|  |TAMS 0x0000000081d00000| PB 0x0000000081c00000| Complete 
|  11|0x0000000081d00000, 0x0000000081e00000, 0x0000000081e00000|100%|HC|  |TAMS 0x0000000081e00000| PB 0x0000000081d00000| Complete 
|  12|0x0000000081e00000, 0x0000000081f00000, 0x0000000081f00000|100%|HC|  |TAMS 0x0000000081f00000| PB 0x0000000081e00000| Complete 
|  13|0x0000000081f00000, 0x0000000082000000, 0x0000000082000000|100%|HC|  |TAMS 0x0000000082000000| PB 0x0000000081f00000| Complete 
|  14|0x0000000082000000, 0x0000000082100000, 0x0000000082100000|100%|HC|  |TAMS 0x0000000082100000| PB 0x0000000082000000| Complete 
|  15|0x0000000082100000, 0x0000000082200000, 0x0000000082200000|100%|HC|  |TAMS 0x0000000082200000| PB 0x0000000082100000| Complete 
|  16|0x0000000082200000, 0x0000000082300000, 0x0000000082300000|100%|HC|  |TAMS 0x0000000082300000| PB 0x0000000082200000| Complete 
|  17|0x0000000082300000, 0x0000000082400000, 0x0000000082400000|100%|HC|  |TAMS 0x0000000082400000| PB 0x0000000082300000| Complete 
|  18|0x0000000082400000, 0x0000000082500000, 0x0000000082500000|100%|HC|  |TAMS 0x0000000082500000| PB 0x0000000082400000| Complete 
|  19|0x0000000082500000, 0x0000000082600000, 0x0000000082600000|100%|HC|  |TAMS 0x0000000082600000| PB 0x0000000082500000| Complete 
|  20|0x0000000082600000, 0x0000000082700000, 0x0000000082700000|100%|HC|  |TAMS 0x0000000082700000| PB 0x0000000082600000| Complete 
|  21|0x0000000082700000, 0x0000000082800000, 0x0000000082800000|100%|HC|  |TAMS 0x0000000082800000| PB 0x0000000082700000| Complete 
|  22|0x0000000082800000, 0x0000000082900000, 0x0000000082900000|100%|HC|  |TAMS 0x0000000082900000| PB 0x0000000082800000| Complete 
|  23|0x0000000082900000, 0x0000000082a00000, 0x0000000082a00000|100%|HC|  |TAMS 0x0000000082a00000| PB 0x0000000082900000| Complete 
|  24|0x0000000082a00000, 0x0000000082b00000, 0x0000000082b00000|100%|HC|  |TAMS 0x0000000082b00000| PB 0x0000000082a00000| Complete 
|  25|0x0000000082b00000, 0x0000000082c00000, 0x0000000082c00000|100%|HC|  |TAMS 0x0000000082c00000| PB 0x0000000082b00000| Complete 
|  26|0x0000000082c00000, 0x0000000082d00000, 0x0000000082d00000|100%|HC|  |TAMS 0x0000000082d00000| PB 0x0000000082c00000| Complete 
|  27|0x0000000082d00000, 0x0000000082e00000, 0x0000000082e00000|100%|HC|  |TAMS 0x0000000082e00000| PB 0x0000000082d00000| Complete 
|  28|0x0000000082e00000, 0x0000000082f00000, 0x0000000082f00000|100%|HC|  |TAMS 0x0000000082f00000| PB 0x0000000082e00000| Complete 
|  29|0x0000000082f00000, 0x0000000083000000, 0x0000000083000000|100%|HC|  |TAMS 0x0000000083000000| PB 0x0000000082f00000| Complete 
|  30|0x0000000083000000, 0x0000000083100000, 0x0000000083100000|100%|HC|  |TAMS 0x0000000083100000| PB 0x0000000083000000| Complete 
|  31|0x0000000083100000, 0x0000000083200000, 0x0000000083200000|100%|HC|  |TAMS 0x0000000083200000| PB 0x0000000083100000| Complete 
|  32|0x0000000083200000, 0x0000000083300000, 0x0000000083300000|100%| O|  |TAMS 0x0000000083300000| PB 0x0000000083300000| Untracked 
|  33|0x0000000083300000, 0x0000000083400000, 0x0000000083400000|100%| O|  |TAMS 0x0000000083400000| PB 0x0000000083400000| Untracked 
|  34|0x0000000083400000, 0x0000000083487c00, 0x0000000083500000| 53%| O|  |TAMS 0x0000000083487c00| PB 0x0000000083487c00| Updating 
|  35|0x0000000083500000, 0x0000000083600000, 0x0000000083600000|100%|HS|  |TAMS 0x0000000083600000| PB 0x0000000083500000| Complete 
|  36|0x0000000083600000, 0x0000000083700000, 0x0000000083700000|100%|HC|  |TAMS 0x0000000083700000| PB 0x0000000083600000| Complete 
|  37|0x0000000083700000, 0x0000000083800000, 0x0000000083800000|100%|HC|  |TAMS 0x0000000083800000| PB 0x0000000083700000| Complete 
|  38|0x0000000083800000, 0x0000000083900000, 0x0000000083900000|100%|HC|  |TAMS 0x0000000083900000| PB 0x0000000083800000| Complete 
|  39|0x0000000083900000, 0x0000000083a00000, 0x0000000083a00000|100%|HC|  |TAMS 0x0000000083a00000| PB 0x0000000083900000| Complete 
|  40|0x0000000083a00000, 0x0000000083b00000, 0x0000000083b00000|100%|HS|  |TAMS 0x0000000083b00000| PB 0x0000000083a00000| Complete 
|  41|0x0000000083b00000, 0x0000000083c00000, 0x0000000083c00000|100%|HC|  |TAMS 0x0000000083c00000| PB 0x0000000083b00000| Complete 
|  42|0x0000000083c00000, 0x0000000083d00000, 0x0000000083d00000|100%|HC|  |TAMS 0x0000000083d00000| PB 0x0000000083c00000| Complete 
|  43|0x0000000083d00000, 0x0000000083e00000, 0x0000000083e00000|100%|HC|  |TAMS 0x0000000083e00000| PB 0x0000000083d00000| Complete 
|  44|0x0000000083e00000, 0x0000000083f00000, 0x0000000083f00000|100%|HC|  |TAMS 0x0000000083f00000| PB 0x0000000083e00000| Complete 
|  45|0x0000000083f00000, 0x0000000084000000, 0x0000000084000000|100%|HC|  |TAMS 0x0000000084000000| PB 0x0000000083f00000| Complete 
|  46|0x0000000084000000, 0x0000000084100000, 0x0000000084100000|100%|HC|  |TAMS 0x0000000084100000| PB 0x0000000084000000| Complete 
|  47|0x0000000084100000, 0x0000000084200000, 0x0000000084200000|100%|HC|  |TAMS 0x0000000084200000| PB 0x0000000084100000| Complete 
|  48|0x0000000084200000, 0x0000000084300000, 0x0000000084300000|100%|HC|  |TAMS 0x0000000084300000| PB 0x0000000084200000| Complete 
|  49|0x0000000084300000, 0x0000000084400000, 0x0000000084400000|100%|HC|  |TAMS 0x0000000084400000| PB 0x0000000084300000| Complete 
|  50|0x0000000084400000, 0x0000000084500000, 0x0000000084500000|100%|HC|  |TAMS 0x0000000084500000| PB 0x0000000084400000| Complete 
|  51|0x0000000084500000, 0x0000000084600000, 0x0000000084600000|100%|HC|  |TAMS 0x0000000084600000| PB 0x0000000084500000| Complete 
|  52|0x0000000084600000, 0x0000000084700000, 0x0000000084700000|100%|HC|  |TAMS 0x0000000084700000| PB 0x0000000084600000| Complete 
|  53|0x0000000084700000, 0x0000000084800000, 0x0000000084800000|100%|HC|  |TAMS 0x0000000084800000| PB 0x0000000084700000| Complete 
|  54|0x0000000084800000, 0x0000000084900000, 0x0000000084900000|100%|HC|  |TAMS 0x0000000084900000| PB 0x0000000084800000| Complete 
|  55|0x0000000084900000, 0x0000000084a00000, 0x0000000084a00000|100%|HC|  |TAMS 0x0000000084a00000| PB 0x0000000084900000| Complete 
|  56|0x0000000084a00000, 0x0000000084b00000, 0x0000000084b00000|100%|HC|  |TAMS 0x0000000084b00000| PB 0x0000000084a00000| Complete 
|  57|0x0000000084b00000, 0x0000000084c00000, 0x0000000084c00000|100%|HC|  |TAMS 0x0000000084c00000| PB 0x0000000084b00000| Complete 
|  58|0x0000000084c00000, 0x0000000084d00000, 0x0000000084d00000|100%|HS|  |TAMS 0x0000000084c00000| PB 0x0000000084c00000| Complete 
|  59|0x0000000084d00000, 0x0000000084e00000, 0x0000000084e00000|100%|HC|  |TAMS 0x0000000084d00000| PB 0x0000000084d00000| Complete 
|  60|0x0000000084e00000, 0x0000000084f00000, 0x0000000084f00000|100%|HC|  |TAMS 0x0000000084e00000| PB 0x0000000084e00000| Complete 
|  61|0x0000000084f00000, 0x0000000085000000, 0x0000000085000000|100%|HC|  |TAMS 0x0000000084f00000| PB 0x0000000084f00000| Complete 
|  62|0x0000000085000000, 0x0000000085100000, 0x0000000085100000|100%|HC|  |TAMS 0x0000000085000000| PB 0x0000000085000000| Complete 
|  63|0x0000000085100000, 0x0000000085200000, 0x0000000085200000|100%|HC|  |TAMS 0x0000000085100000| PB 0x0000000085100000| Complete 
|  64|0x0000000085200000, 0x0000000085300000, 0x0000000085300000|100%|HC|  |TAMS 0x0000000085200000| PB 0x0000000085200000| Complete 
|  65|0x0000000085300000, 0x0000000085400000, 0x0000000085400000|100%|HC|  |TAMS 0x0000000085300000| PB 0x0000000085300000| Complete 
|  66|0x0000000085400000, 0x0000000085500000, 0x0000000085500000|100%|HC|  |TAMS 0x0000000085400000| PB 0x0000000085400000| Complete 
|  67|0x0000000085500000, 0x0000000085600000, 0x0000000085600000|100%|HC|  |TAMS 0x0000000085500000| PB 0x0000000085500000| Complete 
|  68|0x0000000085600000, 0x0000000085700000, 0x0000000085700000|100%|HC|  |TAMS 0x0000000085600000| PB 0x0000000085600000| Complete 
|  69|0x0000000085700000, 0x0000000085800000, 0x0000000085800000|100%|HC|  |TAMS 0x0000000085700000| PB 0x0000000085700000| Complete 
|  70|0x0000000085800000, 0x0000000085900000, 0x0000000085900000|100%|HC|  |TAMS 0x0000000085800000| PB 0x0000000085800000| Complete 
|  71|0x0000000085900000, 0x0000000085a00000, 0x0000000085a00000|100%|HC|  |TAMS 0x0000000085900000| PB 0x0000000085900000| Complete 
|  72|0x0000000085a00000, 0x0000000085b00000, 0x0000000085b00000|100%|HC|  |TAMS 0x0000000085a00000| PB 0x0000000085a00000| Complete 
|  73|0x0000000085b00000, 0x0000000085c00000, 0x0000000085c00000|100%|HC|  |TAMS 0x0000000085b00000| PB 0x0000000085b00000| Complete 
|  74|0x0000000085c00000, 0x0000000085d00000, 0x0000000085d00000|100%|HC|  |TAMS 0x0000000085c00000| PB 0x0000000085c00000| Complete 
|  75|0x0000000085d00000, 0x0000000085e00000, 0x0000000085e00000|100%|HC|  |TAMS 0x0000000085d00000| PB 0x0000000085d00000| Complete 
|  76|0x0000000085e00000, 0x0000000085e00000, 0x0000000085f00000|  0%| F|  |TAMS 0x0000000085e00000| PB 0x0000000085e00000| Untracked 
|  77|0x0000000085f00000, 0x0000000085f00000, 0x0000000086000000|  0%| F|  |TAMS 0x0000000085f00000| PB 0x0000000085f00000| Untracked 
|  78|0x0000000086000000, 0x0000000086000000, 0x0000000086100000|  0%| F|  |TAMS 0x0000000086000000| PB 0x0000000086000000| Untracked 
|  79|0x0000000086100000, 0x0000000086100000, 0x0000000086200000|  0%| F|  |TAMS 0x0000000086100000| PB 0x0000000086100000| Untracked 
|  80|0x0000000086200000, 0x0000000086200000, 0x0000000086300000|  0%| F|  |TAMS 0x0000000086200000| PB 0x0000000086200000| Untracked 
|  81|0x0000000086300000, 0x0000000086300000, 0x0000000086400000|  0%| F|  |TAMS 0x0000000086300000| PB 0x0000000086300000| Untracked 
|  82|0x0000000086400000, 0x0000000086400000, 0x0000000086500000|  0%| F|  |TAMS 0x0000000086400000| PB 0x0000000086400000| Untracked 
|  83|0x0000000086500000, 0x0000000086500000, 0x0000000086600000|  0%| F|  |TAMS 0x0000000086500000| PB 0x0000000086500000| Untracked 
|  84|0x0000000086600000, 0x0000000086600000, 0x0000000086700000|  0%| F|  |TAMS 0x0000000086600000| PB 0x0000000086600000| Untracked 
|  85|0x0000000086700000, 0x0000000086700000, 0x0000000086800000|  0%| F|  |TAMS 0x0000000086700000| PB 0x0000000086700000| Untracked 
|  86|0x0000000086800000, 0x0000000086800000, 0x0000000086900000|  0%| F|  |TAMS 0x0000000086800000| PB 0x0000000086800000| Untracked 
|  87|0x0000000086900000, 0x0000000086900000, 0x0000000086a00000|  0%| F|  |TAMS 0x0000000086900000| PB 0x0000000086900000| Untracked 
|  88|0x0000000086a00000, 0x0000000086a00000, 0x0000000086b00000|  0%| F|  |TAMS 0x0000000086a00000| PB 0x0000000086a00000| Untracked 
|  89|0x0000000086b00000, 0x0000000086b1dbc8, 0x0000000086c00000| 11%| S|CS|TAMS 0x0000000086b00000| PB 0x0000000086b00000| Complete 
|  90|0x0000000086c00000, 0x0000000086d00000, 0x0000000086d00000|100%| S|CS|TAMS 0x0000000086c00000| PB 0x0000000086c00000| Complete 
|  91|0x0000000086d00000, 0x0000000086d00000, 0x0000000086e00000|  0%| F|  |TAMS 0x0000000086d00000| PB 0x0000000086d00000| Untracked 
|  92|0x0000000086e00000, 0x0000000086e00000, 0x0000000086f00000|  0%| F|  |TAMS 0x0000000086e00000| PB 0x0000000086e00000| Untracked 
|  93|0x0000000086f00000, 0x0000000086f00000, 0x0000000087000000|  0%| F|  |TAMS 0x0000000086f00000| PB 0x0000000086f00000| Untracked 
|  94|0x0000000087000000, 0x0000000087000000, 0x0000000087100000|  0%| F|  |TAMS 0x0000000087000000| PB 0x0000000087000000| Untracked 
|  95|0x0000000087100000, 0x0000000087100000, 0x0000000087200000|  0%| F|  |TAMS 0x0000000087100000| PB 0x0000000087100000| Untracked 
|  96|0x0000000087200000, 0x0000000087200000, 0x0000000087300000|  0%| F|  |TAMS 0x0000000087200000| PB 0x0000000087200000| Untracked 
|  97|0x0000000087300000, 0x0000000087300000, 0x0000000087400000|  0%| F|  |TAMS 0x0000000087300000| PB 0x0000000087300000| Untracked 
|  98|0x0000000087400000, 0x0000000087400000, 0x0000000087500000|  0%| F|  |TAMS 0x0000000087400000| PB 0x0000000087400000| Untracked 
|  99|0x0000000087500000, 0x0000000087500000, 0x0000000087600000|  0%| F|  |TAMS 0x0000000087500000| PB 0x0000000087500000| Untracked 
| 100|0x0000000087600000, 0x0000000087600000, 0x0000000087700000|  0%| F|  |TAMS 0x0000000087600000| PB 0x0000000087600000| Untracked 
| 101|0x0000000087700000, 0x0000000087700000, 0x0000000087800000|  0%| F|  |TAMS 0x0000000087700000| PB 0x0000000087700000| Untracked 
| 102|0x0000000087800000, 0x0000000087800000, 0x0000000087900000|  0%| F|  |TAMS 0x0000000087800000| PB 0x0000000087800000| Untracked 
| 103|0x0000000087900000, 0x0000000087900000, 0x0000000087a00000|  0%| F|  |TAMS 0x0000000087900000| PB 0x0000000087900000| Untracked 
| 104|0x0000000087a00000, 0x0000000087a00000, 0x0000000087b00000|  0%| F|  |TAMS 0x0000000087a00000| PB 0x0000000087a00000| Untracked 
| 105|0x0000000087b00000, 0x0000000087b00000, 0x0000000087c00000|  0%| F|  |TAMS 0x0000000087b00000| PB 0x0000000087b00000| Untracked 
| 106|0x0000000087c00000, 0x0000000087c00000, 0x0000000087d00000|  0%| F|  |TAMS 0x0000000087c00000| PB 0x0000000087c00000| Untracked 
| 107|0x0000000087d00000, 0x0000000087d00000, 0x0000000087e00000|  0%| F|  |TAMS 0x0000000087d00000| PB 0x0000000087d00000| Untracked 
| 108|0x0000000087e00000, 0x0000000087e00000, 0x0000000087f00000|  0%| F|  |TAMS 0x0000000087e00000| PB 0x0000000087e00000| Untracked 
| 109|0x0000000087f00000, 0x0000000087f00000, 0x0000000088000000|  0%| F|  |TAMS 0x0000000087f00000| PB 0x0000000087f00000| Untracked 
| 110|0x0000000088000000, 0x0000000088000000, 0x0000000088100000|  0%| F|  |TAMS 0x0000000088000000| PB 0x0000000088000000| Untracked 
| 111|0x0000000088100000, 0x0000000088100000, 0x0000000088200000|  0%| F|  |TAMS 0x0000000088100000| PB 0x0000000088100000| Untracked 
| 112|0x0000000088200000, 0x0000000088200000, 0x0000000088300000|  0%| F|  |TAMS 0x0000000088200000| PB 0x0000000088200000| Untracked 
| 113|0x0000000088300000, 0x0000000088300000, 0x0000000088400000|  0%| F|  |TAMS 0x0000000088300000| PB 0x0000000088300000| Untracked 
| 114|0x0000000088400000, 0x0000000088400000, 0x0000000088500000|  0%| F|  |TAMS 0x0000000088400000| PB 0x0000000088400000| Untracked 
| 115|0x0000000088500000, 0x0000000088500000, 0x0000000088600000|  0%| F|  |TAMS 0x0000000088500000| PB 0x0000000088500000| Untracked 
| 116|0x0000000088600000, 0x0000000088600000, 0x0000000088700000|  0%| F|  |TAMS 0x0000000088600000| PB 0x0000000088600000| Untracked 
| 117|0x0000000088700000, 0x0000000088700000, 0x0000000088800000|  0%| F|  |TAMS 0x0000000088700000| PB 0x0000000088700000| Untracked 
| 118|0x0000000088800000, 0x0000000088800000, 0x0000000088900000|  0%| F|  |TAMS 0x0000000088800000| PB 0x0000000088800000| Untracked 
| 119|0x0000000088900000, 0x0000000088900000, 0x0000000088a00000|  0%| F|  |TAMS 0x0000000088900000| PB 0x0000000088900000| Untracked 
| 120|0x0000000088a00000, 0x0000000088a00000, 0x0000000088b00000|  0%| F|  |TAMS 0x0000000088a00000| PB 0x0000000088a00000| Untracked 
| 121|0x0000000088b00000, 0x0000000088b00000, 0x0000000088c00000|  0%| F|  |TAMS 0x0000000088b00000| PB 0x0000000088b00000| Untracked 
| 122|0x0000000088c00000, 0x0000000088c00000, 0x0000000088d00000|  0%| F|  |TAMS 0x0000000088c00000| PB 0x0000000088c00000| Untracked 
| 123|0x0000000088d00000, 0x0000000088d00000, 0x0000000088e00000|  0%| F|  |TAMS 0x0000000088d00000| PB 0x0000000088d00000| Untracked 
| 124|0x0000000088e00000, 0x0000000088e00000, 0x0000000088f00000|  0%| F|  |TAMS 0x0000000088e00000| PB 0x0000000088e00000| Untracked 
| 125|0x0000000088f00000, 0x0000000088f00000, 0x0000000089000000|  0%| F|  |TAMS 0x0000000088f00000| PB 0x0000000088f00000| Untracked 
| 126|0x0000000089000000, 0x0000000089000800, 0x0000000089100000|  0%| E|  |TAMS 0x0000000089000000| PB 0x0000000089000000| Complete 
| 127|0x0000000089100000, 0x0000000089200000, 0x0000000089200000|100%| E|CS|TAMS 0x0000000089100000| PB 0x0000000089100000| Complete 

Card table byte_map: [0x000001a875bd0000,0x000001a875fd0000] _byte_map_base: 0x000001a8757c7000

Marking Bits: (CMBitMap*) 0x000001a85e760150
 Bits: [0x000001a8763d0000, 0x000001a878388000)

Polling page: 0x000001a85c6f0000

Metaspace:

Usage:
  Non-class:      9.26 MB used.
      Class:      1.28 MB used.
       Both:     10.53 MB used.

Virtual space:
  Non-class space:       64.00 MB reserved,       9.38 MB ( 15%) committed,  1 nodes.
      Class space:        1.00 GB reserved,       1.44 MB ( <1%) committed,  1 nodes.
             Both:        1.06 GB reserved,      10.81 MB ( <1%) committed. 

Chunk freelists:
   Non-Class:  2.48 MB
       Class:  2.55 MB
        Both:  5.03 MB

MaxMetaspaceSize: unlimited
CompressedClassSpaceSize: 1.00 GB
Initial GC threshold: 21.00 MB
Current GC threshold: 21.00 MB
CDS: on
MetaspaceReclaimPolicy: balanced
 - commit_granule_bytes: 65536.
 - commit_granule_words: 8192.
 - virtual_space_node_default_size: 8388608.
 - enlarge_chunks_in_place: 1.
 - new_chunks_are_fully_committed: 0.
 - uncommit_free_chunks: 1.
 - use_allocation_guard: 0.


Internal statistics:

num_allocs_failed_limit: 0.
num_arena_births: 172.
num_arena_deaths: 0.
num_vsnodes_births: 2.
num_vsnodes_deaths: 0.
num_space_committed: 173.
num_space_uncommitted: 0.
num_chunks_returned_to_freelist: 0.
num_chunks_taken_from_freelist: 236.
num_chunk_merges: 0.
num_chunk_splits: 135.
num_chunks_enlarged: 58.
num_inconsistent_stats: 0.

CodeHeap 'non-profiled nmethods': size=120000Kb used=520Kb max_used=520Kb free=119479Kb
 bounds [0x000001a86e2a0000, 0x000001a86e510000, 0x000001a8757d0000]
CodeHeap 'profiled nmethods': size=120000Kb used=2675Kb max_used=2675Kb free=117324Kb
 bounds [0x000001a8667d0000, 0x000001a866a70000, 0x000001a86dd00000]
CodeHeap 'non-nmethods': size=5760Kb used=1653Kb max_used=1688Kb free=4106Kb
 bounds [0x000001a86dd00000, 0x000001a86df70000, 0x000001a86e2a0000]
 total_blobs=2316 nmethods=1662 adapters=564
 compilation: enabled
              stopped_count=0, restarted_count=0
 full_count=0

Compilation events (20 events):
Event: 6.760 Thread 0x000001a87a88db00 1652   !   3       java.awt.DefaultKeyboardFocusManager::dispatchEvent (1625 bytes)
Event: 6.802 Thread 0x000001a87a88db00 nmethod 1652 0x000001a866a51310 code [0x000001a866a52880, 0x000001a866a63e18]
Event: 6.804 Thread 0x000001a87a88db00 1653       3       java.awt.Toolkit::notifyAWTEventListeners (36 bytes)
Event: 6.804 Thread 0x000001a87a88db00 nmethod 1653 0x000001a866a68a90 code [0x000001a866a68c60, 0x000001a866a69230]
Event: 6.804 Thread 0x000001a87a88db00 1654       3       java.awt.Component::areInputMethodsEnabled (39 bytes)
Event: 6.804 Thread 0x000001a87a88db00 nmethod 1654 0x000001a866a69390 code [0x000001a866a69520, 0x000001a866a69738]
Event: 7.152 Thread 0x000001a87a88db00 1655   !   3       sun.awt.AWTAutoShutdown::notifyThreadBusy (88 bytes)
Event: 7.153 Thread 0x000001a87a88db00 nmethod 1655 0x000001a866a69810 code [0x000001a866a69a00, 0x000001a866a69fa0]
Event: 7.153 Thread 0x000001a87a88db00 1656       3       java.util.HashSet::remove (20 bytes)
Event: 7.154 Thread 0x000001a87a88db00 nmethod 1656 0x000001a866a6a290 code [0x000001a866a6a420, 0x000001a866a6a648]
Event: 7.192 Thread 0x000001a87a88db00 1657   !   3       java.lang.ref.ReferenceQueue::enqueue (32 bytes)
Event: 7.193 Thread 0x000001a87a88db00 nmethod 1657 0x000001a866a6a710 code [0x000001a866a6a940, 0x000001a866a6b268]
Event: 7.193 Thread 0x000001a87a88db00 1658       3       java.lang.ref.ReferenceQueue::signal (10 bytes)
Event: 7.193 Thread 0x000001a87a88db00 nmethod 1658 0x000001a866a6b610 code [0x000001a866a6b7e0, 0x000001a866a6bbe8]
Event: 7.193 Thread 0x000001a87a88db00 1661       3       java.lang.ref.Reference::clear (5 bytes)
Event: 7.194 Thread 0x000001a87a88db00 nmethod 1661 0x000001a866a6bd90 code [0x000001a866a6bf20, 0x000001a866a6c058]
Event: 7.194 Thread 0x000001a87a88db00 1660   !   3       jdk.internal.ref.PhantomCleanable::remove (60 bytes)
Event: 7.194 Thread 0x000001a87a88db00 nmethod 1660 0x000001a866a6c110 code [0x000001a866a6c2c0, 0x000001a866a6c6f0]
Event: 7.196 Thread 0x000001a87a88db00 1662       3       java.awt.event.InvocationEvent::<init> (47 bytes)
Event: 7.196 Thread 0x000001a87a88db00 nmethod 1662 0x000001a866a6c890 code [0x000001a866a6ca40, 0x000001a866a6cd50]

GC Heap History (6 events):
Event: 1.046 GC heap before
{Heap before GC invocations=0 (full 0):
 garbage-first heap   total 131072K, used 45056K [0x0000000081200000, 0x0000000100000000)
  region size 1024K, 13 young (13312K), 0 survivors (0K)
 Metaspace       used 4716K, committed 4928K, reserved 1114112K
  class space    used 482K, committed 640K, reserved 1048576K
}
Event: 1.059 GC heap after
{Heap after GC invocations=1 (full 0):
 garbage-first heap   total 131072K, used 35326K [0x0000000081200000, 0x0000000100000000)
  region size 1024K, 2 young (2048K), 2 survivors (2048K)
 Metaspace       used 4716K, committed 4928K, reserved 1114112K
  class space    used 482K, committed 640K, reserved 1048576K
}
Event: 1.220 GC heap before
{Heap before GC invocations=1 (full 0):
 garbage-first heap   total 131072K, used 49662K [0x0000000081200000, 0x0000000100000000)
  region size 1024K, 17 young (17408K), 2 survivors (2048K)
 Metaspace       used 4718K, committed 4928K, reserved 1114112K
  class space    used 482K, committed 640K, reserved 1048576K
}
Event: 1.227 GC heap after
{Heap after GC invocations=2 (full 0):
 garbage-first heap   total 131072K, used 35549K [0x0000000081200000, 0x0000000100000000)
  region size 1024K, 1 young (1024K), 1 survivors (1024K)
 Metaspace       used 4718K, committed 4928K, reserved 1114112K
  class space    used 482K, committed 640K, reserved 1048576K
}
Event: 7.158 GC heap before
{Heap before GC invocations=2 (full 0):
 garbage-first heap   total 131072K, used 93917K [0x0000000081200000, 0x0000000100000000)
  region size 1024K, 37 young (37888K), 1 survivors (1024K)
 Metaspace       used 10782K, committed 11072K, reserved 1114112K
  class space    used 1307K, committed 1472K, reserved 1048576K
}
Event: 7.176 GC heap after
{Heap after GC invocations=3 (full 0):
 garbage-first heap   total 131072K, used 60053K [0x0000000081200000, 0x0000000100000000)
  region size 1024K, 2 young (2048K), 2 survivors (2048K)
 Metaspace       used 10782K, committed 11072K, reserved 1114112K
  class space    used 1307K, committed 1472K, reserved 1048576K
}

Dll operation events (11 events):
Event: 0.018 Loaded shared library C:\Program Files\Java\jdk-20\bin\java.dll
Event: 0.048 Loaded shared library C:\Program Files\Java\jdk-20\bin\jsvml.dll
Event: 0.148 Loaded shared library C:\Program Files\Java\jdk-20\bin\net.dll
Event: 0.152 Loaded shared library C:\Program Files\Java\jdk-20\bin\nio.dll
Event: 0.276 Loaded shared library C:\Program Files\Java\jdk-20\bin\zip.dll
Event: 0.308 Loaded shared library C:\Program Files\Java\jdk-20\bin\jimage.dll
Event: 0.337 Loaded shared library C:\Program Files\Java\jdk-20\bin\awt.dll
Event: 0.814 Loaded shared library C:\Program Files\Java\jdk-20\bin\javajpeg.dll
Event: 2.448 Loaded shared library C:\Program Files\Java\jdk-20\bin\freetype.dll
Event: 2.451 Loaded shared library C:\Program Files\Java\jdk-20\bin\fontmanager.dll
Event: 5.120 Loaded shared library C:\Program Files\Java\jdk-20\bin\verify.dll

Deoptimization events (20 events):
Event: 5.104 Thread 0x000001a84233df90 DEOPT PACKING pc=0x000001a86e2ec13c sp=0x00000027364fd7c0
Event: 5.104 Thread 0x000001a84233df90 DEOPT UNPACKING pc=0x000001a86dd69d22 sp=0x00000027364fd6c8 mode 2
Event: 5.109 Thread 0x000001a84233df90 Uncommon trap: trap_request=0xffffffc6 fr.pc=0x000001a86e2e9ec4 relative=0x0000000000000304
Event: 5.109 Thread 0x000001a84233df90 Uncommon trap: reason=bimorphic_or_optimized_type_check action=maybe_recompile pc=0x000001a86e2e9ec4 method=java.util.HashMap.getNode(Ljava/lang/Object;)Ljava/util/HashMap$Node; @ 63 c2
Event: 5.109 Thread 0x000001a84233df90 DEOPT PACKING pc=0x000001a86e2e9ec4 sp=0x00000027364fda90
Event: 5.109 Thread 0x000001a84233df90 DEOPT UNPACKING pc=0x000001a86dd69d22 sp=0x00000027364fd9f8 mode 2
Event: 5.109 Thread 0x000001a84233df90 Uncommon trap: trap_request=0xffffff45 fr.pc=0x000001a86e2c762c relative=0x00000000000000ac
Event: 5.109 Thread 0x000001a84233df90 Uncommon trap: reason=unstable_if action=reinterpret pc=0x000001a86e2c762c method=java.util.HashMap.hash(Ljava/lang/Object;)I @ 1 c2
Event: 5.109 Thread 0x000001a84233df90 DEOPT PACKING pc=0x000001a86e2c762c sp=0x00000027364fdbd0
Event: 5.109 Thread 0x000001a84233df90 DEOPT UNPACKING pc=0x000001a86dd69d22 sp=0x00000027364fdb68 mode 2
Event: 5.147 Thread 0x000001a84233df90 DEOPT PACKING pc=0x000001a8667e6bd7 sp=0x00000027364f9790
Event: 5.147 Thread 0x000001a84233df90 DEOPT UNPACKING pc=0x000001a86dd6a4c2 sp=0x00000027364f8bb0 mode 0
Event: 5.187 Thread 0x000001a84233df90 Uncommon trap: trap_request=0xffffff45 fr.pc=0x000001a86e2d43b0 relative=0x0000000000000750
Event: 5.187 Thread 0x000001a84233df90 Uncommon trap: reason=unstable_if action=reinterpret pc=0x000001a86e2d43b0 method=java.util.regex.Pattern$BmpCharPropertyGreedy.match(Ljava/util/regex/Matcher;ILjava/lang/CharSequence;)Z @ 12 c2
Event: 5.188 Thread 0x000001a84233df90 DEOPT PACKING pc=0x000001a86e2d43b0 sp=0x00000027364fcf30
Event: 5.188 Thread 0x000001a84233df90 DEOPT UNPACKING pc=0x000001a86dd69d22 sp=0x00000027364fce08 mode 2
Event: 5.659 Thread 0x000001a84233df90 Uncommon trap: trap_request=0xffffff45 fr.pc=0x000001a86e2d73d4 relative=0x00000000000000d4
Event: 5.659 Thread 0x000001a84233df90 Uncommon trap: reason=unstable_if action=reinterpret pc=0x000001a86e2d73d4 method=java.util.concurrent.locks.ReentrantLock$Sync.tryRelease(I)Z @ 26 c2
Event: 5.659 Thread 0x000001a84233df90 DEOPT PACKING pc=0x000001a86e2d73d4 sp=0x00000027364fe340
Event: 5.659 Thread 0x000001a84233df90 DEOPT UNPACKING pc=0x000001a86dd69d22 sp=0x00000027364fe2e0 mode 2

Classes loaded (20 events):
Event: 5.537 Loading class sun/awt/geom/PathConsumer2D done
Event: 5.537 Loading class sun/java2d/pipe/ShapeSpanIterator done
Event: 5.538 Loading class java/awt/geom/Path2D$Float$TxIterator
Event: 5.538 Loading class java/awt/geom/Path2D$Iterator
Event: 5.538 Loading class java/awt/geom/PathIterator
Event: 5.538 Loading class java/awt/geom/PathIterator done
Event: 5.538 Loading class java/awt/geom/Path2D$Iterator done
Event: 5.538 Loading class java/awt/geom/Path2D$Float$TxIterator done
Event: 5.638 Loading class javax/swing/event/AncestorEvent
Event: 5.638 Loading class javax/swing/event/AncestorEvent done
Event: 5.657 Loading class javax/swing/text/JTextComponent$InputMethodRequestsHandler
Event: 5.658 Loading class javax/swing/text/JTextComponent$InputMethodRequestsHandler done
Event: 5.659 Loading class javax/swing/TimerQueue$DelayedTimer
Event: 5.659 Loading class java/util/concurrent/Delayed
Event: 5.660 Loading class java/util/concurrent/Delayed done
Event: 5.660 Loading class javax/swing/TimerQueue$DelayedTimer done
Event: 5.660 Loading class java/util/concurrent/TimeUnit$1
Event: 5.660 Loading class java/util/concurrent/TimeUnit$1 done
Event: 6.171 Loading class javax/swing/Timer$1
Event: 6.171 Loading class javax/swing/Timer$1 done

Classes unloaded (0 events):
No events

Classes redefined (0 events):
No events

Internal exceptions (17 events):
Event: 0.153 Thread 0x000001a85e7034a0 Exception <a 'sun/nio/fs/WindowsException'{0x00000000890405a0}> (0x00000000890405a0) 
thrown [s\open\src\hotspot\share\prims\jni.cpp, line 519]
Event: 0.156 Thread 0x000001a85e7034a0 Exception <a 'sun/nio/fs/WindowsException'{0x0000000089042b70}> (0x0000000089042b70) 
thrown [s\open\src\hotspot\share\prims\jni.cpp, line 519]
Event: 0.157 Thread 0x000001a85e7034a0 Exception <a 'sun/nio/fs/WindowsException'{0x00000000890862f0}> (0x00000000890862f0) 
thrown [s\open\src\hotspot\share\prims\jni.cpp, line 519]
Event: 0.318 Thread 0x000001a85e7034a0 Exception <a 'java/lang/ClassNotFoundException'{0x0000000088f64908}: sun/awt/resources/spi/awtProvider> (0x0000000088f64908) 
thrown [s\open\src\hotspot\share\classfile\systemDictionary.cpp, line 305]
Event: 0.363 Thread 0x000001a85e7034a0 Exception <a 'java/io/FileNotFoundException'{0x0000000088fbb2e0}> (0x0000000088fbb2e0) 
thrown [s\open\src\hotspot\share\prims\jni.cpp, line 519]
Event: 0.378 Thread 0x000001a85e7034a0 Exception <a 'java/io/FileNotFoundException'{0x0000000088fe5558}> (0x0000000088fe5558) 
thrown [s\open\src\hotspot\share\prims\jni.cpp, line 519]
Event: 0.520 Thread 0x000001a85e7034a0 Exception <a 'java/lang/NoSuchMethodError'{0x0000000088effa28}: 'void java.lang.invoke.DirectMethodHandle$Holder.invokeSpecial(java.lang.Object, java.lang.Object, java.lang.Object)'> (0x0000000088effa28) 
thrown [s\open\src\hotspot\share\interpreter\linkResolver.cpp, line 773]
Event: 0.537 Thread 0x000001a85e7034a0 Exception <a 'java/lang/NoSuchMethodError'{0x0000000088d2a7b8}: 'java.lang.Object java.lang.invoke.DirectMethodHandle$Holder.newInvokeSpecial(java.lang.Object, java.lang.Object, java.lang.Object, java.lang.Object, java.lang.Object)'> (0x0000000088d2a7b8) 
thrown [s\open\src\hotspot\share\interpreter\linkResolver.cpp, line 773]
Event: 0.552 Thread 0x000001a85e7034a0 Exception <a 'java/lang/NoSuchMethodError'{0x0000000088d5b2b0}: 'java.lang.Object java.lang.invoke.DirectMethodHandle$Holder.invokeStatic(java.lang.Object, int, java.lang.Object)'> (0x0000000088d5b2b0) 
thrown [s\open\src\hotspot\share\interpreter\linkResolver.cpp, line 773]
Event: 0.608 Thread 0x000001a85e7034a0 Exception <a 'java/lang/ClassNotFoundException'{0x0000000088c17230}: com/sun/swing/internal/plaf/metal/resources/spi/metalProvider> (0x0000000088c17230) 
thrown [s\open\src\hotspot\share\classfile\systemDictionary.cpp, line 305]
Event: 0.610 Thread 0x000001a85e7034a0 Exception <a 'java/lang/ClassNotFoundException'{0x0000000088c1b190}: com/sun/swing/internal/plaf/basic/resources/spi/basicProvider> (0x0000000088c1b190) 
thrown [s\open\src\hotspot\share\classfile\systemDictionary.cpp, line 305]
Event: 0.637 Thread 0x000001a85e7034a0 Exception <a 'java/lang/NoSuchMethodError'{0x0000000088c3a450}: 'int java.lang.invoke.Invokers$Holder.invokeExact_MT(java.lang.Object, java.lang.Object)'> (0x0000000088c3a450) 
thrown [s\open\src\hotspot\share\interpreter\linkResolver.cpp, line 773]
Event: 0.817 Thread 0x000001a87efab460 Exception <a 'java/lang/NoSuchMethodError'{0x0000000088be13b8}: 'java.lang.Object java.lang.invoke.DirectMethodHandle$Holder.newInvokeSpecial(java.lang.Object, java.lang.Object, java.lang.Object, int, int, int, int, int)'> (0x0000000088be13b8) 
thrown [s\open\src\hotspot\share\interpreter\linkResolver.cpp, line 773]
Event: 2.392 Thread 0x000001a87ef60890 Exception <a 'java/lang/NoSuchMethodError'{0x0000000087408c20}: 'void java.lang.invoke.DirectMethodHandle$Holder.invokeVirtual(java.lang.Object, java.lang.Object)'> (0x0000000087408c20) 
thrown [s\open\src\hotspot\share\interpreter\linkResolver.cpp, line 773]
Event: 2.438 Thread 0x000001a85e7034a0 Exception <a 'java/lang/NoSuchMethodError'{0x00000000874a63c8}: 'void java.lang.invoke.DirectMethodHandle$Holder.invokeStaticInit(java.lang.Object)'> (0x00000000874a63c8) 
thrown [s\open\src\hotspot\share\interpreter\linkResolver.cpp, line 773]
Event: 4.082 Thread 0x000001a84233df90 Exception <a 'java/lang/NoSuchMethodError'{0x00000000872a09d8}: 'void java.lang.invoke.DirectMethodHandle$Holder.invokeStatic(java.lang.Object, java.lang.Object)'> (0x00000000872a09d8) 
thrown [s\open\src\hotspot\share\interpreter\linkResolver.cpp, line 773]
Event: 5.109 Thread 0x000001a84233df90 Implicit null exception at 0x000001a86e2c75a0 to 0x000001a86e2c761d

VM Operations (20 events):
Event: 2.294 Executing VM operation: HandshakeAllThreads done
Event: 2.294 Executing VM operation: Cleanup
Event: 2.294 Executing VM operation: Cleanup done
Event: 3.299 Executing VM operation: Cleanup
Event: 3.299 Executing VM operation: Cleanup done
Event: 4.313 Executing VM operation: Cleanup
Event: 4.313 Executing VM operation: Cleanup done
Event: 5.062 Executing VM operation: HandshakeAllThreads
Event: 5.062 Executing VM operation: HandshakeAllThreads done
Event: 5.244 Executing VM operation: HandshakeAllThreads
Event: 5.244 Executing VM operation: HandshakeAllThreads done
Event: 5.370 Executing VM operation: HandshakeAllThreads
Event: 5.370 Executing VM operation: HandshakeAllThreads done
Event: 5.370 Executing VM operation: Cleanup
Event: 5.370 Executing VM operation: Cleanup done
Event: 6.375 Executing VM operation: Cleanup
Event: 6.375 Executing VM operation: Cleanup done
Event: 7.158 Executing VM operation: G1TryInitiateConcMark
Event: 7.185 Executing VM operation: G1TryInitiateConcMark done
Event: 7.196 Executing VM operation: G1PauseRemark

Events (20 events):
Event: 0.070 Thread 0x000001a87a87ec90 Thread added: 0x000001a87a87ec90
Event: 0.070 Thread 0x000001a87a87f5d0 Thread added: 0x000001a87a87f5d0
Event: 0.070 Thread 0x000001a87a880f20 Thread added: 0x000001a87a880f20
Event: 0.070 Thread 0x000001a87a881ae0 Thread added: 0x000001a87a881ae0
Event: 0.070 Thread 0x000001a87a882d60 Thread added: 0x000001a87a882d60
Event: 0.071 Thread 0x000001a87a88db00 Thread added: 0x000001a87a88db00
Event: 0.125 Thread 0x000001a87ecc8330 Thread added: 0x000001a87ecc8330
Event: 0.203 Thread 0x000001a87ee00a90 Thread added: 0x000001a87ee00a90
Event: 0.453 Thread 0x000001a87ef58480 Thread added: 0x000001a87ef58480
Event: 0.457 Thread 0x000001a87ef5d880 Thread added: 0x000001a87ef5d880
Event: 0.459 Thread 0x000001a87ef60890 Thread added: 0x000001a87ef60890
Event: 0.678 Thread 0x000001a87efab460 Thread added: 0x000001a87efab460
Event: 0.770 Thread 0x000001a84235d650 Thread added: 0x000001a84235d650
Event: 1.023 Thread 0x000001a84235d650 Thread exited: 0x000001a84235d650
Event: 1.492 Thread 0x000001a87ef5d880 Thread exited: 0x000001a87ef5d880
Event: 2.375 Thread 0x000001a8423edac0 Thread added: 0x000001a8423edac0
Event: 2.389 Thread 0x000001a84233df90 Thread added: 0x000001a84233df90
Event: 2.619 Thread 0x000001a85e7034a0 Thread exited: 0x000001a85e7034a0
Event: 2.619 Thread 0x000001a85e7034a0 Thread added: 0x000001a85e7034a0
Event: 5.211 Thread 0x000001a8425c4470 Thread added: 0x000001a8425c4470


Dynamic libraries:
0x00007ff615420000 - 0x00007ff615430000 	C:\Program Files\Java\jdk-20\bin\java.exe
0x00007ffc13e70000 - 0x00007ffc14068000 	C:\WINDOWS\SYSTEM32\ntdll.dll
0x00007ffc13560000 - 0x00007ffc13621000 	C:\WINDOWS\System32\KERNEL32.DLL
0x00007ffc11770000 - 0x00007ffc11a6d000 	C:\WINDOWS\System32\KERNELBASE.dll
0x00007ffc0e6b0000 - 0x00007ffc0e744000 	C:\WINDOWS\SYSTEM32\apphelp.dll
0x00007ffc11bc0000 - 0x00007ffc11cc0000 	C:\WINDOWS\System32\ucrtbase.dll
0x00007ffc03990000 - 0x00007ffc039ab000 	C:\Program Files\Java\jdk-20\bin\VCRUNTIME140.dll
0x00007ffc0a910000 - 0x00007ffc0a929000 	C:\Program Files\Java\jdk-20\bin\jli.dll
0x00007ffc12fb0000 - 0x00007ffc13060000 	C:\WINDOWS\System32\ADVAPI32.dll
0x00007ffc13700000 - 0x00007ffc1379e000 	C:\WINDOWS\System32\msvcrt.dll
0x00007ffc13630000 - 0x00007ffc136d0000 	C:\WINDOWS\System32\sechost.dll
0x00007ffc123a0000 - 0x00007ffc124c3000 	C:\WINDOWS\System32\RPCRT4.dll
0x00007ffc11740000 - 0x00007ffc11767000 	C:\WINDOWS\System32\bcrypt.dll
0x00007ffc11ea0000 - 0x00007ffc1203d000 	C:\WINDOWS\System32\USER32.dll
0x00007ffc11cc0000 - 0x00007ffc11ce2000 	C:\WINDOWS\System32\win32u.dll
0x00007ffc13990000 - 0x00007ffc139bb000 	C:\WINDOWS\System32\GDI32.dll
0x00007ffc11cf0000 - 0x00007ffc11e07000 	C:\WINDOWS\System32\gdi32full.dll
0x00007ffc11b20000 - 0x00007ffc11bbd000 	C:\WINDOWS\System32\msvcp_win.dll
0x00007ffbfe7b0000 - 0x00007ffbfea4a000 	C:\WINDOWS\WinSxS\amd64_microsoft.windows.common-controls_6595b64144ccf1df_6.0.19041.4355_none_60b8b9eb71f62e16\COMCTL32.dll
0x00007ffbff1b0000 - 0x00007ffbff1ba000 	C:\WINDOWS\SYSTEM32\VERSION.dll
0x00007ffc136d0000 - 0x00007ffc136ff000 	C:\WINDOWS\System32\IMM32.DLL
0x00007ffc0aa30000 - 0x00007ffc0aa3c000 	C:\Program Files\Java\jdk-20\bin\vcruntime140_1.dll
0x00007ffbe3380000 - 0x00007ffbe340e000 	C:\Program Files\Java\jdk-20\bin\msvcp140.dll
0x00007ffbdfee0000 - 0x00007ffbe0b78000 	C:\Program Files\Java\jdk-20\bin\server\jvm.dll
0x00007ffbf5940000 - 0x00007ffbf5949000 	C:\WINDOWS\SYSTEM32\WSOCK32.dll
0x00007ffc122d0000 - 0x00007ffc1233b000 	C:\WINDOWS\System32\WS2_32.dll
0x00007ffbf1020000 - 0x00007ffbf1047000 	C:\WINDOWS\SYSTEM32\WINMM.dll
0x00007ffc0f340000 - 0x00007ffc0f352000 	C:\WINDOWS\SYSTEM32\kernel.appcore.dll
0x00007ffc09450000 - 0x00007ffc0945a000 	C:\Program Files\Java\jdk-20\bin\jimage.dll
0x00007ffc0b7f0000 - 0x00007ffc0b9d4000 	C:\WINDOWS\SYSTEM32\DBGHELP.DLL
0x00007ffbf6f80000 - 0x00007ffbf6fb4000 	C:\WINDOWS\SYSTEM32\dbgcore.DLL
0x00007ffc11e10000 - 0x00007ffc11e92000 	C:\WINDOWS\System32\bcryptPrimitives.dll
0x00007ffc022b0000 - 0x00007ffc022d6000 	C:\Program Files\Java\jdk-20\bin\java.dll
0x00007ffbedf00000 - 0x00007ffbedfd7000 	C:\Program Files\Java\jdk-20\bin\jsvml.dll
0x00007ffc12840000 - 0x00007ffc12faf000 	C:\WINDOWS\System32\SHELL32.dll
0x00007ffc0f560000 - 0x00007ffc0fcff000 	C:\WINDOWS\SYSTEM32\windows.storage.dll
0x00007ffc124e0000 - 0x00007ffc12833000 	C:\WINDOWS\System32\combase.dll
0x00007ffc10d80000 - 0x00007ffc10dae000 	C:\WINDOWS\SYSTEM32\Wldp.dll
0x00007ffc137a0000 - 0x00007ffc1386d000 	C:\WINDOWS\System32\OLEAUT32.dll
0x00007ffc13140000 - 0x00007ffc131ed000 	C:\WINDOWS\System32\SHCORE.dll
0x00007ffc12130000 - 0x00007ffc12185000 	C:\WINDOWS\System32\shlwapi.dll
0x00007ffc11450000 - 0x00007ffc11474000 	C:\WINDOWS\SYSTEM32\profapi.dll
0x00007ffc03940000 - 0x00007ffc03953000 	C:\Program Files\Java\jdk-20\bin\net.dll
0x00007ffc0c540000 - 0x00007ffc0c64d000 	C:\WINDOWS\SYSTEM32\WINHTTP.dll
0x00007ffc10b70000 - 0x00007ffc10bda000 	C:\WINDOWS\system32\mswsock.dll
0x00007ffc013f0000 - 0x00007ffc01406000 	C:\Program Files\Java\jdk-20\bin\nio.dll
0x00007ffc013d0000 - 0x00007ffc013e8000 	C:\Program Files\Java\jdk-20\bin\zip.dll
0x00007ffbe2090000 - 0x00007ffbe2221000 	C:\Program Files\Java\jdk-20\bin\awt.dll
0x00007ffc0ef40000 - 0x00007ffc0ef6f000 	C:\WINDOWS\system32\DWMAPI.DLL
0x00007ffc0ee30000 - 0x00007ffc0eece000 	C:\WINDOWS\system32\uxtheme.dll
0x00007ffbe1ca0000 - 0x00007ffbe1dc8000 	C:\WINDOWS\system32\opengl32.dll
0x00007ffc00f50000 - 0x00007ffc00f7c000 	C:\WINDOWS\SYSTEM32\GLU32.dll
0x00007ffc13870000 - 0x00007ffc13984000 	C:\WINDOWS\System32\MSCTF.dll
0x00007ffc121a0000 - 0x00007ffc122cb000 	C:\WINDOWS\System32\ole32.dll
0x00007ffbefca0000 - 0x00007ffbefcce000 	C:\Program Files\Java\jdk-20\bin\javajpeg.dll
0x00007ffbe2520000 - 0x00007ffbe25a6000 	C:\Program Files\Java\jdk-20\bin\freetype.dll
0x00007ffbe1870000 - 0x00007ffbe1943000 	C:\Program Files\Java\jdk-20\bin\fontmanager.dll
0x00007ffc03550000 - 0x00007ffc03649000 	C:\WINDOWS\SYSTEM32\textinputframework.dll
0x00007ffc0e0f0000 - 0x00007ffc0e44b000 	C:\WINDOWS\System32\CoreUIComponents.dll
0x00007ffc0e450000 - 0x00007ffc0e542000 	C:\WINDOWS\System32\CoreMessaging.dll
0x00007ffc0d670000 - 0x00007ffc0d7c7000 	C:\WINDOWS\SYSTEM32\wintypes.dll
0x00007ffc105d0000 - 0x00007ffc10603000 	C:\WINDOWS\SYSTEM32\ntmarta.dll
0x00007ffc009c0000 - 0x00007ffc00a26000 	C:\WINDOWS\system32\Oleacc.dll
0x00007ffc02290000 - 0x00007ffc022a0000 	C:\Program Files\Java\jdk-20\bin\verify.dll
0x00007ffc13250000 - 0x00007ffc132f9000 	C:\WINDOWS\System32\clbcatq.dll
0x00007ffc0ec40000 - 0x00007ffc0edf6000 	C:\WINDOWS\SYSTEM32\WindowsCodecs.dll
0x00007ffbfd900000 - 0x00007ffbfd93e000 	C:\WINDOWS\system32\dataexchange.dll
0x00007ffc0d900000 - 0x00007ffc0dae4000 	C:\WINDOWS\system32\dcomp.dll
0x00007ffc0d400000 - 0x00007ffc0d663000 	C:\WINDOWS\system32\d3d11.dll
0x00007ffc0fd60000 - 0x00007ffc0fe56000 	C:\WINDOWS\system32\dxgi.dll
0x00007ffc0ad20000 - 0x00007ffc0af23000 	C:\WINDOWS\system32\twinapi.appcore.dll

dbghelp: loaded successfully - version: 4.0.5 - missing functions: none
symbol engine: initialized successfully - sym options: 0x614 - pdb path: .;C:\Program Files\Java\jdk-20\bin;C:\WINDOWS\SYSTEM32;C:\WINDOWS\WinSxS\amd64_microsoft.windows.common-controls_6595b64144ccf1df_6.0.19041.4355_none_60b8b9eb71f62e16;C:\Program Files\Java\jdk-20\bin\server

VM Arguments:
jvm_args: -Dfile.encoding=UTF-8 --module-path=C:\Users\My Pc\Documents\NetBeansProjects\university management(ERP)\build\classes 
java_command: university.management.erp.Project
java_class_path (initial): C:\Users\My Pc\Downloads\postgresql-42.7.3.jar;C:\Users\My Pc\Downloads\Jar-20240830T185756Z-001\Jar\mysql-connector-java-8.0.28.jar;C:\Users\My Pc\Downloads\Jar-20240830T185756Z-001\Jar\jcalendar-tz-1.3.3-4.jar;C:\Users\My Pc\Downloads\Jar-20240830T185756Z-001\Jar\rs2xml.jar;C:\Users\My Pc\Documents\NetBeansProjects\university management(ERP)\build\classes
Launcher Type: SUN_STANDARD

[Global flags]
     intx CICompilerCount                          = 3                                         {product} {ergonomic}
     uint ConcGCThreads                            = 1                                         {product} {ergonomic}
     uint G1ConcRefinementThreads                  = 4                                         {product} {ergonomic}
   size_t G1HeapRegionSize                         = 1048576                                   {product} {ergonomic}
    uintx GCDrainStackTargetSize                   = 64                                        {product} {ergonomic}
   size_t InitialHeapSize                          = 134217728                                 {product} {ergonomic}
   size_t MarkStackSize                            = 4194304                                   {product} {ergonomic}
   size_t MaxHeapSize                              = 2128609280                                {product} {ergonomic}
   size_t MaxNewSize                               = 1277165568                                {product} {ergonomic}
   size_t MinHeapDeltaBytes                        = 1048576                                   {product} {ergonomic}
   size_t MinHeapSize                              = 8388608                                   {product} {ergonomic}
    uintx NonNMethodCodeHeapSize                   = 5832780                                {pd product} {ergonomic}
    uintx NonProfiledCodeHeapSize                  = 122912730                              {pd product} {ergonomic}
    uintx ProfiledCodeHeapSize                     = 122912730                              {pd product} {ergonomic}
    uintx ReservedCodeCacheSize                    = 251658240                              {pd product} {ergonomic}
     bool SegmentedCodeCache                       = true                                      {product} {ergonomic}
   size_t SoftMaxHeapSize                          = 2128609280                             {manageable} {ergonomic}
     bool UseCompressedClassPointers               = true                           {product lp64_product} {ergonomic}
     bool UseCompressedOops                        = true                           {product lp64_product} {ergonomic}
     bool UseG1GC                                  = true                                      {product} {ergonomic}
     bool UseLargePagesIndividualAllocation        = false                                  {pd product} {ergonomic}

Logging:
Log output configuration:
 #0: stdout all=warning uptime,level,tags foldmultilines=false
 #1: stderr all=off uptime,level,tags foldmultilines=false

Environment Variables:
PATH=C:\Program Files\Common Files\Oracle\Java\javapath;C:\Program Files (x86)\Common Files\Oracle\Java\javapath;C:\Program Files\Microsoft\jdk-11.0.16.101-hotspot\bin;C:\WINDOWS\system32;C:\WINDOWS;C:\WINDOWS\System32\Wbem;C:\WINDOWS\System32\WindowsPowerShell\v1.0\;C:\WINDOWS\System32\OpenSSH\;C:\MinGW\bin;C:\Program Files\nodejs\;C:\Users\My Pc\Desktop\flutter_windows_3.16.3-stable\flutter\bin;C:\Program Files\dotnet\;C:\Program Files (x86)\Incredibuild;C:\Program Files (x86)\Windows Kits\10\Windows Performance Toolkit\;C:\Program Files\Java\jdk-20\bin;C:\Program Files\Git\cmd;C:\Program Files\MySQL\MySQL Server 8.0\bin;C:\Program Files\MySQL\MySQL Shell 8.0\bin\;C:\Users\My Pc\AppData\Local\Programs\Python\Python311\Scripts\;C:\Users\My Pc\AppData\Local\Programs\Python\Python311\;C:\Users\My Pc\AppData\Local\Microsoft\WindowsApps;C:\Users\My Pc\AppData\Local\Programs\Microsoft VS Code\bin;C:\Users\My Pc\AppData\Roaming\npm;C:\Users\My Pc\Desktop\flutter_windows_3.16.3-stable\flutter\bin;C:\Users\My Pc\.dotnet\tools;
USERNAME=My Pc
OS=Windows_NT
PROCESSOR_IDENTIFIER=Intel64 Family 6 Model 78 Stepping 3, GenuineIntel
TMP=C:\Users\MYPC~1\AppData\Local\Temp
TEMP=C:\Users\MYPC~1\AppData\Local\Temp




---------------  S Y S T E M  ---------------

OS:
 Windows 10 , 64 bit Build 19041 (10.0.19041.4717)
OS uptime: 3 days 17:03 hours
Hyper-V role detected

CPU: total 4 (initial active 4) (2 cores per cpu, 2 threads per core) family 6 model 78 stepping 3 microcode 0xea, cx8, cmov, fxsr, ht, mmx, 3dnowpref, sse, sse2, sse3, ssse3, sse4.1, sse4.2, popcnt, lzcnt, tsc, tscinvbit, avx, avx2, aes, erms, clmul, bmi1, bmi2, rtm, adx, fma, vzeroupper, clflush, clflushopt, hv, rdtscp, f16c

Memory: 4k page, system-wide physical 8113M (447M free)
TotalPageFile size 32689M (AvailPageFile size 1M)
current process WorkingSet (physical memory assigned to process): 179M, peak: 179M
current process commit charge ("private bytes"): 225M, peak: 234M

vm_info: Java HotSpot(TM) 64-Bit Server VM (20.0.2+9-78) for windows-amd64 JRE (20.0.2+9-78), built on 2023-06-14T10:08:48Z by "mach5one" with MS VC++ 17.1 (VS2022)

END.
