#
# A fatal error has been detected by the Java Runtime Environment:
#
#  EXCEPTION_ACCESS_VIOLATION (0xc0000005) at pc=0x0000000000000000, pid=28804, tid=28980
#
# JRE version:  (20.0.2+9) (build )
# Java VM: Java HotSpot(TM) 64-Bit Server VM (20.0.2+9-78, mixed mode, sharing, tiered, compressed oops, compressed class ptrs, g1 gc, windows-amd64)
# Problematic frame:
# C  [java.dll+0xb85b]
#
# No core dump will be written. Minidumps are not enabled by default on client versions of Windows
#
# The crash happened outside the Java Virtual Machine in native code.
# See problematic frame for where to report the bug.
#

---------------  S U M M A R Y ------------

Command Line: -Dfile.encoding=UTF-8 --module-path=C:\Users\My Pc\Documents\NetBeansProjects\university management(ERP)\build\classes university.management.erp.TeacherLeave

Host: Intel(R) Core(TM) i7-6650U CPU @ 2.20GHz, 4 cores, 7G,  Windows 10 , 64 bit Build 19041 (10.0.19041.4717)
Time: Sat Aug 31 18:54:29 2024 India Standard Time elapsed time: 0.052380 seconds (0d 0h 0m 0s)

---------------  T H R E A D  ---------------

Current thread (0x00000235ff6241f0):  JavaThread "main" [_thread_in_native, id=28980, stack(0x00000097f1e00000,0x00000097f1f00000)]

Stack: [0x00000097f1e00000,0x00000097f1f00000],  sp=0x00000097f1efe7e0,  free space=1017k
Native frames: (J=compiled Java code, j=interpreted, Vv=VM code, C=native code)

Java frames: (J=compiled Java code, j=interpreted, Vv=VM code)
j  jdk.internal.util.SystemProps$Raw.platformProperties()[Ljava/lang/String;+0 java.base
j  jdk.internal.util.SystemProps$Raw.<init>()V+5 java.base
j  jdk.internal.util.SystemProps.initProperties()Ljava/util/Map;+4 java.base
j  java.lang.System.initPhase1()V+3 java.base
v  ~StubRoutines::call_stub 0x000002359095100d

siginfo: EXCEPTION_ACCESS_VIOLATION (0xc0000005), data execution prevention violation at address 0x0000000000000000


Registers:
RAX=0x0000000000000000, RBX=0x0000000000000000, RCX=0x0000000000000000, RDX=0x0000000000004028
RSP=0x00000097f1efe7d8, RBP=0x00000097f1efeb50, RSI=0x000000000000000a, RDI=0x000002359cb88101
R8 =0x0000000000000000, R9 =0x0000000000000000, R10=0x00000097f1efe200, R11=0x00000097f1efe740
R12=0x0000000000000744, R13=0x000002359d455101, R14=0x0000000000000001, R15=0x0000000000004a61
RIP=0x0000000000000000, EFLAGS=0x0000000000010206


Register to memory mapping:

RIP=0x0 is NULL
RAX=0x0 is NULL
RBX=0x0 is NULL
RCX=0x0 is NULL
RDX=0x0000000000004028 is an unknown value
RSP=0x00000097f1efe7d8 is pointing into the stack for thread: 0x00000235ff6241f0
RBP=0x00000097f1efeb50 is pointing into the stack for thread: 0x00000235ff6241f0
RSI=0x000000000000000a is an unknown value
RDI=0x000002359cb88101 points into unknown readable memory: 00 00 00 00 00 00 00
R8 =0x0 is NULL
R9 =0x0 is NULL
R10=0x00000097f1efe200 is pointing into the stack for thread: 0x00000235ff6241f0
R11=0x00000097f1efe740 is pointing into the stack for thread: 0x00000235ff6241f0
R12=0x0000000000000744 is an unknown value
R13=0x000002359d455101 is pointing into metadata
R14=0x0000000000000001 is an unknown value
R15=0x0000000000004a61 is an unknown value


Top of Stack: (sp=0x00000097f1efe7d8)
0x00000097f1efe7d8:   00007ffc022bb85b 0000000000000000
0x00000097f1efe7e8:   0000000000004028 0000000000000000
0x00000097f1efe7f8:   0000000000000000 00000097f1efe820
0x00000097f1efe808:   00007ffc13e9b86b 0000000080004005
0x00000097f1efe818:   0000000000000048 000002359cb740e0
0x00000097f1efe828:   000002359cb88120 0000000013f90000
0x00000097f1efe838:   0000000000000000 0000000000000000
0x00000097f1efe848:   00000235fe820d80 00007ffc13f96718
0x00000097f1efe858:   00000235fe820000 00000235fe8202a8
0x00000097f1efe868:   0000000000360034 0000000000000020
0x00000097f1efe878:   00000235fe820cc0 0000000000000000
0x00000097f1efe888:   0000000000000000 0000000000000000
0x00000097f1efe898:   0000000000000020 000000000000000c
0x00000097f1efe8a8:   0000000000000004 00000235fe8e0000
0x00000097f1efe8b8:   00000097f1efe979 0000000000000002
0x00000097f1efe8c8:   00007ffc13e9b3c7 00000235fe820000
0x00000097f1efe8d8:   00007ffc00000000 000000000000000c
0x00000097f1efe8e8:   0000000000000000 0000000000004a61
0x00000097f1efe8f8:   000002359cb88120 0000000200000000
0x00000097f1efe908:   0000000000000000 00007ff61542142c
0x00000097f1efe918:   0000000000000000 0000000000100000
0x00000097f1efe928:   0000000000000000 0006000000000003
0x00000097f1efe938:   00007ffc13ec1910 0000000004018664
0x00000097f1efe948:   00012bff0000d470 000002359cb88101
0x00000097f1efe958:   00007ffc117d055b 00000097f1efea10
0x00000097f1efe968:   00007ffc1178c1fe 0000ddef75af4a4a
0x00000097f1efe978:   0000023500000009 0000000000000000
0x00000097f1efe988:   00007ffc11bc39ce 0002625a00000000
0x00000097f1efe998:   0000000000000000 0000000000004a61
0x00000097f1efe9a8:   0000000000000001 000002359d455101
0x00000097f1efe9b8:   0000000000000744 00000235fe901ca2
0x00000097f1efe9c8:   000000000000000a 0000000000000000 

Instructions: (pc=0x00007ffc022bb85b)
0x00007ffc022bb75b:   74 61 48 8d 0d d4 c6 00 00 e8 95 a2 00 00 48 8d
0x00007ffc022bb76b:   4c 24 40 48 8b d8 e8 88 a2 00 00 48 03 d8 48 3b
0x00007ffc022bb77b:   de 73 40 48 8d 15 b3 c6 00 00 48 8d 4c 24 40 e8
0x00007ffc022bb78b:   75 a2 00 00 48 8d 15 52 c3 00 00 48 8d 4c 24 40
0x00007ffc022bb79b:   ff 15 97 ad 00 00 48 85 c0 74 18 48 8b c8 ff 15
0x00007ffc022bb7ab:   81 ad 00 00 48 8d 15 62 c6 00 00 48 8b cf e8 3a
0x00007ffc022bb7bb:   a2 00 00 48 8b c7 48 8b 8c 24 50 01 00 00 48 33
0x00007ffc022bb7cb:   cc e8 0f 93 00 00 4c 8d 9c 24 60 01 00 00 49 8b
0x00007ffc022bb7db:   5b 18 49 8b 73 20 49 8b e3 5f c3 cc cc 40 53 48
0x00007ffc022bb7eb:   81 ec 60 02 00 00 48 8b 05 48 6c 01 00 48 33 c4
0x00007ffc022bb7fb:   48 89 84 24 50 02 00 00 33 db 48 39 1d 14 6d 01
0x00007ffc022bb80b:   00 75 74 4c 8d 0d 0b 6d 01 00 45 33 c0 ba 00 40
0x00007ffc022bb81b:   00 00 48 8d 0d fc cd 00 00 e8 89 8b 00 00 89 44
0x00007ffc022bb82b:   24 30 eb 0b b8 05 40 00 80 89 44 24 30 33 db 85
0x00007ffc022bb83b:   c0 79 44 48 8d 44 24 40 48 89 44 24 20 45 33 c9
0x00007ffc022bb84b:   45 33 c0 ba 28 40 00 00 33 c9 ff 15 2d 6c 01 00
0x00007ffc022bb85b:   85 c0 79 09 48 89 1d ba 6c 01 00 eb 1a 66 89 9c
0x00007ffc022bb86b:   24 48 02 00 00 48 8d 4c 24 40 ff 15 35 ad 00 00
0x00007ffc022bb87b:   48 89 05 9e 6c 01 00 48 8b 05 97 6c 01 00 48 8b
0x00007ffc022bb88b:   8c 24 50 02 00 00 48 33 cc e8 47 92 00 00 48 81
0x00007ffc022bb89b:   c4 60 02 00 00 5b c3 cc cc 48 89 5c 24 10 48 89
0x00007ffc022bb8ab:   6c 24 18 48 89 74 24 20 57 48 83 ec 60 48 8b 05
0x00007ffc022bb8bb:   81 6b 01 00 48 33 c4 48 89 44 24 58 0f b7 f9 b9
0x00007ffc022bb8cb:   56 00 00 00 ff 15 c3 ab 00 00 48 8b d8 48 85 c0
0x00007ffc022bb8db:   0f 84 b5 00 00 00 33 c0 4c 8d 4c 24 40 48 89 44
0x00007ffc022bb8eb:   24 50 4c 8d 44 24 38 0f 57 c0 48 8d 44 24 50 48
0x00007ffc022bb8fb:   89 44 24 28 48 8d 54 24 30 48 8d 44 24 48 8b cf
0x00007ffc022bb90b:   48 89 44 24 20 0f 11 44 24 30 0f 11 44 24 40 e8
0x00007ffc022bb91b:   89 f9 ff ff 48 8b cb 84 c0 74 43 48 8b 54 24 30
0x00007ffc022bb92b:   e8 c8 a0 00 00 48 8d 7c 24 38 be 03 00 00 00 48
0x00007ffc022bb93b:   8b 2f 80 7d 00 00 74 1a 48 8d 15 06 c5 00 00 48
0x00007ffc022bb94b:   8b cb e8 b2 a0 00 00 48 8b d5 48 8b cb e8 a7 a0 


Stack slot to memory mapping:
stack at sp + 0 slots: 0x0 is NULL
stack at sp + 1 slots: 0x0000000000004028 is an unknown value
stack at sp + 2 slots: 0x0 is NULL
stack at sp + 3 slots: 0x0 is NULL
stack at sp + 4 slots: 0x00000097f1efe820 is pointing into the stack for thread: 0x00000235ff6241f0
stack at sp + 5 slots: 0x00007ffc13e9b86b ntdll.dll
stack at sp + 6 slots: 0x0000000080004005 is an unknown value
stack at sp + 7 slots: 0x0000000000000048 is an unknown value


---------------  P R O C E S S  ---------------

Threads class SMR info:
_java_thread_list=0x000002359cb7af10, length=1, elements={
0x00000235ff6241f0
}

Java Threads: ( => current thread )
=>0x00000235ff6241f0 JavaThread "main" [_thread_in_native, id=28980, stack(0x00000097f1e00000,0x00000097f1f00000)]

Other Threads:
  0x000002359cb83de0 VMThread "VM Thread" [stack: 0x00000097f2400000,0x00000097f2500000] [id=26872]
  0x00000235ff67f680 WorkerThread "GC Thread#0" [stack: 0x00000097f1f00000,0x00000097f2000000] [id=10072]
  0x00000235ff691270 ConcurrentGCThread "G1 Main Marker" [stack: 0x00000097f2000000,0x00000097f2100000] [id=13660]
  0x00000235ff692d60 WorkerThread "G1 Conc#0" [stack: 0x00000097f2100000,0x00000097f2200000] [id=23592]
  0x000002359ca334d0 ConcurrentGCThread "G1 Refine#0" [stack: 0x00000097f2200000,0x00000097f2300000] [id=8416]
  0x00000235ff6ddef0 ConcurrentGCThread "G1 Service" [stack: 0x00000097f2300000,0x00000097f2400000] [id=27368]

Threads with active compile tasks:

VM state: not at safepoint (normal execution)

VM Mutex/Monitor currently owned by a thread: None

Heap address: 0x0000000081200000, size: 2030 MB, Compressed Oops mode: 32-bit

CDS archive(s) mapped at: [0x000002359cc00000-0x000002359d860000-0x000002359d860000), size 12976128, SharedBaseAddress: 0x000002359cc00000, ArchiveRelocationMode: 1.
Compressed class space mapped at: 0x000002359dc00000-0x00000235ddc00000, reserved size: 1073741824
Narrow klass base: 0x000002359cc00000, Narrow klass shift: 0, Narrow klass range: 0x100000000

GC Precious Log:
 CardTable entry size: 512
 Card Set container configuration: InlinePtr #cards 5 size 8 Array Of Cards #cards 12 size 40 Howl #buckets 4 coarsen threshold 1843 Howl Bitmap #cards 512 size 80 coarsen threshold 460 Card regions per heap region 1 cards per card region 2048
 CPUs: 4 total, 4 available
 Memory: 8113M
 Large Page Support: Disabled
 NUMA Support: Disabled
 Compressed Oops: Enabled (32-bit)
 Heap Region Size: 1M
 Heap Min Capacity: 8M
 Heap Initial Capacity: 128M
 Heap Max Capacity: 2030M
 Pre-touch: Disabled
 Parallel Workers: 4
 Concurrent Workers: 1
 Concurrent Refinement Workers: 4
 Periodic GC: Disabled

Heap:
 garbage-first heap   total 131072K, used 0K [0x0000000081200000, 0x0000000100000000)
  region size 1024K, 1 young (1024K), 0 survivors (0K)
 Metaspace       used 6K, committed 128K, reserved 1114112K
  class space    used 0K, committed 64K, reserved 1048576K

Heap Regions: E=young(eden), S=young(survivor), O=old, HS=humongous(starts), HC=humongous(continues), CS=collection set, F=free, OA=open archive, CA=closed archive, TAMS=top-at-mark-start, PB=parsable bottom
|   0|0x0000000081200000, 0x0000000081200000, 0x0000000081300000|  0%| F|  |TAMS 0x0000000081200000| PB 0x0000000081200000| Untracked 
|   1|0x0000000081300000, 0x0000000081300000, 0x0000000081400000|  0%| F|  |TAMS 0x0000000081300000| PB 0x0000000081300000| Untracked 
|   2|0x0000000081400000, 0x0000000081400000, 0x0000000081500000|  0%| F|  |TAMS 0x0000000081400000| PB 0x0000000081400000| Untracked 
|   3|0x0000000081500000, 0x0000000081500000, 0x0000000081600000|  0%| F|  |TAMS 0x0000000081500000| PB 0x0000000081500000| Untracked 
|   4|0x0000000081600000, 0x0000000081600000, 0x0000000081700000|  0%| F|  |TAMS 0x0000000081600000| PB 0x0000000081600000| Untracked 
|   5|0x0000000081700000, 0x0000000081700000, 0x0000000081800000|  0%| F|  |TAMS 0x0000000081700000| PB 0x0000000081700000| Untracked 
|   6|0x0000000081800000, 0x0000000081800000, 0x0000000081900000|  0%| F|  |TAMS 0x0000000081800000| PB 0x0000000081800000| Untracked 
|   7|0x0000000081900000, 0x0000000081900000, 0x0000000081a00000|  0%| F|  |TAMS 0x0000000081900000| PB 0x0000000081900000| Untracked 
|   8|0x0000000081a00000, 0x0000000081a00000, 0x0000000081b00000|  0%| F|  |TAMS 0x0000000081a00000| PB 0x0000000081a00000| Untracked 
|   9|0x0000000081b00000, 0x0000000081b00000, 0x0000000081c00000|  0%| F|  |TAMS 0x0000000081b00000| PB 0x0000000081b00000| Untracked 
|  10|0x0000000081c00000, 0x0000000081c00000, 0x0000000081d00000|  0%| F|  |TAMS 0x0000000081c00000| PB 0x0000000081c00000| Untracked 
|  11|0x0000000081d00000, 0x0000000081d00000, 0x0000000081e00000|  0%| F|  |TAMS 0x0000000081d00000| PB 0x0000000081d00000| Untracked 
|  12|0x0000000081e00000, 0x0000000081e00000, 0x0000000081f00000|  0%| F|  |TAMS 0x0000000081e00000| PB 0x0000000081e00000| Untracked 
|  13|0x0000000081f00000, 0x0000000081f00000, 0x0000000082000000|  0%| F|  |TAMS 0x0000000081f00000| PB 0x0000000081f00000| Untracked 
|  14|0x0000000082000000, 0x0000000082000000, 0x0000000082100000|  0%| F|  |TAMS 0x0000000082000000| PB 0x0000000082000000| Untracked 
|  15|0x0000000082100000, 0x0000000082100000, 0x0000000082200000|  0%| F|  |TAMS 0x0000000082100000| PB 0x0000000082100000| Untracked 
|  16|0x0000000082200000, 0x0000000082200000, 0x0000000082300000|  0%| F|  |TAMS 0x0000000082200000| PB 0x0000000082200000| Untracked 
|  17|0x0000000082300000, 0x0000000082300000, 0x0000000082400000|  0%| F|  |TAMS 0x0000000082300000| PB 0x0000000082300000| Untracked 
|  18|0x0000000082400000, 0x0000000082400000, 0x0000000082500000|  0%| F|  |TAMS 0x0000000082400000| PB 0x0000000082400000| Untracked 
|  19|0x0000000082500000, 0x0000000082500000, 0x0000000082600000|  0%| F|  |TAMS 0x0000000082500000| PB 0x0000000082500000| Untracked 
|  20|0x0000000082600000, 0x0000000082600000, 0x0000000082700000|  0%| F|  |TAMS 0x0000000082600000| PB 0x0000000082600000| Untracked 
|  21|0x0000000082700000, 0x0000000082700000, 0x0000000082800000|  0%| F|  |TAMS 0x0000000082700000| PB 0x0000000082700000| Untracked 
|  22|0x0000000082800000, 0x0000000082800000, 0x0000000082900000|  0%| F|  |TAMS 0x0000000082800000| PB 0x0000000082800000| Untracked 
|  23|0x0000000082900000, 0x0000000082900000, 0x0000000082a00000|  0%| F|  |TAMS 0x0000000082900000| PB 0x0000000082900000| Untracked 
|  24|0x0000000082a00000, 0x0000000082a00000, 0x0000000082b00000|  0%| F|  |TAMS 0x0000000082a00000| PB 0x0000000082a00000| Untracked 
|  25|0x0000000082b00000, 0x0000000082b00000, 0x0000000082c00000|  0%| F|  |TAMS 0x0000000082b00000| PB 0x0000000082b00000| Untracked 
|  26|0x0000000082c00000, 0x0000000082c00000, 0x0000000082d00000|  0%| F|  |TAMS 0x0000000082c00000| PB 0x0000000082c00000| Untracked 
|  27|0x0000000082d00000, 0x0000000082d00000, 0x0000000082e00000|  0%| F|  |TAMS 0x0000000082d00000| PB 0x0000000082d00000| Untracked 
|  28|0x0000000082e00000, 0x0000000082e00000, 0x0000000082f00000|  0%| F|  |TAMS 0x0000000082e00000| PB 0x0000000082e00000| Untracked 
|  29|0x0000000082f00000, 0x0000000082f00000, 0x0000000083000000|  0%| F|  |TAMS 0x0000000082f00000| PB 0x0000000082f00000| Untracked 
|  30|0x0000000083000000, 0x0000000083000000, 0x0000000083100000|  0%| F|  |TAMS 0x0000000083000000| PB 0x0000000083000000| Untracked 
|  31|0x0000000083100000, 0x0000000083100000, 0x0000000083200000|  0%| F|  |TAMS 0x0000000083100000| PB 0x0000000083100000| Untracked 
|  32|0x0000000083200000, 0x0000000083200000, 0x0000000083300000|  0%| F|  |TAMS 0x0000000083200000| PB 0x0000000083200000| Untracked 
|  33|0x0000000083300000, 0x0000000083300000, 0x0000000083400000|  0%| F|  |TAMS 0x0000000083300000| PB 0x0000000083300000| Untracked 
|  34|0x0000000083400000, 0x0000000083400000, 0x0000000083500000|  0%| F|  |TAMS 0x0000000083400000| PB 0x0000000083400000| Untracked 
|  35|0x0000000083500000, 0x0000000083500000, 0x0000000083600000|  0%| F|  |TAMS 0x0000000083500000| PB 0x0000000083500000| Untracked 
|  36|0x0000000083600000, 0x0000000083600000, 0x0000000083700000|  0%| F|  |TAMS 0x0000000083600000| PB 0x0000000083600000| Untracked 
|  37|0x0000000083700000, 0x0000000083700000, 0x0000000083800000|  0%| F|  |TAMS 0x0000000083700000| PB 0x0000000083700000| Untracked 
|  38|0x0000000083800000, 0x0000000083800000, 0x0000000083900000|  0%| F|  |TAMS 0x0000000083800000| PB 0x0000000083800000| Untracked 
|  39|0x0000000083900000, 0x0000000083900000, 0x0000000083a00000|  0%| F|  |TAMS 0x0000000083900000| PB 0x0000000083900000| Untracked 
|  40|0x0000000083a00000, 0x0000000083a00000, 0x0000000083b00000|  0%| F|  |TAMS 0x0000000083a00000| PB 0x0000000083a00000| Untracked 
|  41|0x0000000083b00000, 0x0000000083b00000, 0x0000000083c00000|  0%| F|  |TAMS 0x0000000083b00000| PB 0x0000000083b00000| Untracked 
|  42|0x0000000083c00000, 0x0000000083c00000, 0x0000000083d00000|  0%| F|  |TAMS 0x0000000083c00000| PB 0x0000000083c00000| Untracked 
|  43|0x0000000083d00000, 0x0000000083d00000, 0x0000000083e00000|  0%| F|  |TAMS 0x0000000083d00000| PB 0x0000000083d00000| Untracked 
|  44|0x0000000083e00000, 0x0000000083e00000, 0x0000000083f00000|  0%| F|  |TAMS 0x0000000083e00000| PB 0x0000000083e00000| Untracked 
|  45|0x0000000083f00000, 0x0000000083f00000, 0x0000000084000000|  0%| F|  |TAMS 0x0000000083f00000| PB 0x0000000083f00000| Untracked 
|  46|0x0000000084000000, 0x0000000084000000, 0x0000000084100000|  0%| F|  |TAMS 0x0000000084000000| PB 0x0000000084000000| Untracked 
|  47|0x0000000084100000, 0x0000000084100000, 0x0000000084200000|  0%| F|  |TAMS 0x0000000084100000| PB 0x0000000084100000| Untracked 
|  48|0x0000000084200000, 0x0000000084200000, 0x0000000084300000|  0%| F|  |TAMS 0x0000000084200000| PB 0x0000000084200000| Untracked 
|  49|0x0000000084300000, 0x0000000084300000, 0x0000000084400000|  0%| F|  |TAMS 0x0000000084300000| PB 0x0000000084300000| Untracked 
|  50|0x0000000084400000, 0x0000000084400000, 0x0000000084500000|  0%| F|  |TAMS 0x0000000084400000| PB 0x0000000084400000| Untracked 
|  51|0x0000000084500000, 0x0000000084500000, 0x0000000084600000|  0%| F|  |TAMS 0x0000000084500000| PB 0x0000000084500000| Untracked 
|  52|0x0000000084600000, 0x0000000084600000, 0x0000000084700000|  0%| F|  |TAMS 0x0000000084600000| PB 0x0000000084600000| Untracked 
|  53|0x0000000084700000, 0x0000000084700000, 0x0000000084800000|  0%| F|  |TAMS 0x0000000084700000| PB 0x0000000084700000| Untracked 
|  54|0x0000000084800000, 0x0000000084800000, 0x0000000084900000|  0%| F|  |TAMS 0x0000000084800000| PB 0x0000000084800000| Untracked 
|  55|0x0000000084900000, 0x0000000084900000, 0x0000000084a00000|  0%| F|  |TAMS 0x0000000084900000| PB 0x0000000084900000| Untracked 
|  56|0x0000000084a00000, 0x0000000084a00000, 0x0000000084b00000|  0%| F|  |TAMS 0x0000000084a00000| PB 0x0000000084a00000| Untracked 
|  57|0x0000000084b00000, 0x0000000084b00000, 0x0000000084c00000|  0%| F|  |TAMS 0x0000000084b00000| PB 0x0000000084b00000| Untracked 
|  58|0x0000000084c00000, 0x0000000084c00000, 0x0000000084d00000|  0%| F|  |TAMS 0x0000000084c00000| PB 0x0000000084c00000| Untracked 
|  59|0x0000000084d00000, 0x0000000084d00000, 0x0000000084e00000|  0%| F|  |TAMS 0x0000000084d00000| PB 0x0000000084d00000| Untracked 
|  60|0x0000000084e00000, 0x0000000084e00000, 0x0000000084f00000|  0%| F|  |TAMS 0x0000000084e00000| PB 0x0000000084e00000| Untracked 
|  61|0x0000000084f00000, 0x0000000084f00000, 0x0000000085000000|  0%| F|  |TAMS 0x0000000084f00000| PB 0x0000000084f00000| Untracked 
|  62|0x0000000085000000, 0x0000000085000000, 0x0000000085100000|  0%| F|  |TAMS 0x0000000085000000| PB 0x0000000085000000| Untracked 
|  63|0x0000000085100000, 0x0000000085100000, 0x0000000085200000|  0%| F|  |TAMS 0x0000000085100000| PB 0x0000000085100000| Untracked 
|  64|0x0000000085200000, 0x0000000085200000, 0x0000000085300000|  0%| F|  |TAMS 0x0000000085200000| PB 0x0000000085200000| Untracked 
|  65|0x0000000085300000, 0x0000000085300000, 0x0000000085400000|  0%| F|  |TAMS 0x0000000085300000| PB 0x0000000085300000| Untracked 
|  66|0x0000000085400000, 0x0000000085400000, 0x0000000085500000|  0%| F|  |TAMS 0x0000000085400000| PB 0x0000000085400000| Untracked 
|  67|0x0000000085500000, 0x0000000085500000, 0x0000000085600000|  0%| F|  |TAMS 0x0000000085500000| PB 0x0000000085500000| Untracked 
|  68|0x0000000085600000, 0x0000000085600000, 0x0000000085700000|  0%| F|  |TAMS 0x0000000085600000| PB 0x0000000085600000| Untracked 
|  69|0x0000000085700000, 0x0000000085700000, 0x0000000085800000|  0%| F|  |TAMS 0x0000000085700000| PB 0x0000000085700000| Untracked 
|  70|0x0000000085800000, 0x0000000085800000, 0x0000000085900000|  0%| F|  |TAMS 0x0000000085800000| PB 0x0000000085800000| Untracked 
|  71|0x0000000085900000, 0x0000000085900000, 0x0000000085a00000|  0%| F|  |TAMS 0x0000000085900000| PB 0x0000000085900000| Untracked 
|  72|0x0000000085a00000, 0x0000000085a00000, 0x0000000085b00000|  0%| F|  |TAMS 0x0000000085a00000| PB 0x0000000085a00000| Untracked 
|  73|0x0000000085b00000, 0x0000000085b00000, 0x0000000085c00000|  0%| F|  |TAMS 0x0000000085b00000| PB 0x0000000085b00000| Untracked 
|  74|0x0000000085c00000, 0x0000000085c00000, 0x0000000085d00000|  0%| F|  |TAMS 0x0000000085c00000| PB 0x0000000085c00000| Untracked 
|  75|0x0000000085d00000, 0x0000000085d00000, 0x0000000085e00000|  0%| F|  |TAMS 0x0000000085d00000| PB 0x0000000085d00000| Untracked 
|  76|0x0000000085e00000, 0x0000000085e00000, 0x0000000085f00000|  0%| F|  |TAMS 0x0000000085e00000| PB 0x0000000085e00000| Untracked 
|  77|0x0000000085f00000, 0x0000000085f00000, 0x0000000086000000|  0%| F|  |TAMS 0x0000000085f00000| PB 0x0000000085f00000| Untracked 
|  78|0x0000000086000000, 0x0000000086000000, 0x0000000086100000|  0%| F|  |TAMS 0x0000000086000000| PB 0x0000000086000000| Untracked 
|  79|0x0000000086100000, 0x0000000086100000, 0x0000000086200000|  0%| F|  |TAMS 0x0000000086100000| PB 0x0000000086100000| Untracked 
|  80|0x0000000086200000, 0x0000000086200000, 0x0000000086300000|  0%| F|  |TAMS 0x0000000086200000| PB 0x0000000086200000| Untracked 
|  81|0x0000000086300000, 0x0000000086300000, 0x0000000086400000|  0%| F|  |TAMS 0x0000000086300000| PB 0x0000000086300000| Untracked 
|  82|0x0000000086400000, 0x0000000086400000, 0x0000000086500000|  0%| F|  |TAMS 0x0000000086400000| PB 0x0000000086400000| Untracked 
|  83|0x0000000086500000, 0x0000000086500000, 0x0000000086600000|  0%| F|  |TAMS 0x0000000086500000| PB 0x0000000086500000| Untracked 
|  84|0x0000000086600000, 0x0000000086600000, 0x0000000086700000|  0%| F|  |TAMS 0x0000000086600000| PB 0x0000000086600000| Untracked 
|  85|0x0000000086700000, 0x0000000086700000, 0x0000000086800000|  0%| F|  |TAMS 0x0000000086700000| PB 0x0000000086700000| Untracked 
|  86|0x0000000086800000, 0x0000000086800000, 0x0000000086900000|  0%| F|  |TAMS 0x0000000086800000| PB 0x0000000086800000| Untracked 
|  87|0x0000000086900000, 0x0000000086900000, 0x0000000086a00000|  0%| F|  |TAMS 0x0000000086900000| PB 0x0000000086900000| Untracked 
|  88|0x0000000086a00000, 0x0000000086a00000, 0x0000000086b00000|  0%| F|  |TAMS 0x0000000086a00000| PB 0x0000000086a00000| Untracked 
|  89|0x0000000086b00000, 0x0000000086b00000, 0x0000000086c00000|  0%| F|  |TAMS 0x0000000086b00000| PB 0x0000000086b00000| Untracked 
|  90|0x0000000086c00000, 0x0000000086c00000, 0x0000000086d00000|  0%| F|  |TAMS 0x0000000086c00000| PB 0x0000000086c00000| Untracked 
|  91|0x0000000086d00000, 0x0000000086d00000, 0x0000000086e00000|  0%| F|  |TAMS 0x0000000086d00000| PB 0x0000000086d00000| Untracked 
|  92|0x0000000086e00000, 0x0000000086e00000, 0x0000000086f00000|  0%| F|  |TAMS 0x0000000086e00000| PB 0x0000000086e00000| Untracked 
|  93|0x0000000086f00000, 0x0000000086f00000, 0x0000000087000000|  0%| F|  |TAMS 0x0000000086f00000| PB 0x0000000086f00000| Untracked 
|  94|0x0000000087000000, 0x0000000087000000, 0x0000000087100000|  0%| F|  |TAMS 0x0000000087000000| PB 0x0000000087000000| Untracked 
|  95|0x0000000087100000, 0x0000000087100000, 0x0000000087200000|  0%| F|  |TAMS 0x0000000087100000| PB 0x0000000087100000| Untracked 
|  96|0x0000000087200000, 0x0000000087200000, 0x0000000087300000|  0%| F|  |TAMS 0x0000000087200000| PB 0x0000000087200000| Untracked 
|  97|0x0000000087300000, 0x0000000087300000, 0x0000000087400000|  0%| F|  |TAMS 0x0000000087300000| PB 0x0000000087300000| Untracked 
|  98|0x0000000087400000, 0x0000000087400000, 0x0000000087500000|  0%| F|  |TAMS 0x0000000087400000| PB 0x0000000087400000| Untracked 
|  99|0x0000000087500000, 0x0000000087500000, 0x0000000087600000|  0%| F|  |TAMS 0x0000000087500000| PB 0x0000000087500000| Untracked 
| 100|0x0000000087600000, 0x0000000087600000, 0x0000000087700000|  0%| F|  |TAMS 0x0000000087600000| PB 0x0000000087600000| Untracked 
| 101|0x0000000087700000, 0x0000000087700000, 0x0000000087800000|  0%| F|  |TAMS 0x0000000087700000| PB 0x0000000087700000| Untracked 
| 102|0x0000000087800000, 0x0000000087800000, 0x0000000087900000|  0%| F|  |TAMS 0x0000000087800000| PB 0x0000000087800000| Untracked 
| 103|0x0000000087900000, 0x0000000087900000, 0x0000000087a00000|  0%| F|  |TAMS 0x0000000087900000| PB 0x0000000087900000| Untracked 
| 104|0x0000000087a00000, 0x0000000087a00000, 0x0000000087b00000|  0%| F|  |TAMS 0x0000000087a00000| PB 0x0000000087a00000| Untracked 
| 105|0x0000000087b00000, 0x0000000087b00000, 0x0000000087c00000|  0%| F|  |TAMS 0x0000000087b00000| PB 0x0000000087b00000| Untracked 
| 106|0x0000000087c00000, 0x0000000087c00000, 0x0000000087d00000|  0%| F|  |TAMS 0x0000000087c00000| PB 0x0000000087c00000| Untracked 
| 107|0x0000000087d00000, 0x0000000087d00000, 0x0000000087e00000|  0%| F|  |TAMS 0x0000000087d00000| PB 0x0000000087d00000| Untracked 
| 108|0x0000000087e00000, 0x0000000087e00000, 0x0000000087f00000|  0%| F|  |TAMS 0x0000000087e00000| PB 0x0000000087e00000| Untracked 
| 109|0x0000000087f00000, 0x0000000087f00000, 0x0000000088000000|  0%| F|  |TAMS 0x0000000087f00000| PB 0x0000000087f00000| Untracked 
| 110|0x0000000088000000, 0x0000000088000000, 0x0000000088100000|  0%| F|  |TAMS 0x0000000088000000| PB 0x0000000088000000| Untracked 
| 111|0x0000000088100000, 0x0000000088100000, 0x0000000088200000|  0%| F|  |TAMS 0x0000000088100000| PB 0x0000000088100000| Untracked 
| 112|0x0000000088200000, 0x0000000088200000, 0x0000000088300000|  0%| F|  |TAMS 0x0000000088200000| PB 0x0000000088200000| Untracked 
| 113|0x0000000088300000, 0x0000000088300000, 0x0000000088400000|  0%| F|  |TAMS 0x0000000088300000| PB 0x0000000088300000| Untracked 
| 114|0x0000000088400000, 0x0000000088400000, 0x0000000088500000|  0%| F|  |TAMS 0x0000000088400000| PB 0x0000000088400000| Untracked 
| 115|0x0000000088500000, 0x0000000088500000, 0x0000000088600000|  0%| F|  |TAMS 0x0000000088500000| PB 0x0000000088500000| Untracked 
| 116|0x0000000088600000, 0x0000000088600000, 0x0000000088700000|  0%| F|  |TAMS 0x0000000088600000| PB 0x0000000088600000| Untracked 
| 117|0x0000000088700000, 0x0000000088700000, 0x0000000088800000|  0%| F|  |TAMS 0x0000000088700000| PB 0x0000000088700000| Untracked 
| 118|0x0000000088800000, 0x0000000088800000, 0x0000000088900000|  0%| F|  |TAMS 0x0000000088800000| PB 0x0000000088800000| Untracked 
| 119|0x0000000088900000, 0x0000000088900000, 0x0000000088a00000|  0%| F|  |TAMS 0x0000000088900000| PB 0x0000000088900000| Untracked 
| 120|0x0000000088a00000, 0x0000000088a00000, 0x0000000088b00000|  0%| F|  |TAMS 0x0000000088a00000| PB 0x0000000088a00000| Untracked 
| 121|0x0000000088b00000, 0x0000000088b00000, 0x0000000088c00000|  0%| F|  |TAMS 0x0000000088b00000| PB 0x0000000088b00000| Untracked 
| 122|0x0000000088c00000, 0x0000000088c00000, 0x0000000088d00000|  0%| F|  |TAMS 0x0000000088c00000| PB 0x0000000088c00000| Untracked 
| 123|0x0000000088d00000, 0x0000000088d00000, 0x0000000088e00000|  0%| F|  |TAMS 0x0000000088d00000| PB 0x0000000088d00000| Untracked 
| 124|0x0000000088e00000, 0x0000000088e00000, 0x0000000088f00000|  0%| F|  |TAMS 0x0000000088e00000| PB 0x0000000088e00000| Untracked 
| 125|0x0000000088f00000, 0x0000000088f00000, 0x0000000089000000|  0%| F|  |TAMS 0x0000000088f00000| PB 0x0000000088f00000| Untracked 
| 126|0x0000000089000000, 0x0000000089000000, 0x0000000089100000|  0%| F|  |TAMS 0x0000000089000000| PB 0x0000000089000000| Untracked 
| 127|0x0000000089100000, 0x0000000089142910, 0x0000000089200000| 26%| E|  |TAMS 0x0000000089100000| PB 0x0000000089100000| Complete 

Card table byte_map: [0x00000235ffae0000,0x00000235ffee0000] _byte_map_base: 0x00000235ff6d7000

Marking Bits: (CMBitMap*) 0x00000235ff680bd0
 Bits: [0x0000023598820000, 0x000002359a7d8000)

Polling page: 0x00000235fe890000

Metaspace:

Usage:
  Non-class:      5.55 KB used.
      Class:    976 bytes used.
       Both:      6.50 KB used.

Virtual space:
  Non-class space:       64.00 MB reserved,      64.00 KB ( <1%) committed,  1 nodes.
      Class space:        1.00 GB reserved,      64.00 KB ( <1%) committed,  1 nodes.
             Both:        1.06 GB reserved,     128.00 KB ( <1%) committed. 

Chunk freelists:
   Non-Class:  0 bytes
       Class:  3.75 MB
        Both:  3.75 MB

MaxMetaspaceSize: unlimited
CompressedClassSpaceSize: 1.00 GB
Initial GC threshold: 21.00 MB
Current GC threshold: 17179869184.00 GB
CDS: on
MetaspaceReclaimPolicy: balanced
 - commit_granule_bytes: 65536.
 - commit_granule_words: 8192.
 - virtual_space_node_default_size: 8388608.
 - enlarge_chunks_in_place: 1.
 - new_chunks_are_fully_committed: 0.
 - uncommit_free_chunks: 1.
 - use_allocation_guard: 0.


Internal statistics:

num_allocs_failed_limit: 0.
num_arena_births: 2.
num_arena_deaths: 0.
num_vsnodes_births: 2.
num_vsnodes_deaths: 0.
num_space_committed: 2.
num_space_uncommitted: 0.
num_chunks_returned_to_freelist: 0.
num_chunks_taken_from_freelist: 3.
num_chunk_merges: 0.
num_chunk_splits: 1.
num_chunks_enlarged: 0.
num_inconsistent_stats: 0.

CodeHeap 'non-profiled nmethods': size=120000Kb used=0Kb max_used=0Kb free=120000Kb
 bounds [0x0000023590ef0000, 0x0000023591160000, 0x0000023598420000]
CodeHeap 'profiled nmethods': size=120000Kb used=0Kb max_used=0Kb free=120000Kb
 bounds [0x0000023589420000, 0x0000023589690000, 0x0000023590950000]
CodeHeap 'non-nmethods': size=5760Kb used=496Kb max_used=496Kb free=5263Kb
 bounds [0x0000023590950000, 0x0000023590bc0000, 0x0000023590ef0000]
 total_blobs=135 nmethods=0 adapters=106
 compilation: enabled
              stopped_count=0, restarted_count=0
 full_count=0

Compilation events (0 events):
No events

GC Heap History (0 events):
No events

Dll operation events (2 events):
Event: 0.012 Loaded shared library C:\Program Files\Java\jdk-20\bin\java.dll
Event: 0.035 Loaded shared library C:\Program Files\Java\jdk-20\bin\jsvml.dll

Deoptimization events (0 events):
No events

Classes loaded (0 events):
No events

Classes unloaded (0 events):
No events

Classes redefined (0 events):
No events

Internal exceptions (0 events):
No events

VM Operations (0 events):
No events

Events (1 events):
Event: 0.036 Thread 0x00000235ff6241f0 Thread added: 0x00000235ff6241f0


Dynamic libraries:
0x00007ff615420000 - 0x00007ff615430000 	C:\Program Files\Java\jdk-20\bin\java.exe
0x00007ffc13e70000 - 0x00007ffc14068000 	C:\WINDOWS\SYSTEM32\ntdll.dll
0x00007ffc13560000 - 0x00007ffc13621000 	C:\WINDOWS\System32\KERNEL32.DLL
0x00007ffc11770000 - 0x00007ffc11a6d000 	C:\WINDOWS\System32\KERNELBASE.dll
0x00007ffc0e6b0000 - 0x00007ffc0e744000 	C:\WINDOWS\SYSTEM32\apphelp.dll
0x00007ffc11bc0000 - 0x00007ffc11cc0000 	C:\WINDOWS\System32\ucrtbase.dll
0x00007ffc03990000 - 0x00007ffc039ab000 	C:\Program Files\Java\jdk-20\bin\VCRUNTIME140.dll
0x00007ffc0a910000 - 0x00007ffc0a929000 	C:\Program Files\Java\jdk-20\bin\jli.dll
0x00007ffc12fb0000 - 0x00007ffc13060000 	C:\WINDOWS\System32\ADVAPI32.dll
0x00007ffc13700000 - 0x00007ffc1379e000 	C:\WINDOWS\System32\msvcrt.dll
0x00007ffc13630000 - 0x00007ffc136d0000 	C:\WINDOWS\System32\sechost.dll
0x00007ffc123a0000 - 0x00007ffc124c3000 	C:\WINDOWS\System32\RPCRT4.dll
0x00007ffc11740000 - 0x00007ffc11767000 	C:\WINDOWS\System32\bcrypt.dll
0x00007ffc11ea0000 - 0x00007ffc1203d000 	C:\WINDOWS\System32\USER32.dll
0x00007ffc11cc0000 - 0x00007ffc11ce2000 	C:\WINDOWS\System32\win32u.dll
0x00007ffc13990000 - 0x00007ffc139bb000 	C:\WINDOWS\System32\GDI32.dll
0x00007ffc11cf0000 - 0x00007ffc11e07000 	C:\WINDOWS\System32\gdi32full.dll
0x00007ffc11b20000 - 0x00007ffc11bbd000 	C:\WINDOWS\System32\msvcp_win.dll
0x00007ffbfe7b0000 - 0x00007ffbfea4a000 	C:\WINDOWS\WinSxS\amd64_microsoft.windows.common-controls_6595b64144ccf1df_6.0.19041.4355_none_60b8b9eb71f62e16\COMCTL32.dll
0x00007ffbff1b0000 - 0x00007ffbff1ba000 	C:\WINDOWS\SYSTEM32\VERSION.dll
0x00007ffc136d0000 - 0x00007ffc136ff000 	C:\WINDOWS\System32\IMM32.DLL
0x00007ffc0aa30000 - 0x00007ffc0aa3c000 	C:\Program Files\Java\jdk-20\bin\vcruntime140_1.dll
0x00007ffbe3380000 - 0x00007ffbe340e000 	C:\Program Files\Java\jdk-20\bin\msvcp140.dll
0x00007ffbdfee0000 - 0x00007ffbe0b78000 	C:\Program Files\Java\jdk-20\bin\server\jvm.dll
0x00007ffbf5940000 - 0x00007ffbf5949000 	C:\WINDOWS\SYSTEM32\WSOCK32.dll
0x00007ffbf1020000 - 0x00007ffbf1047000 	C:\WINDOWS\SYSTEM32\WINMM.dll
0x00007ffc122d0000 - 0x00007ffc1233b000 	C:\WINDOWS\System32\WS2_32.dll
0x00007ffc0f340000 - 0x00007ffc0f352000 	C:\WINDOWS\SYSTEM32\kernel.appcore.dll
0x00007ffc09450000 - 0x00007ffc0945a000 	C:\Program Files\Java\jdk-20\bin\jimage.dll
0x00007ffc0b7f0000 - 0x00007ffc0b9d4000 	C:\WINDOWS\SYSTEM32\DBGHELP.DLL
0x00007ffbf6f80000 - 0x00007ffbf6fb4000 	C:\WINDOWS\SYSTEM32\dbgcore.DLL
0x00007ffc11e10000 - 0x00007ffc11e92000 	C:\WINDOWS\System32\bcryptPrimitives.dll
0x00007ffc022b0000 - 0x00007ffc022d6000 	C:\Program Files\Java\jdk-20\bin\java.dll
0x00007ffbedf00000 - 0x00007ffbedfd7000 	C:\Program Files\Java\jdk-20\bin\jsvml.dll

dbghelp: loaded successfully - version: 4.0.5 - missing functions: none
symbol engine: initialized successfully - sym options: 0x614 - pdb path: .;C:\Program Files\Java\jdk-20\bin;C:\WINDOWS\SYSTEM32;C:\WINDOWS\WinSxS\amd64_microsoft.windows.common-controls_6595b64144ccf1df_6.0.19041.4355_none_60b8b9eb71f62e16;C:\Program Files\Java\jdk-20\bin\server

VM Arguments:
jvm_args: -Dfile.encoding=UTF-8 --module-path=C:\Users\My Pc\Documents\NetBeansProjects\university management(ERP)\build\classes 
java_command: university.management.erp.TeacherLeave
java_class_path (initial): C:\Users\My Pc\Downloads\postgresql-42.7.3.jar;C:\Users\My Pc\Downloads\Jar-20240830T185756Z-001\Jar\mysql-connector-java-8.0.28.jar;C:\Users\My Pc\Downloads\Jar-20240830T185756Z-001\Jar\jcalendar-tz-1.3.3-4.jar;C:\Users\My Pc\Downloads\Jar-20240830T185756Z-001\Jar\rs2xml.jar;C:\Users\My Pc\Documents\NetBeansProjects\university management(ERP)\build\classes
Launcher Type: SUN_STANDARD

[Global flags]
     intx CICompilerCount                          = 3                                         {product} {ergonomic}
     uint ConcGCThreads                            = 1                                         {product} {ergonomic}
     uint G1ConcRefinementThreads                  = 4                                         {product} {ergonomic}
   size_t G1HeapRegionSize                         = 1048576                                   {product} {ergonomic}
    uintx GCDrainStackTargetSize                   = 64                                        {product} {ergonomic}
   size_t InitialHeapSize                          = 134217728                                 {product} {ergonomic}
   size_t MarkStackSize                            = 4194304                                   {product} {ergonomic}
   size_t MaxHeapSize                              = 2128609280                                {product} {ergonomic}
   size_t MaxNewSize                               = 1277165568                                {product} {ergonomic}
   size_t MinHeapDeltaBytes                        = 1048576                                   {product} {ergonomic}
   size_t MinHeapSize                              = 8388608                                   {product} {ergonomic}
    uintx NonNMethodCodeHeapSize                   = 5832780                                {pd product} {ergonomic}
    uintx NonProfiledCodeHeapSize                  = 122912730                              {pd product} {ergonomic}
    uintx ProfiledCodeHeapSize                     = 122912730                              {pd product} {ergonomic}
    uintx ReservedCodeCacheSize                    = 251658240                              {pd product} {ergonomic}
     bool SegmentedCodeCache                       = true                                      {product} {ergonomic}
   size_t SoftMaxHeapSize                          = 2128609280                             {manageable} {ergonomic}
     bool UseCompressedClassPointers               = true                           {product lp64_product} {ergonomic}
     bool UseCompressedOops                        = true                           {product lp64_product} {ergonomic}
     bool UseG1GC                                  = true                                      {product} {ergonomic}
     bool UseLargePagesIndividualAllocation        = false                                  {pd product} {ergonomic}

Logging:
Log output configuration:
 #0: stdout all=warning uptime,level,tags foldmultilines=false
 #1: stderr all=off uptime,level,tags foldmultilines=false

Environment Variables:
PATH=C:\Program Files\Common Files\Oracle\Java\javapath;C:\Program Files (x86)\Common Files\Oracle\Java\javapath;C:\Program Files\Microsoft\jdk-11.0.16.101-hotspot\bin;C:\WINDOWS\system32;C:\WINDOWS;C:\WINDOWS\System32\Wbem;C:\WINDOWS\System32\WindowsPowerShell\v1.0\;C:\WINDOWS\System32\OpenSSH\;C:\MinGW\bin;C:\Program Files\nodejs\;C:\Users\My Pc\Desktop\flutter_windows_3.16.3-stable\flutter\bin;C:\Program Files\dotnet\;C:\Program Files (x86)\Incredibuild;C:\Program Files (x86)\Windows Kits\10\Windows Performance Toolkit\;C:\Program Files\Java\jdk-20\bin;C:\Program Files\Git\cmd;C:\Program Files\MySQL\MySQL Server 8.0\bin;C:\Program Files\MySQL\MySQL Shell 8.0\bin\;C:\Users\My Pc\AppData\Local\Programs\Python\Python311\Scripts\;C:\Users\My Pc\AppData\Local\Programs\Python\Python311\;C:\Users\My Pc\AppData\Local\Microsoft\WindowsApps;C:\Users\My Pc\AppData\Local\Programs\Microsoft VS Code\bin;C:\Users\My Pc\AppData\Roaming\npm;C:\Users\My Pc\Desktop\flutter_windows_3.16.3-stable\flutter\bin;C:\Users\My Pc\.dotnet\tools;
USERNAME=My Pc
OS=Windows_NT
PROCESSOR_IDENTIFIER=Intel64 Family 6 Model 78 Stepping 3, GenuineIntel
TMP=C:\Users\MYPC~1\AppData\Local\Temp
TEMP=C:\Users\MYPC~1\AppData\Local\Temp




---------------  S Y S T E M  ---------------

OS:
 Windows 10 , 64 bit Build 19041 (10.0.19041.4717)
OS uptime: 3 days 22:30 hours
Hyper-V role detected

CPU: total 4 (initial active 4) (2 cores per cpu, 2 threads per core) family 6 model 78 stepping 3 microcode 0xea, cx8, cmov, fxsr, ht, mmx, 3dnowpref, sse, sse2, sse3, ssse3, sse4.1, sse4.2, popcnt, lzcnt, tsc, tscinvbit, avx, avx2, aes, erms, clmul, bmi1, bmi2, rtm, adx, fma, vzeroupper, clflush, clflushopt, hv, rdtscp, f16c

Memory: 4k page, system-wide physical 8113M (1385M free)
TotalPageFile size 32689M (AvailPageFile size 3M)
current process WorkingSet (physical memory assigned to process): 27M, peak: 27M
current process commit charge ("private bytes"): 197M, peak: 197M

vm_info: Java HotSpot(TM) 64-Bit Server VM (20.0.2+9-78) for windows-amd64 JRE (20.0.2+9-78), built on 2023-06-14T10:08:48Z by "mach5one" with MS VC++ 17.1 (VS2022)

END.
