#
# There is insufficient memory for the Java Runtime Environment to continue.
# Native memory allocation (malloc) failed to allocate 294256 bytes for Chunk::new
# Possible reasons:
#   The system is out of physical RAM or swap space
#   The process is running with CompressedOops enabled, and the Java Heap may be blocking the growth of the native heap
# Possible solutions:
#   Reduce memory load on the system
#   Increase physical memory or swap space
#   Check if swap backing store is full
#   Decrease Java heap size (-Xmx/-Xms)
#   Decrease number of Java threads
#   Decrease Java thread stack sizes (-Xss)
#   Set larger code cache with -XX:ReservedCodeCacheSize=
#   JVM is running with Unscaled Compressed Oops mode in which the Java heap is
#     placed in the first 4GB address space. The Java Heap base address is the
#     maximum limit for the native heap growth. Please use -XX:HeapBaseMinAddress
#     to set the Java Heap base and to place the Java Heap above 4GB virtual address.
# This output file may be truncated or incomplete.
#
#  Out of Memory Error (arena.cpp:184), pid=27228, tid=25812
#
# JRE version: Java(TM) SE Runtime Environment (20.0.2+9) (build 20.0.2+9-78)
# Java VM: Java HotSpot(TM) 64-Bit Server VM (20.0.2+9-78, mixed mode, sharing, tiered, compressed oops, compressed class ptrs, g1 gc, windows-amd64)
# No core dump will be written. Minidumps are not enabled by default on client versions of Windows
#

---------------  S U M M A R Y ------------

Command Line: -Dfile.encoding=UTF-8 --module-path=C:\Users\My Pc\Documents\NetBeansProjects\university management(ERP)\build\classes university.management.erp.StudentLeave

Host: Intel(R) Core(TM) i7-6650U CPU @ 2.20GHz, 4 cores, 7G,  Windows 10 , 64 bit Build 19041 (10.0.19041.4717)
Time: Sat Aug 31 18:55:54 2024 India Standard Time elapsed time: 1.389381 seconds (0d 0h 0m 1s)

---------------  T H R E A D  ---------------

Current thread (0x00000270ff65fea0):  JavaThread "C2 CompilerThread0" daemon [_thread_in_native, id=25812, stack(0x000000a17a100000,0x000000a17a200000)]


Current CompileTask:
C2:   1389 1509       4       sun.util.locale.BaseLocale::getInstance (150 bytes)

Stack: [0x000000a17a100000,0x000000a17a200000]
Native frames: (J=compiled Java code, j=interpreted, Vv=VM code, C=native code)
V  [jvm.dll+0x6bc25a]
V  [jvm.dll+0x84971a]
V  [jvm.dll+0x84b315]
V  [jvm.dll+0x84ba13]
V  [jvm.dll+0x280e4f]
V  [jvm.dll+0xc2ab1]
V  [jvm.dll+0xc2dd5]
V  [jvm.dll+0x2f611f]
V  [jvm.dll+0x5e3b0b]
V  [jvm.dll+0x254684]
V  [jvm.dll+0x254a4f]
V  [jvm.dll+0x24d23d]
V  [jvm.dll+0x24a819]
V  [jvm.dll+0x1ce761]
V  [jvm.dll+0x25a0eb]
V  [jvm.dll+0x2587c0]
V  [jvm.dll+0x3f2dd5]
V  [jvm.dll+0x7f5c76]
V  [jvm.dll+0x6baecb]
C  [ucrtbase.dll+0x21bb2]
C  [KERNEL32.DLL+0x17374]
C  [ntdll.dll+0x4cc91]


---------------  P R O C E S S  ---------------

Threads class SMR info:
_java_thread_list=0x00000270e2828e20, length=17, elements={
0x00000270fe4b3870, 0x00000270ff653a50, 0x00000270ff656900, 0x00000270ff659300,
0x00000270ff65a3e0, 0x00000270ff65bd30, 0x00000270ff65ca90, 0x00000270ff65fea0,
0x00000270ff666670, 0x00000270ff620250, 0x00000270e02d3c70, 0x00000270e0469b20,
0x00000270e046a070, 0x00000270e046c050, 0x00000270e046ab10, 0x00000270e25e2960,
0x00000270e046b5b0
}

Java Threads: ( => current thread )
  0x00000270fe4b3870 JavaThread "main" [_thread_in_vm, id=27932, stack(0x000000a179400000,0x000000a179500000)]
  0x00000270ff653a50 JavaThread "Reference Handler" daemon [_thread_blocked, id=28264, stack(0x000000a179b00000,0x000000a179c00000)]
  0x00000270ff656900 JavaThread "Finalizer" daemon [_thread_blocked, id=26944, stack(0x000000a179c00000,0x000000a179d00000)]
  0x00000270ff659300 JavaThread "Signal Dispatcher" daemon [_thread_blocked, id=26912, stack(0x000000a179d00000,0x000000a179e00000)]
  0x00000270ff65a3e0 JavaThread "Attach Listener" daemon [_thread_blocked, id=21252, stack(0x000000a179e00000,0x000000a179f00000)]
  0x00000270ff65bd30 JavaThread "Service Thread" daemon [_thread_blocked, id=23848, stack(0x000000a179f00000,0x000000a17a000000)]
  0x00000270ff65ca90 JavaThread "Monitor Deflation Thread" daemon [_thread_blocked, id=25420, stack(0x000000a17a000000,0x000000a17a100000)]
=>0x00000270ff65fea0 JavaThread "C2 CompilerThread0" daemon [_thread_in_native, id=25812, stack(0x000000a17a100000,0x000000a17a200000)]
  0x00000270ff666670 JavaThread "C1 CompilerThread0" daemon [_thread_in_vm, id=24648, stack(0x000000a17a200000,0x000000a17a300000)]
  0x00000270ff620250 JavaThread "Common-Cleaner" daemon [_thread_blocked, id=24148, stack(0x000000a17a300000,0x000000a17a400000)]
  0x00000270e02d3c70 JavaThread "Notification Thread" daemon [_thread_blocked, id=5252, stack(0x000000a17a400000,0x000000a17a500000)]
  0x00000270e0469b20 JavaThread "Java2D Disposer" daemon [_thread_blocked, id=29476, stack(0x000000a17a600000,0x000000a17a700000)]
  0x00000270e046a070 JavaThread "AWT-Shutdown" [_thread_blocked, id=18076, stack(0x000000a17a700000,0x000000a17a800000)]
  0x00000270e046c050 JavaThread "AWT-Windows" daemon [_thread_in_native, id=29612, stack(0x000000a17a800000,0x000000a17a900000)]
  0x00000270e046ab10 JavaThread "mysql-cj-abandoned-connection-cleanup" daemon [_thread_blocked, id=20156, stack(0x000000a17a900000,0x000000a17aa00000)]
  0x00000270e25e2960 JavaThread "C2 CompilerThread1" daemon [_thread_in_native, id=27780, stack(0x000000a17aa00000,0x000000a17ab00000)]
  0x00000270e046b5b0 JavaThread "AWT-EventQueue-0" [_thread_blocked, id=29652, stack(0x000000a17ae00000,0x000000a17af00000)]

Other Threads:
  0x00000270ff635610 VMThread "VM Thread" [stack: 0x000000a179a00000,0x000000a179b00000] [id=29588]
  0x00000270e0344880 WatcherThread "VM Periodic Task Thread" [stack: 0x000000a17a500000,0x000000a17a600000] [id=29348]
  0x00000270fe50ede0 WorkerThread "GC Thread#0" [stack: 0x000000a179500000,0x000000a179600000] [id=25276]
  0x00000270e2750e30 WorkerThread "GC Thread#1" [stack: 0x000000a17ab00000,0x000000a17ac00000] [id=25348]
  0x00000270e270c730 WorkerThread "GC Thread#2" [stack: 0x000000a17ac00000,0x000000a17ad00000] [id=28460]
  0x00000270e270ce10 WorkerThread "GC Thread#3" [stack: 0x000000a17ad00000,0x000000a17ae00000] [id=28584]
  0x00000270fe51fab0 ConcurrentGCThread "G1 Main Marker" [stack: 0x000000a179600000,0x000000a179700000] [id=16048]
  0x00000270fe5214f0 WorkerThread "G1 Conc#0" [stack: 0x000000a179700000,0x000000a179800000] [id=25040]
  0x00000270ff4e54e0 ConcurrentGCThread "G1 Refine#0" [stack: 0x000000a179800000,0x000000a179900000] [id=19972]
  0x00000270ff4e5f80 ConcurrentGCThread "G1 Service" [stack: 0x000000a179900000,0x000000a179a00000] [id=8788]

Threads with active compile tasks:
C2 CompilerThread0     1430 1509       4       sun.util.locale.BaseLocale::getInstance (150 bytes)
C1 CompilerThread0     1430 1592       3       sun.awt.SunToolkit::isInstanceOf (71 bytes)
C2 CompilerThread1     1430 1583       4       java.util.HashMap::getNode (150 bytes)

VM state: not at safepoint (normal execution)

VM Mutex/Monitor currently owned by a thread: None

Heap address: 0x0000000081200000, size: 2030 MB, Compressed Oops mode: 32-bit

CDS archive(s) mapped at: [0x000002709b000000-0x000002709bc60000-0x000002709bc60000), size 12976128, SharedBaseAddress: 0x000002709b000000, ArchiveRelocationMode: 1.
Compressed class space mapped at: 0x000002709c000000-0x00000270dc000000, reserved size: 1073741824
Narrow klass base: 0x000002709b000000, Narrow klass shift: 0, Narrow klass range: 0x100000000

GC Precious Log:
 CardTable entry size: 512
 Card Set container configuration: InlinePtr #cards 5 size 8 Array Of Cards #cards 12 size 40 Howl #buckets 4 coarsen threshold 1843 Howl Bitmap #cards 512 size 80 coarsen threshold 460 Card regions per heap region 1 cards per card region 2048
 CPUs: 4 total, 4 available
 Memory: 8113M
 Large Page Support: Disabled
 NUMA Support: Disabled
 Compressed Oops: Enabled (32-bit)
 Heap Region Size: 1M
 Heap Min Capacity: 8M
 Heap Initial Capacity: 128M
 Heap Max Capacity: 2030M
 Pre-touch: Disabled
 Parallel Workers: 4
 Concurrent Workers: 1
 Concurrent Refinement Workers: 4
 Periodic GC: Disabled

Heap:
 garbage-first heap   total 131072K, used 10624K [0x0000000081200000, 0x0000000100000000)
  region size 1024K, 10 young (10240K), 2 survivors (2048K)
 Metaspace       used 16603K, committed 16768K, reserved 1114112K
  class space    used 1899K, committed 1984K, reserved 1048576K

Heap Regions: E=young(eden), S=young(survivor), O=old, HS=humongous(starts), HC=humongous(continues), CS=collection set, F=free, OA=open archive, CA=closed archive, TAMS=top-at-mark-start, PB=parsable bottom
|   0|0x0000000081200000, 0x0000000081300000, 0x0000000081300000|100%| O|  |TAMS 0x0000000081200000| PB 0x0000000081200000| Untracked 
|   1|0x0000000081300000, 0x0000000081360000, 0x0000000081400000| 37%| O|  |TAMS 0x0000000081300000| PB 0x0000000081300000| Untracked 
|   2|0x0000000081400000, 0x0000000081400000, 0x0000000081500000|  0%| F|  |TAMS 0x0000000081400000| PB 0x0000000081400000| Untracked 
|   3|0x0000000081500000, 0x0000000081500000, 0x0000000081600000|  0%| F|  |TAMS 0x0000000081500000| PB 0x0000000081500000| Untracked 
|   4|0x0000000081600000, 0x0000000081600000, 0x0000000081700000|  0%| F|  |TAMS 0x0000000081600000| PB 0x0000000081600000| Untracked 
|   5|0x0000000081700000, 0x0000000081700000, 0x0000000081800000|  0%| F|  |TAMS 0x0000000081700000| PB 0x0000000081700000| Untracked 
|   6|0x0000000081800000, 0x0000000081800000, 0x0000000081900000|  0%| F|  |TAMS 0x0000000081800000| PB 0x0000000081800000| Untracked 
|   7|0x0000000081900000, 0x0000000081900000, 0x0000000081a00000|  0%| F|  |TAMS 0x0000000081900000| PB 0x0000000081900000| Untracked 
|   8|0x0000000081a00000, 0x0000000081a00000, 0x0000000081b00000|  0%| F|  |TAMS 0x0000000081a00000| PB 0x0000000081a00000| Untracked 
|   9|0x0000000081b00000, 0x0000000081b00000, 0x0000000081c00000|  0%| F|  |TAMS 0x0000000081b00000| PB 0x0000000081b00000| Untracked 
|  10|0x0000000081c00000, 0x0000000081c00000, 0x0000000081d00000|  0%| F|  |TAMS 0x0000000081c00000| PB 0x0000000081c00000| Untracked 
|  11|0x0000000081d00000, 0x0000000081d00000, 0x0000000081e00000|  0%| F|  |TAMS 0x0000000081d00000| PB 0x0000000081d00000| Untracked 
|  12|0x0000000081e00000, 0x0000000081e00000, 0x0000000081f00000|  0%| F|  |TAMS 0x0000000081e00000| PB 0x0000000081e00000| Untracked 
|  13|0x0000000081f00000, 0x0000000081f00000, 0x0000000082000000|  0%| F|  |TAMS 0x0000000081f00000| PB 0x0000000081f00000| Untracked 
|  14|0x0000000082000000, 0x0000000082000000, 0x0000000082100000|  0%| F|  |TAMS 0x0000000082000000| PB 0x0000000082000000| Untracked 
|  15|0x0000000082100000, 0x0000000082100000, 0x0000000082200000|  0%| F|  |TAMS 0x0000000082100000| PB 0x0000000082100000| Untracked 
|  16|0x0000000082200000, 0x0000000082200000, 0x0000000082300000|  0%| F|  |TAMS 0x0000000082200000| PB 0x0000000082200000| Untracked 
|  17|0x0000000082300000, 0x0000000082300000, 0x0000000082400000|  0%| F|  |TAMS 0x0000000082300000| PB 0x0000000082300000| Untracked 
|  18|0x0000000082400000, 0x0000000082400000, 0x0000000082500000|  0%| F|  |TAMS 0x0000000082400000| PB 0x0000000082400000| Untracked 
|  19|0x0000000082500000, 0x0000000082500000, 0x0000000082600000|  0%| F|  |TAMS 0x0000000082500000| PB 0x0000000082500000| Untracked 
|  20|0x0000000082600000, 0x0000000082600000, 0x0000000082700000|  0%| F|  |TAMS 0x0000000082600000| PB 0x0000000082600000| Untracked 
|  21|0x0000000082700000, 0x0000000082700000, 0x0000000082800000|  0%| F|  |TAMS 0x0000000082700000| PB 0x0000000082700000| Untracked 
|  22|0x0000000082800000, 0x0000000082800000, 0x0000000082900000|  0%| F|  |TAMS 0x0000000082800000| PB 0x0000000082800000| Untracked 
|  23|0x0000000082900000, 0x0000000082900000, 0x0000000082a00000|  0%| F|  |TAMS 0x0000000082900000| PB 0x0000000082900000| Untracked 
|  24|0x0000000082a00000, 0x0000000082a00000, 0x0000000082b00000|  0%| F|  |TAMS 0x0000000082a00000| PB 0x0000000082a00000| Untracked 
|  25|0x0000000082b00000, 0x0000000082b00000, 0x0000000082c00000|  0%| F|  |TAMS 0x0000000082b00000| PB 0x0000000082b00000| Untracked 
|  26|0x0000000082c00000, 0x0000000082c00000, 0x0000000082d00000|  0%| F|  |TAMS 0x0000000082c00000| PB 0x0000000082c00000| Untracked 
|  27|0x0000000082d00000, 0x0000000082d00000, 0x0000000082e00000|  0%| F|  |TAMS 0x0000000082d00000| PB 0x0000000082d00000| Untracked 
|  28|0x0000000082e00000, 0x0000000082e00000, 0x0000000082f00000|  0%| F|  |TAMS 0x0000000082e00000| PB 0x0000000082e00000| Untracked 
|  29|0x0000000082f00000, 0x0000000082f00000, 0x0000000083000000|  0%| F|  |TAMS 0x0000000082f00000| PB 0x0000000082f00000| Untracked 
|  30|0x0000000083000000, 0x0000000083000000, 0x0000000083100000|  0%| F|  |TAMS 0x0000000083000000| PB 0x0000000083000000| Untracked 
|  31|0x0000000083100000, 0x0000000083100000, 0x0000000083200000|  0%| F|  |TAMS 0x0000000083100000| PB 0x0000000083100000| Untracked 
|  32|0x0000000083200000, 0x0000000083200000, 0x0000000083300000|  0%| F|  |TAMS 0x0000000083200000| PB 0x0000000083200000| Untracked 
|  33|0x0000000083300000, 0x0000000083300000, 0x0000000083400000|  0%| F|  |TAMS 0x0000000083300000| PB 0x0000000083300000| Untracked 
|  34|0x0000000083400000, 0x0000000083400000, 0x0000000083500000|  0%| F|  |TAMS 0x0000000083400000| PB 0x0000000083400000| Untracked 
|  35|0x0000000083500000, 0x0000000083500000, 0x0000000083600000|  0%| F|  |TAMS 0x0000000083500000| PB 0x0000000083500000| Untracked 
|  36|0x0000000083600000, 0x0000000083600000, 0x0000000083700000|  0%| F|  |TAMS 0x0000000083600000| PB 0x0000000083600000| Untracked 
|  37|0x0000000083700000, 0x0000000083700000, 0x0000000083800000|  0%| F|  |TAMS 0x0000000083700000| PB 0x0000000083700000| Untracked 
|  38|0x0000000083800000, 0x0000000083800000, 0x0000000083900000|  0%| F|  |TAMS 0x0000000083800000| PB 0x0000000083800000| Untracked 
|  39|0x0000000083900000, 0x0000000083900000, 0x0000000083a00000|  0%| F|  |TAMS 0x0000000083900000| PB 0x0000000083900000| Untracked 
|  40|0x0000000083a00000, 0x0000000083a00000, 0x0000000083b00000|  0%| F|  |TAMS 0x0000000083a00000| PB 0x0000000083a00000| Untracked 
|  41|0x0000000083b00000, 0x0000000083b00000, 0x0000000083c00000|  0%| F|  |TAMS 0x0000000083b00000| PB 0x0000000083b00000| Untracked 
|  42|0x0000000083c00000, 0x0000000083c00000, 0x0000000083d00000|  0%| F|  |TAMS 0x0000000083c00000| PB 0x0000000083c00000| Untracked 
|  43|0x0000000083d00000, 0x0000000083d00000, 0x0000000083e00000|  0%| F|  |TAMS 0x0000000083d00000| PB 0x0000000083d00000| Untracked 
|  44|0x0000000083e00000, 0x0000000083e00000, 0x0000000083f00000|  0%| F|  |TAMS 0x0000000083e00000| PB 0x0000000083e00000| Untracked 
|  45|0x0000000083f00000, 0x0000000083f00000, 0x0000000084000000|  0%| F|  |TAMS 0x0000000083f00000| PB 0x0000000083f00000| Untracked 
|  46|0x0000000084000000, 0x0000000084000000, 0x0000000084100000|  0%| F|  |TAMS 0x0000000084000000| PB 0x0000000084000000| Untracked 
|  47|0x0000000084100000, 0x0000000084100000, 0x0000000084200000|  0%| F|  |TAMS 0x0000000084100000| PB 0x0000000084100000| Untracked 
|  48|0x0000000084200000, 0x0000000084200000, 0x0000000084300000|  0%| F|  |TAMS 0x0000000084200000| PB 0x0000000084200000| Untracked 
|  49|0x0000000084300000, 0x0000000084300000, 0x0000000084400000|  0%| F|  |TAMS 0x0000000084300000| PB 0x0000000084300000| Untracked 
|  50|0x0000000084400000, 0x0000000084400000, 0x0000000084500000|  0%| F|  |TAMS 0x0000000084400000| PB 0x0000000084400000| Untracked 
|  51|0x0000000084500000, 0x0000000084500000, 0x0000000084600000|  0%| F|  |TAMS 0x0000000084500000| PB 0x0000000084500000| Untracked 
|  52|0x0000000084600000, 0x0000000084600000, 0x0000000084700000|  0%| F|  |TAMS 0x0000000084600000| PB 0x0000000084600000| Untracked 
|  53|0x0000000084700000, 0x0000000084700000, 0x0000000084800000|  0%| F|  |TAMS 0x0000000084700000| PB 0x0000000084700000| Untracked 
|  54|0x0000000084800000, 0x0000000084800000, 0x0000000084900000|  0%| F|  |TAMS 0x0000000084800000| PB 0x0000000084800000| Untracked 
|  55|0x0000000084900000, 0x0000000084900000, 0x0000000084a00000|  0%| F|  |TAMS 0x0000000084900000| PB 0x0000000084900000| Untracked 
|  56|0x0000000084a00000, 0x0000000084a00000, 0x0000000084b00000|  0%| F|  |TAMS 0x0000000084a00000| PB 0x0000000084a00000| Untracked 
|  57|0x0000000084b00000, 0x0000000084b00000, 0x0000000084c00000|  0%| F|  |TAMS 0x0000000084b00000| PB 0x0000000084b00000| Untracked 
|  58|0x0000000084c00000, 0x0000000084c00000, 0x0000000084d00000|  0%| F|  |TAMS 0x0000000084c00000| PB 0x0000000084c00000| Untracked 
|  59|0x0000000084d00000, 0x0000000084d00000, 0x0000000084e00000|  0%| F|  |TAMS 0x0000000084d00000| PB 0x0000000084d00000| Untracked 
|  60|0x0000000084e00000, 0x0000000084e00000, 0x0000000084f00000|  0%| F|  |TAMS 0x0000000084e00000| PB 0x0000000084e00000| Untracked 
|  61|0x0000000084f00000, 0x0000000084f00000, 0x0000000085000000|  0%| F|  |TAMS 0x0000000084f00000| PB 0x0000000084f00000| Untracked 
|  62|0x0000000085000000, 0x0000000085000000, 0x0000000085100000|  0%| F|  |TAMS 0x0000000085000000| PB 0x0000000085000000| Untracked 
|  63|0x0000000085100000, 0x0000000085100000, 0x0000000085200000|  0%| F|  |TAMS 0x0000000085100000| PB 0x0000000085100000| Untracked 
|  64|0x0000000085200000, 0x0000000085200000, 0x0000000085300000|  0%| F|  |TAMS 0x0000000085200000| PB 0x0000000085200000| Untracked 
|  65|0x0000000085300000, 0x0000000085300000, 0x0000000085400000|  0%| F|  |TAMS 0x0000000085300000| PB 0x0000000085300000| Untracked 
|  66|0x0000000085400000, 0x0000000085400000, 0x0000000085500000|  0%| F|  |TAMS 0x0000000085400000| PB 0x0000000085400000| Untracked 
|  67|0x0000000085500000, 0x0000000085500000, 0x0000000085600000|  0%| F|  |TAMS 0x0000000085500000| PB 0x0000000085500000| Untracked 
|  68|0x0000000085600000, 0x0000000085600000, 0x0000000085700000|  0%| F|  |TAMS 0x0000000085600000| PB 0x0000000085600000| Untracked 
|  69|0x0000000085700000, 0x0000000085700000, 0x0000000085800000|  0%| F|  |TAMS 0x0000000085700000| PB 0x0000000085700000| Untracked 
|  70|0x0000000085800000, 0x0000000085800000, 0x0000000085900000|  0%| F|  |TAMS 0x0000000085800000| PB 0x0000000085800000| Untracked 
|  71|0x0000000085900000, 0x0000000085900000, 0x0000000085a00000|  0%| F|  |TAMS 0x0000000085900000| PB 0x0000000085900000| Untracked 
|  72|0x0000000085a00000, 0x0000000085a00000, 0x0000000085b00000|  0%| F|  |TAMS 0x0000000085a00000| PB 0x0000000085a00000| Untracked 
|  73|0x0000000085b00000, 0x0000000085b00000, 0x0000000085c00000|  0%| F|  |TAMS 0x0000000085b00000| PB 0x0000000085b00000| Untracked 
|  74|0x0000000085c00000, 0x0000000085c00000, 0x0000000085d00000|  0%| F|  |TAMS 0x0000000085c00000| PB 0x0000000085c00000| Untracked 
|  75|0x0000000085d00000, 0x0000000085d00000, 0x0000000085e00000|  0%| F|  |TAMS 0x0000000085d00000| PB 0x0000000085d00000| Untracked 
|  76|0x0000000085e00000, 0x0000000085e00000, 0x0000000085f00000|  0%| F|  |TAMS 0x0000000085e00000| PB 0x0000000085e00000| Untracked 
|  77|0x0000000085f00000, 0x0000000085f00000, 0x0000000086000000|  0%| F|  |TAMS 0x0000000085f00000| PB 0x0000000085f00000| Untracked 
|  78|0x0000000086000000, 0x0000000086000000, 0x0000000086100000|  0%| F|  |TAMS 0x0000000086000000| PB 0x0000000086000000| Untracked 
|  79|0x0000000086100000, 0x0000000086100000, 0x0000000086200000|  0%| F|  |TAMS 0x0000000086100000| PB 0x0000000086100000| Untracked 
|  80|0x0000000086200000, 0x0000000086200000, 0x0000000086300000|  0%| F|  |TAMS 0x0000000086200000| PB 0x0000000086200000| Untracked 
|  81|0x0000000086300000, 0x0000000086300000, 0x0000000086400000|  0%| F|  |TAMS 0x0000000086300000| PB 0x0000000086300000| Untracked 
|  82|0x0000000086400000, 0x0000000086400000, 0x0000000086500000|  0%| F|  |TAMS 0x0000000086400000| PB 0x0000000086400000| Untracked 
|  83|0x0000000086500000, 0x0000000086500000, 0x0000000086600000|  0%| F|  |TAMS 0x0000000086500000| PB 0x0000000086500000| Untracked 
|  84|0x0000000086600000, 0x0000000086600000, 0x0000000086700000|  0%| F|  |TAMS 0x0000000086600000| PB 0x0000000086600000| Untracked 
|  85|0x0000000086700000, 0x0000000086700000, 0x0000000086800000|  0%| F|  |TAMS 0x0000000086700000| PB 0x0000000086700000| Untracked 
|  86|0x0000000086800000, 0x0000000086800000, 0x0000000086900000|  0%| F|  |TAMS 0x0000000086800000| PB 0x0000000086800000| Untracked 
|  87|0x0000000086900000, 0x0000000086900000, 0x0000000086a00000|  0%| F|  |TAMS 0x0000000086900000| PB 0x0000000086900000| Untracked 
|  88|0x0000000086a00000, 0x0000000086a00000, 0x0000000086b00000|  0%| F|  |TAMS 0x0000000086a00000| PB 0x0000000086a00000| Untracked 
|  89|0x0000000086b00000, 0x0000000086b00000, 0x0000000086c00000|  0%| F|  |TAMS 0x0000000086b00000| PB 0x0000000086b00000| Untracked 
|  90|0x0000000086c00000, 0x0000000086c00000, 0x0000000086d00000|  0%| F|  |TAMS 0x0000000086c00000| PB 0x0000000086c00000| Untracked 
|  91|0x0000000086d00000, 0x0000000086d00000, 0x0000000086e00000|  0%| F|  |TAMS 0x0000000086d00000| PB 0x0000000086d00000| Untracked 
|  92|0x0000000086e00000, 0x0000000086e00000, 0x0000000086f00000|  0%| F|  |TAMS 0x0000000086e00000| PB 0x0000000086e00000| Untracked 
|  93|0x0000000086f00000, 0x0000000086f00000, 0x0000000087000000|  0%| F|  |TAMS 0x0000000086f00000| PB 0x0000000086f00000| Untracked 
|  94|0x0000000087000000, 0x0000000087000000, 0x0000000087100000|  0%| F|  |TAMS 0x0000000087000000| PB 0x0000000087000000| Untracked 
|  95|0x0000000087100000, 0x0000000087100000, 0x0000000087200000|  0%| F|  |TAMS 0x0000000087100000| PB 0x0000000087100000| Untracked 
|  96|0x0000000087200000, 0x0000000087200000, 0x0000000087300000|  0%| F|  |TAMS 0x0000000087200000| PB 0x0000000087200000| Untracked 
|  97|0x0000000087300000, 0x0000000087300000, 0x0000000087400000|  0%| F|  |TAMS 0x0000000087300000| PB 0x0000000087300000| Untracked 
|  98|0x0000000087400000, 0x0000000087400000, 0x0000000087500000|  0%| F|  |TAMS 0x0000000087400000| PB 0x0000000087400000| Untracked 
|  99|0x0000000087500000, 0x0000000087500000, 0x0000000087600000|  0%| F|  |TAMS 0x0000000087500000| PB 0x0000000087500000| Untracked 
| 100|0x0000000087600000, 0x0000000087600000, 0x0000000087700000|  0%| F|  |TAMS 0x0000000087600000| PB 0x0000000087600000| Untracked 
| 101|0x0000000087700000, 0x0000000087700000, 0x0000000087800000|  0%| F|  |TAMS 0x0000000087700000| PB 0x0000000087700000| Untracked 
| 102|0x0000000087800000, 0x0000000087800000, 0x0000000087900000|  0%| F|  |TAMS 0x0000000087800000| PB 0x0000000087800000| Untracked 
| 103|0x0000000087900000, 0x0000000087900000, 0x0000000087a00000|  0%| F|  |TAMS 0x0000000087900000| PB 0x0000000087900000| Untracked 
| 104|0x0000000087a00000, 0x0000000087a00000, 0x0000000087b00000|  0%| F|  |TAMS 0x0000000087a00000| PB 0x0000000087a00000| Untracked 
| 105|0x0000000087b00000, 0x0000000087b00000, 0x0000000087c00000|  0%| F|  |TAMS 0x0000000087b00000| PB 0x0000000087b00000| Untracked 
| 106|0x0000000087c00000, 0x0000000087c00000, 0x0000000087d00000|  0%| F|  |TAMS 0x0000000087c00000| PB 0x0000000087c00000| Untracked 
| 107|0x0000000087d00000, 0x0000000087d00000, 0x0000000087e00000|  0%| F|  |TAMS 0x0000000087d00000| PB 0x0000000087d00000| Untracked 
| 108|0x0000000087e00000, 0x0000000087e00000, 0x0000000087f00000|  0%| F|  |TAMS 0x0000000087e00000| PB 0x0000000087e00000| Untracked 
| 109|0x0000000087f00000, 0x0000000087f00000, 0x0000000088000000|  0%| F|  |TAMS 0x0000000087f00000| PB 0x0000000087f00000| Untracked 
| 110|0x0000000088000000, 0x0000000088000000, 0x0000000088100000|  0%| F|  |TAMS 0x0000000088000000| PB 0x0000000088000000| Untracked 
| 111|0x0000000088100000, 0x0000000088100000, 0x0000000088200000|  0%| F|  |TAMS 0x0000000088100000| PB 0x0000000088100000| Untracked 
| 112|0x0000000088200000, 0x0000000088200000, 0x0000000088300000|  0%| F|  |TAMS 0x0000000088200000| PB 0x0000000088200000| Untracked 
| 113|0x0000000088300000, 0x0000000088400000, 0x0000000088400000|100%| S|CS|TAMS 0x0000000088300000| PB 0x0000000088300000| Complete 
| 114|0x0000000088400000, 0x0000000088500000, 0x0000000088500000|100%| S|CS|TAMS 0x0000000088400000| PB 0x0000000088400000| Complete 
| 115|0x0000000088500000, 0x0000000088500000, 0x0000000088600000|  0%| F|  |TAMS 0x0000000088500000| PB 0x0000000088500000| Untracked 
| 116|0x0000000088600000, 0x0000000088600000, 0x0000000088700000|  0%| F|  |TAMS 0x0000000088600000| PB 0x0000000088600000| Untracked 
| 117|0x0000000088700000, 0x0000000088700000, 0x0000000088800000|  0%| F|  |TAMS 0x0000000088700000| PB 0x0000000088700000| Untracked 
| 118|0x0000000088800000, 0x0000000088800000, 0x0000000088900000|  0%| F|  |TAMS 0x0000000088800000| PB 0x0000000088800000| Untracked 
| 119|0x0000000088900000, 0x0000000088900000, 0x0000000088a00000|  0%| F|  |TAMS 0x0000000088900000| PB 0x0000000088900000| Untracked 
| 120|0x0000000088a00000, 0x0000000088aad620, 0x0000000088b00000| 67%| E|  |TAMS 0x0000000088a00000| PB 0x0000000088a00000| Complete 
| 121|0x0000000088b00000, 0x0000000088c00000, 0x0000000088c00000|100%| E|CS|TAMS 0x0000000088b00000| PB 0x0000000088b00000| Complete 
| 122|0x0000000088c00000, 0x0000000088d00000, 0x0000000088d00000|100%| E|CS|TAMS 0x0000000088c00000| PB 0x0000000088c00000| Complete 
| 123|0x0000000088d00000, 0x0000000088e00000, 0x0000000088e00000|100%| E|CS|TAMS 0x0000000088d00000| PB 0x0000000088d00000| Complete 
| 124|0x0000000088e00000, 0x0000000088f00000, 0x0000000088f00000|100%| E|CS|TAMS 0x0000000088e00000| PB 0x0000000088e00000| Complete 
| 125|0x0000000088f00000, 0x0000000089000000, 0x0000000089000000|100%| E|CS|TAMS 0x0000000088f00000| PB 0x0000000088f00000| Complete 
| 126|0x0000000089000000, 0x0000000089100000, 0x0000000089100000|100%| E|CS|TAMS 0x0000000089000000| PB 0x0000000089000000| Complete 
| 127|0x0000000089100000, 0x0000000089200000, 0x0000000089200000|100%| E|CS|TAMS 0x0000000089100000| PB 0x0000000089100000| Complete 

Card table byte_map: [0x00000270fe970000,0x00000270fed70000] _byte_map_base: 0x00000270fe567000

Marking Bits: (CMBitMap*) 0x00000270fe50f410
 Bits: [0x0000027097010000, 0x0000027098fc8000)

Polling page: 0x00000270fc640000

Metaspace:

Usage:
  Non-class:     14.43 MB used.
      Class:      1.88 MB used.
       Both:     16.31 MB used.

Virtual space:
  Non-class space:       64.00 MB reserved,      14.56 MB ( 23%) committed,  1 nodes.
      Class space:        1.00 GB reserved,       2.00 MB ( <1%) committed,  1 nodes.
             Both:        1.06 GB reserved,      16.56 MB (  2%) committed. 

Chunk freelists:
   Non-Class:  1.00 MB
       Class:  2.02 MB
        Both:  3.02 MB

MaxMetaspaceSize: unlimited
CompressedClassSpaceSize: 1.00 GB
Initial GC threshold: 21.00 MB
Current GC threshold: 21.00 MB
CDS: on
MetaspaceReclaimPolicy: balanced
 - commit_granule_bytes: 65536.
 - commit_granule_words: 8192.
 - virtual_space_node_default_size: 8388608.
 - enlarge_chunks_in_place: 1.
 - new_chunks_are_fully_committed: 0.
 - uncommit_free_chunks: 1.
 - use_allocation_guard: 0.


Internal statistics:

num_allocs_failed_limit: 0.
num_arena_births: 158.
num_arena_deaths: 0.
num_vsnodes_births: 2.
num_vsnodes_deaths: 0.
num_space_committed: 265.
num_space_uncommitted: 0.
num_chunks_returned_to_freelist: 0.
num_chunks_taken_from_freelist: 348.
num_chunk_merges: 0.
num_chunk_splits: 216.
num_chunks_enlarged: 135.
num_inconsistent_stats: 0.

CodeHeap 'non-profiled nmethods': size=120000Kb used=594Kb max_used=594Kb free=119405Kb
 bounds [0x000002708fae0000, 0x000002708fd50000, 0x0000027097010000]
CodeHeap 'profiled nmethods': size=120000Kb used=2777Kb max_used=2777Kb free=117222Kb
 bounds [0x0000027088010000, 0x00000270882d0000, 0x000002708f540000]
CodeHeap 'non-nmethods': size=5760Kb used=1669Kb max_used=1717Kb free=4090Kb
 bounds [0x000002708f540000, 0x000002708f7b0000, 0x000002708fae0000]
 total_blobs=2262 nmethods=1597 adapters=576
 compilation: enabled
              stopped_count=0, restarted_count=0
 full_count=0

Compilation events (20 events):
Event: 1.382 Thread 0x00000270ff666670 1537       3       sun.awt.FontConfiguration::getString (53 bytes)
Event: 1.382 Thread 0x00000270ff666670 nmethod 1537 0x00000270882af590 code [0x00000270882af760, 0x00000270882afc08]
Event: 1.382 Thread 0x00000270ff666670 1538       3       java.lang.invoke.DirectMethodHandle$Holder::invokeStatic (14 bytes)
Event: 1.383 Thread 0x00000270ff666670 nmethod 1538 0x00000270882afe10 code [0x00000270882affc0, 0x00000270882b0498]
Event: 1.383 Thread 0x00000270ff666670 1540       3       sun.awt.FontConfiguration::getComponentFontName (15 bytes)
Event: 1.383 Thread 0x00000270ff666670 nmethod 1540 0x00000270882b0590 code [0x00000270882b0740, 0x00000270882b08f8]
Event: 1.383 Thread 0x00000270ff666670 1541       3       sun.awt.FontConfiguration::getComponentFileName (15 bytes)
Event: 1.383 Thread 0x00000270ff666670 nmethod 1541 0x00000270882b0a10 code [0x00000270882b0bc0, 0x00000270882b0d78]
Event: 1.383 Thread 0x00000270ff666670 1542       3       sun.awt.FontConfiguration::mapFileName (2 bytes)
Event: 1.383 Thread 0x00000270ff666670 nmethod 1542 0x00000270882b0e90 code [0x00000270882b1020, 0x00000270882b1130]
Event: 1.383 Thread 0x00000270ff666670 1539       3       sun.awt.FontConfiguration::getComponentFileID (6 bytes)
Event: 1.383 Thread 0x00000270ff666670 nmethod 1539 0x00000270882b1190 code [0x00000270882b1320, 0x00000270882b1448]
Event: 1.383 Thread 0x00000270ff666670 1545  s    1       sun.font.SunFontManager::getDefaultFontFile (5 bytes)
Event: 1.383 Thread 0x00000270ff666670 nmethod 1545 0x000002708fb66290 code [0x000002708fb66420, 0x000002708fb665a8]
Event: 1.383 Thread 0x00000270ff666670 1546  s    1       sun.font.SunFontManager::getDefaultFontFaceName (5 bytes)
Event: 1.383 Thread 0x00000270ff666670 nmethod 1546 0x000002708fb66610 code [0x000002708fb667a0, 0x000002708fb66928]
Event: 1.383 Thread 0x00000270ff666670 1543       3       sun.awt.windows.WFontConfiguration::getFaceNameFromComponentFontName (2 bytes)
Event: 1.383 Thread 0x00000270ff666670 nmethod 1543 0x00000270882b1510 code [0x00000270882b16a0, 0x00000270882b17b0]
Event: 1.383 Thread 0x00000270ff666670 1544       3       sun.awt.FontConfiguration::needToSearchForFile (128 bytes)
Event: 1.385 Thread 0x00000270ff666670 nmethod 1544 0x00000270882b1810 code [0x00000270882b1ae0, 0x00000270882b2d00]

GC Heap History (2 events):
Event: 0.747 GC heap before
{Heap before GC invocations=0 (full 0):
 garbage-first heap   total 131072K, used 13312K [0x0000000081200000, 0x0000000100000000)
  region size 1024K, 13 young (13312K), 0 survivors (0K)
 Metaspace       used 8078K, committed 8320K, reserved 1114112K
  class space    used 851K, committed 960K, reserved 1048576K
}
Event: 0.755 GC heap after
{Heap after GC invocations=1 (full 0):
 garbage-first heap   total 131072K, used 3456K [0x0000000081200000, 0x0000000100000000)
  region size 1024K, 2 young (2048K), 2 survivors (2048K)
 Metaspace       used 8078K, committed 8320K, reserved 1114112K
  class space    used 851K, committed 960K, reserved 1048576K
}

Dll operation events (12 events):
Event: 0.013 Loaded shared library C:\Program Files\Java\jdk-20\bin\java.dll
Event: 0.036 Loaded shared library C:\Program Files\Java\jdk-20\bin\jsvml.dll
Event: 0.107 Loaded shared library C:\Program Files\Java\jdk-20\bin\net.dll
Event: 0.109 Loaded shared library C:\Program Files\Java\jdk-20\bin\nio.dll
Event: 0.162 Loaded shared library C:\Program Files\Java\jdk-20\bin\zip.dll
Event: 0.186 Loaded shared library C:\Program Files\Java\jdk-20\bin\jimage.dll
Event: 0.210 Loaded shared library C:\Program Files\Java\jdk-20\bin\awt.dll
Event: 0.607 Loaded shared library C:\Program Files\Java\jdk-20\bin\extnet.dll
Event: 0.954 Loaded shared library C:\Program Files\Java\jdk-20\bin\sunmscapi.dll
Event: 1.275 Loaded shared library C:\Program Files\Java\jdk-20\bin\verify.dll
Event: 1.361 Loaded shared library C:\Program Files\Java\jdk-20\bin\freetype.dll
Event: 1.362 Loaded shared library C:\Program Files\Java\jdk-20\bin\fontmanager.dll

Deoptimization events (20 events):
Event: 1.349 Thread 0x00000270fe4b3870 Uncommon trap: trap_request=0xffffff45 fr.pc=0x000002708fb5f9bc relative=0x000000000000125c
Event: 1.349 Thread 0x00000270fe4b3870 Uncommon trap: reason=unstable_if action=reinterpret pc=0x000002708fb5f9bc method=java.util.regex.Pattern$BmpCharPropertyGreedy.match(Ljava/util/regex/Matcher;ILjava/lang/CharSequence;)Z @ 12 c2
Event: 1.350 Thread 0x00000270fe4b3870 DEOPT PACKING pc=0x000002708fb5f9bc sp=0x000000a1794fdf10
Event: 1.350 Thread 0x00000270fe4b3870 DEOPT UNPACKING pc=0x000002708f5a9d22 sp=0x000000a1794fde38 mode 2
Event: 1.352 Thread 0x00000270fe4b3870 Uncommon trap: trap_request=0xffffff45 fr.pc=0x000002708fb2ff20 relative=0x0000000000000480
Event: 1.352 Thread 0x00000270fe4b3870 Uncommon trap: reason=unstable_if action=reinterpret pc=0x000002708fb2ff20 method=java.lang.String.getBytes([BIB)V @ 5 c2
Event: 1.352 Thread 0x00000270fe4b3870 DEOPT PACKING pc=0x000002708fb2ff20 sp=0x000000a1794fe8f0
Event: 1.352 Thread 0x00000270fe4b3870 DEOPT UNPACKING pc=0x000002708f5a9d22 sp=0x000000a1794fe780 mode 2
Event: 1.352 Thread 0x00000270fe4b3870 Uncommon trap: trap_request=0xffffff45 fr.pc=0x000002708fb2f19c relative=0x000000000000047c
Event: 1.352 Thread 0x00000270fe4b3870 Uncommon trap: reason=unstable_if action=reinterpret pc=0x000002708fb2f19c method=java.lang.String.getBytes([BIB)V @ 5 c2
Event: 1.352 Thread 0x00000270fe4b3870 DEOPT PACKING pc=0x000002708fb2f19c sp=0x000000a1794fe890
Event: 1.352 Thread 0x00000270fe4b3870 DEOPT UNPACKING pc=0x000002708f5a9d22 sp=0x000000a1794fe788 mode 2
Event: 1.353 Thread 0x00000270fe4b3870 Uncommon trap: trap_request=0xffffff45 fr.pc=0x000002708fb23a64 relative=0x00000000000000e4
Event: 1.353 Thread 0x00000270fe4b3870 Uncommon trap: reason=unstable_if action=reinterpret pc=0x000002708fb23a64 method=java.lang.String.getBytes([BIB)V @ 5 c2
Event: 1.353 Thread 0x00000270fe4b3870 DEOPT PACKING pc=0x000002708fb23a64 sp=0x000000a1794fe820
Event: 1.353 Thread 0x00000270fe4b3870 DEOPT UNPACKING pc=0x000002708f5a9d22 sp=0x000000a1794fe7e8 mode 2
Event: 1.375 Thread 0x00000270fe4b3870 Uncommon trap: trap_request=0xffffff45 fr.pc=0x000002708fb17000 relative=0x0000000000000200
Event: 1.375 Thread 0x00000270fe4b3870 Uncommon trap: reason=unstable_if action=reinterpret pc=0x000002708fb17000 method=java.lang.StringUTF16.compress([CI[BII)I @ 20 c2
Event: 1.375 Thread 0x00000270fe4b3870 DEOPT PACKING pc=0x000002708fb17000 sp=0x000000a1794fd830
Event: 1.375 Thread 0x00000270fe4b3870 DEOPT UNPACKING pc=0x000002708f5a9d22 sp=0x000000a1794fd7a0 mode 2

Classes loaded (20 events):
Event: 1.383 Loading class sun/font/FontStrikeDesc
Event: 1.384 Loading class sun/font/FontStrikeDesc done
Event: 1.384 Loading class sun/font/CompositeStrike
Event: 1.384 Loading class sun/font/CompositeStrike done
Event: 1.384 Loading class sun/font/FontStrikeDisposer
Event: 1.384 Loading class sun/java2d/Disposer$PollDisposable
Event: 1.384 Loading class sun/java2d/Disposer$PollDisposable done
Event: 1.384 Loading class sun/font/FontStrikeDisposer done
Event: 1.384 Loading class sun/font/StrikeCache$SoftDisposerRef
Event: 1.384 Loading class sun/font/StrikeCache$DisposableStrike
Event: 1.384 Loading class sun/font/StrikeCache$DisposableStrike done
Event: 1.384 Loading class sun/font/StrikeCache$SoftDisposerRef done
Event: 1.384 Loading class sun/font/TrueTypeFont$TTDisposerRecord
Event: 1.384 Loading class sun/font/TrueTypeFont$TTDisposerRecord done
Event: 1.384 Loading class sun/font/TrueTypeFont$1
Event: 1.384 Loading class sun/font/TrueTypeFont$1 done
Event: 1.384 Loading class java/nio/channels/spi/AbstractInterruptibleChannel$1
Event: 1.385 Loading class sun/nio/ch/Interruptible
Event: 1.385 Loading class sun/nio/ch/Interruptible done
Event: 1.385 Loading class java/nio/channels/spi/AbstractInterruptibleChannel$1 done

Classes unloaded (0 events):
No events

Classes redefined (0 events):
No events

Internal exceptions (20 events):
Event: 0.113 Thread 0x00000270fe4b3870 Exception <a 'sun/nio/fs/WindowsException'{0x0000000089042b70}> (0x0000000089042b70) 
thrown [s\open\src\hotspot\share\prims\jni.cpp, line 519]
Event: 0.114 Thread 0x00000270fe4b3870 Exception <a 'sun/nio/fs/WindowsException'{0x00000000890862f0}> (0x00000000890862f0) 
thrown [s\open\src\hotspot\share\prims\jni.cpp, line 519]
Event: 0.195 Thread 0x00000270fe4b3870 Exception <a 'java/lang/ClassNotFoundException'{0x0000000088f71358}: sun/awt/resources/spi/awtProvider> (0x0000000088f71358) 
thrown [s\open\src\hotspot\share\classfile\systemDictionary.cpp, line 305]
Event: 0.228 Thread 0x00000270fe4b3870 Exception <a 'java/io/FileNotFoundException'{0x0000000088fc7cb0}> (0x0000000088fc7cb0) 
thrown [s\open\src\hotspot\share\prims\jni.cpp, line 519]
Event: 0.241 Thread 0x00000270fe4b3870 Exception <a 'java/io/FileNotFoundException'{0x0000000088ff1ef8}> (0x0000000088ff1ef8) 
thrown [s\open\src\hotspot\share\prims\jni.cpp, line 519]
Event: 0.354 Thread 0x00000270fe4b3870 Exception <a 'java/lang/NoSuchMethodError'{0x0000000088d0c9f0}: 'void java.lang.invoke.DirectMethodHandle$Holder.invokeSpecial(java.lang.Object, java.lang.Object, java.lang.Object)'> (0x0000000088d0c9f0) 
thrown [s\open\src\hotspot\share\interpreter\linkResolver.cpp, line 773]
Event: 0.369 Thread 0x00000270fe4b3870 Exception <a 'java/lang/NoSuchMethodError'{0x0000000088d37170}: 'java.lang.Object java.lang.invoke.DirectMethodHandle$Holder.newInvokeSpecial(java.lang.Object, java.lang.Object, java.lang.Object, java.lang.Object, java.lang.Object)'> (0x0000000088d37170) 
thrown [s\open\src\hotspot\share\interpreter\linkResolver.cpp, line 773]
Event: 0.380 Thread 0x00000270fe4b3870 Exception <a 'java/lang/NoSuchMethodError'{0x0000000088d67e48}: 'java.lang.Object java.lang.invoke.DirectMethodHandle$Holder.invokeStatic(java.lang.Object, int, java.lang.Object)'> (0x0000000088d67e48) 
thrown [s\open\src\hotspot\share\interpreter\linkResolver.cpp, line 773]
Event: 0.415 Thread 0x00000270fe4b3870 Exception <a 'java/lang/ClassNotFoundException'{0x0000000088c23e10}: com/sun/swing/internal/plaf/metal/resources/spi/metalProvider> (0x0000000088c23e10) 
thrown [s\open\src\hotspot\share\classfile\systemDictionary.cpp, line 305]
Event: 0.416 Thread 0x00000270fe4b3870 Exception <a 'java/lang/ClassNotFoundException'{0x0000000088c27d70}: com/sun/swing/internal/plaf/basic/resources/spi/basicProvider> (0x0000000088c27d70) 
thrown [s\open\src\hotspot\share\classfile\systemDictionary.cpp, line 305]
Event: 0.429 Thread 0x00000270fe4b3870 Exception <a 'java/lang/NoSuchMethodError'{0x0000000088c47180}: 'int java.lang.invoke.Invokers$Holder.invokeExact_MT(java.lang.Object, java.lang.Object)'> (0x0000000088c47180) 
thrown [s\open\src\hotspot\share\interpreter\linkResolver.cpp, line 773]
Event: 0.481 Thread 0x00000270fe4b3870 Exception <a 'java/lang/NoSuchMethodError'{0x0000000088bad070}: 'java.lang.Object java.lang.invoke.DirectMethodHandle$Holder.invokeInterface(java.lang.Object, java.lang.Object)'> (0x0000000088bad070) 
thrown [s\open\src\hotspot\share\interpreter\linkResolver.cpp, line 773]
Event: 0.508 Thread 0x00000270fe4b3870 Exception <a 'java/lang/NoSuchMethodError'{0x0000000088a26738}: 'void java.lang.invoke.DirectMethodHandle$Holder.invokeStatic(java.lang.Object, java.lang.Object, java.lang.Object)'> (0x0000000088a26738) 
thrown [s\open\src\hotspot\share\interpreter\linkResolver.cpp, line 773]
Event: 0.510 Thread 0x00000270fe4b3870 Exception <a 'java/lang/NoSuchMethodError'{0x0000000088a301d8}: 'java.lang.Object java.lang.invoke.DirectMethodHandle$Holder.invokeVirtual(java.lang.Object, java.lang.Object, java.lang.Object)'> (0x0000000088a301d8) 
thrown [s\open\src\hotspot\share\interpreter\linkResolver.cpp, line 773]
Event: 0.608 Thread 0x00000270fe4b3870 Exception <a 'java/lang/NoSuchMethodError'{0x000000008872a0b8}: 'void java.lang.invoke.DirectMethodHandle$Holder.invokeStatic(java.lang.Object, java.lang.Object)'> (0x000000008872a0b8) 
thrown [s\open\src\hotspot\share\interpreter\linkResolver.cpp, line 773]
Event: 0.684 Thread 0x00000270fe4b3870 Exception <a 'java/lang/NoSuchMethodError'{0x00000000885222e8}: 'void java.lang.invoke.DirectMethodHandle$Holder.invokeStaticInit(java.lang.Object, java.lang.Object)'> (0x00000000885222e8) 
thrown [s\open\src\hotspot\share\interpreter\linkResolver.cpp, line 773]
Event: 0.782 Thread 0x00000270fe4b3870 Exception <a 'sun/nio/fs/WindowsException'{0x0000000089184bf0}> (0x0000000089184bf0) 
thrown [s\open\src\hotspot\share\prims\jni.cpp, line 519]
Event: 0.876 Thread 0x00000270fe4b3870 Exception <a 'java/lang/NoSuchMethodError'{0x0000000089055818}: 'java.lang.Object java.lang.invoke.DirectMethodHandle$Holder.invokeStaticInit(java.lang.Object, int, int, int, int)'> (0x0000000089055818) 
thrown [s\open\src\hotspot\share\interpreter\linkResolver.cpp, line 773]
Event: 0.930 Thread 0x00000270fe4b3870 Exception <a 'java/lang/NoSuchMethodError'{0x00000000890a5d48}: 'java.lang.Object java.lang.invoke.DirectMethodHandle$Holder.invokeStaticInit(java.lang.Object, java.lang.Object, int, int, int, int)'> (0x00000000890a5d48) 
thrown [s\open\src\hotspot\share\interpreter\linkResolver.cpp, line 773]
Event: 1.115 Thread 0x00000270fe4b3870 Exception <a 'java/lang/NoSuchMethodError'{0x0000000088e2c648}: 'void java.lang.invoke.DirectMethodHandle$Holder.invokeVirtual(java.lang.Object, java.lang.Object)'> (0x0000000088e2c648) 
thrown [s\open\src\hotspot\share\interpreter\linkResolver.cpp, line 773]

VM Operations (18 events):
Event: 0.115 Executing VM operation: HandshakeAllThreads
Event: 0.115 Executing VM operation: HandshakeAllThreads done
Event: 0.252 Executing VM operation: HandshakeAllThreads
Event: 0.252 Executing VM operation: HandshakeAllThreads done
Event: 0.440 Executing VM operation: HandshakeAllThreads
Event: 0.440 Executing VM operation: HandshakeAllThreads done
Event: 0.464 Executing VM operation: HandshakeAllThreads
Event: 0.464 Executing VM operation: HandshakeAllThreads done
Event: 0.593 Executing VM operation: HandshakeAllThreads
Event: 0.593 Executing VM operation: HandshakeAllThreads done
Event: 0.692 Executing VM operation: HandshakeAllThreads
Event: 0.692 Executing VM operation: HandshakeAllThreads done
Event: 0.747 Executing VM operation: G1CollectForAllocation
Event: 0.755 Executing VM operation: G1CollectForAllocation done
Event: 1.131 Executing VM operation: HandshakeAllThreads
Event: 1.131 Executing VM operation: HandshakeAllThreads done
Event: 1.320 Executing VM operation: HandshakeAllThreads
Event: 1.320 Executing VM operation: HandshakeAllThreads done

Events (16 events):
Event: 0.036 Thread 0x00000270fe4b3870 Thread added: 0x00000270fe4b3870
Event: 0.053 Thread 0x00000270ff653a50 Thread added: 0x00000270ff653a50
Event: 0.053 Thread 0x00000270ff656900 Thread added: 0x00000270ff656900
Event: 0.054 Thread 0x00000270ff659300 Thread added: 0x00000270ff659300
Event: 0.054 Thread 0x00000270ff65a3e0 Thread added: 0x00000270ff65a3e0
Event: 0.054 Thread 0x00000270ff65bd30 Thread added: 0x00000270ff65bd30
Event: 0.054 Thread 0x00000270ff65ca90 Thread added: 0x00000270ff65ca90
Event: 0.054 Thread 0x00000270ff65fea0 Thread added: 0x00000270ff65fea0
Event: 0.056 Thread 0x00000270ff666670 Thread added: 0x00000270ff666670
Event: 0.092 Thread 0x00000270ff620250 Thread added: 0x00000270ff620250
Event: 0.151 Thread 0x00000270e02d3c70 Thread added: 0x00000270e02d3c70
Event: 0.301 Thread 0x00000270e0469b20 Thread added: 0x00000270e0469b20
Event: 0.303 Thread 0x00000270e046a070 Thread added: 0x00000270e046a070
Event: 0.307 Thread 0x00000270e046c050 Thread added: 0x00000270e046c050
Event: 0.441 Thread 0x00000270e046ab10 Thread added: 0x00000270e046ab10
Event: 0.535 Thread 0x00000270e25e2960 Thread added: 0x00000270e25e2960


Dynamic libraries:
0x00007ff615420000 - 0x00007ff615430000 	C:\Program Files\Java\jdk-20\bin\java.exe
0x00007ffc13e70000 - 0x00007ffc14068000 	C:\WINDOWS\SYSTEM32\ntdll.dll
0x00007ffc13560000 - 0x00007ffc13621000 	C:\WINDOWS\System32\KERNEL32.DLL
0x00007ffc11770000 - 0x00007ffc11a6d000 	C:\WINDOWS\System32\KERNELBASE.dll
0x00007ffc0e6b0000 - 0x00007ffc0e744000 	C:\WINDOWS\SYSTEM32\apphelp.dll
0x00007ffc11bc0000 - 0x00007ffc11cc0000 	C:\WINDOWS\System32\ucrtbase.dll
0x00007ffc03990000 - 0x00007ffc039ab000 	C:\Program Files\Java\jdk-20\bin\VCRUNTIME140.dll
0x00007ffc0a910000 - 0x00007ffc0a929000 	C:\Program Files\Java\jdk-20\bin\jli.dll
0x00007ffc12fb0000 - 0x00007ffc13060000 	C:\WINDOWS\System32\ADVAPI32.dll
0x00007ffc13700000 - 0x00007ffc1379e000 	C:\WINDOWS\System32\msvcrt.dll
0x00007ffc13630000 - 0x00007ffc136d0000 	C:\WINDOWS\System32\sechost.dll
0x00007ffc123a0000 - 0x00007ffc124c3000 	C:\WINDOWS\System32\RPCRT4.dll
0x00007ffc11740000 - 0x00007ffc11767000 	C:\WINDOWS\System32\bcrypt.dll
0x00007ffc11ea0000 - 0x00007ffc1203d000 	C:\WINDOWS\System32\USER32.dll
0x00007ffc11cc0000 - 0x00007ffc11ce2000 	C:\WINDOWS\System32\win32u.dll
0x00007ffc13990000 - 0x00007ffc139bb000 	C:\WINDOWS\System32\GDI32.dll
0x00007ffc11cf0000 - 0x00007ffc11e07000 	C:\WINDOWS\System32\gdi32full.dll
0x00007ffc11b20000 - 0x00007ffc11bbd000 	C:\WINDOWS\System32\msvcp_win.dll
0x00007ffbfe7b0000 - 0x00007ffbfea4a000 	C:\WINDOWS\WinSxS\amd64_microsoft.windows.common-controls_6595b64144ccf1df_6.0.19041.4355_none_60b8b9eb71f62e16\COMCTL32.dll
0x00007ffbff1b0000 - 0x00007ffbff1ba000 	C:\WINDOWS\SYSTEM32\VERSION.dll
0x00007ffc136d0000 - 0x00007ffc136ff000 	C:\WINDOWS\System32\IMM32.DLL
0x00007ffc0aa30000 - 0x00007ffc0aa3c000 	C:\Program Files\Java\jdk-20\bin\vcruntime140_1.dll
0x00007ffbe3380000 - 0x00007ffbe340e000 	C:\Program Files\Java\jdk-20\bin\msvcp140.dll
0x00007ffbdfee0000 - 0x00007ffbe0b78000 	C:\Program Files\Java\jdk-20\bin\server\jvm.dll
0x00007ffbf1020000 - 0x00007ffbf1047000 	C:\WINDOWS\SYSTEM32\WINMM.dll
0x00007ffbf5940000 - 0x00007ffbf5949000 	C:\WINDOWS\SYSTEM32\WSOCK32.dll
0x00007ffc122d0000 - 0x00007ffc1233b000 	C:\WINDOWS\System32\WS2_32.dll
0x00007ffc0f340000 - 0x00007ffc0f352000 	C:\WINDOWS\SYSTEM32\kernel.appcore.dll
0x00007ffc09450000 - 0x00007ffc0945a000 	C:\Program Files\Java\jdk-20\bin\jimage.dll
0x00007ffc0b7f0000 - 0x00007ffc0b9d4000 	C:\WINDOWS\SYSTEM32\DBGHELP.DLL
0x00007ffbf6f80000 - 0x00007ffbf6fb4000 	C:\WINDOWS\SYSTEM32\dbgcore.DLL
0x00007ffc11e10000 - 0x00007ffc11e92000 	C:\WINDOWS\System32\bcryptPrimitives.dll
0x00007ffc022b0000 - 0x00007ffc022d6000 	C:\Program Files\Java\jdk-20\bin\java.dll
0x00007ffbedf00000 - 0x00007ffbedfd7000 	C:\Program Files\Java\jdk-20\bin\jsvml.dll
0x00007ffc12840000 - 0x00007ffc12faf000 	C:\WINDOWS\System32\SHELL32.dll
0x00007ffc0f560000 - 0x00007ffc0fcff000 	C:\WINDOWS\SYSTEM32\windows.storage.dll
0x00007ffc124e0000 - 0x00007ffc12833000 	C:\WINDOWS\System32\combase.dll
0x00007ffc10d80000 - 0x00007ffc10dae000 	C:\WINDOWS\SYSTEM32\Wldp.dll
0x00007ffc137a0000 - 0x00007ffc1386d000 	C:\WINDOWS\System32\OLEAUT32.dll
0x00007ffc13140000 - 0x00007ffc131ed000 	C:\WINDOWS\System32\SHCORE.dll
0x00007ffc12130000 - 0x00007ffc12185000 	C:\WINDOWS\System32\shlwapi.dll
0x00007ffc11450000 - 0x00007ffc11474000 	C:\WINDOWS\SYSTEM32\profapi.dll
0x00007ffc03940000 - 0x00007ffc03953000 	C:\Program Files\Java\jdk-20\bin\net.dll
0x00007ffc0c540000 - 0x00007ffc0c64d000 	C:\WINDOWS\SYSTEM32\WINHTTP.dll
0x00007ffc10b70000 - 0x00007ffc10bda000 	C:\WINDOWS\system32\mswsock.dll
0x00007ffc013f0000 - 0x00007ffc01406000 	C:\Program Files\Java\jdk-20\bin\nio.dll
0x00007ffc013d0000 - 0x00007ffc013e8000 	C:\Program Files\Java\jdk-20\bin\zip.dll
0x00007ffbe2090000 - 0x00007ffbe2221000 	C:\Program Files\Java\jdk-20\bin\awt.dll
0x00007ffc0ef40000 - 0x00007ffc0ef6f000 	C:\WINDOWS\system32\DWMAPI.DLL
0x00007ffc0ee30000 - 0x00007ffc0eece000 	C:\WINDOWS\system32\uxtheme.dll
0x00007ffbe1ca0000 - 0x00007ffbe1dc8000 	C:\WINDOWS\system32\opengl32.dll
0x00007ffc00f50000 - 0x00007ffc00f7c000 	C:\WINDOWS\SYSTEM32\GLU32.dll
0x00007ffc13870000 - 0x00007ffc13984000 	C:\WINDOWS\System32\MSCTF.dll
0x00007ffc121a0000 - 0x00007ffc122cb000 	C:\WINDOWS\System32\ole32.dll
0x00007ffc108b0000 - 0x00007ffc1097a000 	C:\WINDOWS\SYSTEM32\DNSAPI.dll
0x00007ffc10870000 - 0x00007ffc108ab000 	C:\WINDOWS\SYSTEM32\IPHLPAPI.DLL
0x00007ffc124d0000 - 0x00007ffc124d8000 	C:\WINDOWS\System32\NSI.dll
0x00007ffc043e0000 - 0x00007ffc043ea000 	C:\Windows\System32\rasadhlp.dll
0x00007ffc04410000 - 0x00007ffc04490000 	C:\WINDOWS\System32\fwpuclnt.dll
0x00007ffc013c0000 - 0x00007ffc013c7000 	C:\Program Files\Java\jdk-20\bin\extnet.dll
0x00007ffc10dd0000 - 0x00007ffc10de8000 	C:\WINDOWS\SYSTEM32\CRYPTSP.dll
0x00007ffc104b0000 - 0x00007ffc104e4000 	C:\WINDOWS\system32\rsaenh.dll
0x00007ffc11400000 - 0x00007ffc1142e000 	C:\WINDOWS\SYSTEM32\USERENV.dll
0x00007ffc10db0000 - 0x00007ffc10dbc000 	C:\WINDOWS\SYSTEM32\CRYPTBASE.dll
0x00007ffc09050000 - 0x00007ffc09067000 	C:\WINDOWS\SYSTEM32\dhcpcsvc6.DLL
0x00007ffc08f80000 - 0x00007ffc08f9d000 	C:\WINDOWS\SYSTEM32\dhcpcsvc.DLL
0x00007ffbfe0f0000 - 0x00007ffbfe0fe000 	C:\Program Files\Java\jdk-20\bin\sunmscapi.dll
0x00007ffc11590000 - 0x00007ffc116ee000 	C:\WINDOWS\System32\CRYPT32.dll
0x00007ffc10fb0000 - 0x00007ffc10fd9000 	C:\WINDOWS\SYSTEM32\ncrypt.dll
0x00007ffc10f70000 - 0x00007ffc10fab000 	C:\WINDOWS\SYSTEM32\NTASN1.dll
0x00007ffc02290000 - 0x00007ffc022a0000 	C:\Program Files\Java\jdk-20\bin\verify.dll
0x00007ffbe2520000 - 0x00007ffbe25a6000 	C:\Program Files\Java\jdk-20\bin\freetype.dll
0x00007ffbe1870000 - 0x00007ffbe1943000 	C:\Program Files\Java\jdk-20\bin\fontmanager.dll

dbghelp: loaded successfully - version: 4.0.5 - missing functions: none
symbol engine: initialized successfully - sym options: 0x614 - pdb path: .;C:\Program Files\Java\jdk-20\bin;C:\WINDOWS\SYSTEM32;C:\WINDOWS\WinSxS\amd64_microsoft.windows.common-controls_6595b64144ccf1df_6.0.19041.4355_none_60b8b9eb71f62e16;C:\Program Files\Java\jdk-20\bin\server

VM Arguments:
jvm_args: -Dfile.encoding=UTF-8 --module-path=C:\Users\My Pc\Documents\NetBeansProjects\university management(ERP)\build\classes 
java_command: university.management.erp.StudentLeave
java_class_path (initial): C:\Users\My Pc\Downloads\postgresql-42.7.3.jar;C:\Users\My Pc\Downloads\Jar-20240830T185756Z-001\Jar\mysql-connector-java-8.0.28.jar;C:\Users\My Pc\Downloads\Jar-20240830T185756Z-001\Jar\jcalendar-tz-1.3.3-4.jar;C:\Users\My Pc\Downloads\Jar-20240830T185756Z-001\Jar\rs2xml.jar;C:\Users\My Pc\Documents\NetBeansProjects\university management(ERP)\build\classes
Launcher Type: SUN_STANDARD

[Global flags]
     intx CICompilerCount                          = 3                                         {product} {ergonomic}
     uint ConcGCThreads                            = 1                                         {product} {ergonomic}
     uint G1ConcRefinementThreads                  = 4                                         {product} {ergonomic}
   size_t G1HeapRegionSize                         = 1048576                                   {product} {ergonomic}
    uintx GCDrainStackTargetSize                   = 64                                        {product} {ergonomic}
   size_t InitialHeapSize                          = 134217728                                 {product} {ergonomic}
   size_t MarkStackSize                            = 4194304                                   {product} {ergonomic}
   size_t MaxHeapSize                              = 2128609280                                {product} {ergonomic}
   size_t MaxNewSize                               = 1277165568                                {product} {ergonomic}
   size_t MinHeapDeltaBytes                        = 1048576                                   {product} {ergonomic}
   size_t MinHeapSize                              = 8388608                                   {product} {ergonomic}
    uintx NonNMethodCodeHeapSize                   = 5832780                                {pd product} {ergonomic}
    uintx NonProfiledCodeHeapSize                  = 122912730                              {pd product} {ergonomic}
    uintx ProfiledCodeHeapSize                     = 122912730                              {pd product} {ergonomic}
    uintx ReservedCodeCacheSize                    = 251658240                              {pd product} {ergonomic}
     bool SegmentedCodeCache                       = true                                      {product} {ergonomic}
   size_t SoftMaxHeapSize                          = 2128609280                             {manageable} {ergonomic}
     bool UseCompressedClassPointers               = true                           {product lp64_product} {ergonomic}
     bool UseCompressedOops                        = true                           {product lp64_product} {ergonomic}
     bool UseG1GC                                  = true                                      {product} {ergonomic}
     bool UseLargePagesIndividualAllocation        = false                                  {pd product} {ergonomic}

Logging:
Log output configuration:
 #0: stdout all=warning uptime,level,tags foldmultilines=false
 #1: stderr all=off uptime,level,tags foldmultilines=false

Environment Variables:
PATH=C:\Program Files\Common Files\Oracle\Java\javapath;C:\Program Files (x86)\Common Files\Oracle\Java\javapath;C:\Program Files\Microsoft\jdk-11.0.16.101-hotspot\bin;C:\WINDOWS\system32;C:\WINDOWS;C:\WINDOWS\System32\Wbem;C:\WINDOWS\System32\WindowsPowerShell\v1.0\;C:\WINDOWS\System32\OpenSSH\;C:\MinGW\bin;C:\Program Files\nodejs\;C:\Users\My Pc\Desktop\flutter_windows_3.16.3-stable\flutter\bin;C:\Program Files\dotnet\;C:\Program Files (x86)\Incredibuild;C:\Program Files (x86)\Windows Kits\10\Windows Performance Toolkit\;C:\Program Files\Java\jdk-20\bin;C:\Program Files\Git\cmd;C:\Program Files\MySQL\MySQL Server 8.0\bin;C:\Program Files\MySQL\MySQL Shell 8.0\bin\;C:\Users\My Pc\AppData\Local\Programs\Python\Python311\Scripts\;C:\Users\My Pc\AppData\Local\Programs\Python\Python311\;C:\Users\My Pc\AppData\Local\Microsoft\WindowsApps;C:\Users\My Pc\AppData\Local\Programs\Microsoft VS Code\bin;C:\Users\My Pc\AppData\Roaming\npm;C:\Users\My Pc\Desktop\flutter_windows_3.16.3-stable\flutter\bin;C:\Users\My Pc\.dotnet\tools;
USERNAME=My Pc
OS=Windows_NT
PROCESSOR_IDENTIFIER=Intel64 Family 6 Model 78 Stepping 3, GenuineIntel
TMP=C:\Users\MYPC~1\AppData\Local\Temp
TEMP=C:\Users\MYPC~1\AppData\Local\Temp




---------------  S Y S T E M  ---------------

OS:
 Windows 10 , 64 bit Build 19041 (10.0.19041.4717)
OS uptime: 3 days 22:31 hours
Hyper-V role detected

CPU: total 4 (initial active 4) (2 cores per cpu, 2 threads per core) family 6 model 78 stepping 3 microcode 0xea, cx8, cmov, fxsr, ht, mmx, 3dnowpref, sse, sse2, sse3, ssse3, sse4.1, sse4.2, popcnt, lzcnt, tsc, tscinvbit, avx, avx2, aes, erms, clmul, bmi1, bmi2, rtm, adx, fma, vzeroupper, clflush, clflushopt, hv, rdtscp, f16c

Memory: 4k page, system-wide physical 8113M (1420M free)
TotalPageFile size 32689M (AvailPageFile size 5M)
current process WorkingSet (physical memory assigned to process): 103M, peak: 104M
current process commit charge ("private bytes"): 244M, peak: 245M

vm_info: Java HotSpot(TM) 64-Bit Server VM (20.0.2+9-78) for windows-amd64 JRE (20.0.2+9-78), built on 2023-06-14T10:08:48Z by "mach5one" with MS VC++ 17.1 (VS2022)

END.
