#
# There is insufficient memory for the Java Runtime Environment to continue.
# Native memory allocation (mmap) failed to map 134217728 bytes for G1 virtual space
# Possible reasons:
#   The system is out of physical RAM or swap space
#   The process is running with CompressedOops enabled, and the Java Heap may be blocking the growth of the native heap
# Possible solutions:
#   Reduce memory load on the system
#   Increase physical memory or swap space
#   Check if swap backing store is full
#   Decrease Java heap size (-Xmx/-Xms)
#   Decrease number of Java threads
#   Decrease Java thread stack sizes (-Xss)
#   Set larger code cache with -XX:ReservedCodeCacheSize=
#   JVM is running with Unscaled Compressed Oops mode in which the Java heap is
#     placed in the first 4GB address space. The Java Heap base address is the
#     maximum limit for the native heap growth. Please use -XX:HeapBaseMinAddress
#     to set the Java Heap base and to place the Java Heap above 4GB virtual address.
# This output file may be truncated or incomplete.
#
#  Out of Memory Error (os_windows.cpp:3528), pid=24244, tid=2224
#
# JRE version:  (20.0.2+9) (build )
# Java VM: Java HotSpot(TM) 64-Bit Server VM (20.0.2+9-78, mixed mode, sharing, tiered, compressed oops, compressed class ptrs, g1 gc, windows-amd64)
# No core dump will be written. Minidumps are not enabled by default on client versions of Windows
#

---------------  S U M M A R Y ------------

Command Line: -Dfile.encoding=UTF-8 --module-path=C:\Users\My Pc\Documents\NetBeansProjects\university management(ERP)\build\classes university.management.erp.Project

Host: Intel(R) Core(TM) i7-6650U CPU @ 2.20GHz, 4 cores, 7G,  Windows 10 , 64 bit Build 19041 (10.0.19041.4717)
Time: Sat Aug 31 13:25:03 2024 India Standard Time elapsed time: 0.036857 seconds (0d 0h 0m 0s)

---------------  T H R E A D  ---------------

Current thread (0x00000157b1ff37d0):  JavaThread "Unknown thread" [_thread_in_vm, id=2224, stack(0x0000001186600000,0x0000001186700000)]

Stack: [0x0000001186600000,0x0000001186700000]
Native frames: (J=compiled Java code, j=interpreted, Vv=VM code, C=native code)
V  [jvm.dll+0x6bc25a]
V  [jvm.dll+0x84971a]
V  [jvm.dll+0x84b315]
V  [jvm.dll+0x84ba13]
V  [jvm.dll+0x280e4f]
V  [jvm.dll+0x6b8fe9]
V  [jvm.dll+0x6adbca]
V  [jvm.dll+0x35b165]
V  [jvm.dll+0x363386]
V  [jvm.dll+0x3b400e]
V  [jvm.dll+0x3b4295]
V  [jvm.dll+0x32b86a]
V  [jvm.dll+0x32c68b]
V  [jvm.dll+0x8123df]
V  [jvm.dll+0x3c1261]
V  [jvm.dll+0x7fe103]
V  [jvm.dll+0x44ccaf]
V  [jvm.dll+0x44e621]
C  [jli.dll+0x5287]
C  [ucrtbase.dll+0x21bb2]
C  [KERNEL32.DLL+0x17374]
C  [ntdll.dll+0x4cc91]


---------------  P R O C E S S  ---------------

Threads class SMR info:
_java_thread_list=0x00007ffbe0a3b118, length=0, elements={
}

Java Threads: ( => current thread )

Other Threads:
  0x00000157b204ed40 WorkerThread "GC Thread#0" [stack: 0x0000001186700000,0x0000001186800000] [id=11960]
  0x00000157b205fbb0 ConcurrentGCThread "G1 Main Marker" [stack: 0x0000001186800000,0x0000001186900000] [id=23160]
  0x00000157b2061d90 WorkerThread "G1 Conc#0" [stack: 0x0000001186900000,0x0000001186a00000] [id=18008]

[error occurred during error reporting (printing all threads), id 0xc0000005, EXCEPTION_ACCESS_VIOLATION (0xc0000005) at pc=0x00007ffbe021eea7]
VM state: not at safepoint (not fully initialized)

VM Mutex/Monitor currently owned by a thread:  ([mutex/lock_event])
[0x00000157b1fee930] Heap_lock - owner thread: 0x00000157b1ff37d0

Heap address: 0x0000000081200000, size: 2030 MB, Compressed Oops mode: 32-bit

CDS archive(s) mapped at: [0x0000000000000000-0x0000000000000000-0x0000000000000000), size 0, SharedBaseAddress: 0x0000000800000000, ArchiveRelocationMode: 1.
Narrow klass base: 0x0000000000000000, Narrow klass shift: 0, Narrow klass range: 0x0

GC Precious Log:
 CardTable entry size: 512
 Card Set container configuration: InlinePtr #cards 5 size 8 Array Of Cards #cards 12 size 40 Howl #buckets 4 coarsen threshold 1843 Howl Bitmap #cards 512 size 80 coarsen threshold 460 Card regions per heap region 1 cards per card region 2048

Heap:
 garbage-first heap   total 0K, used 0K [0x0000000081200000, 0x0000000100000000)
  region size 1024K, 0 young (0K), 0 survivors (0K)

[error occurred during error reporting (printing heap information), id 0xc0000005, EXCEPTION_ACCESS_VIOLATION (0xc0000005) at pc=0x00007ffbe05f47b9]
GC Heap History (0 events):
No events

Dll operation events (1 events):
Event: 0.020 Loaded shared library C:\Program Files\Java\jdk-20\bin\java.dll

Deoptimization events (0 events):
No events

Classes loaded (0 events):
No events

Classes unloaded (0 events):
No events

Classes redefined (0 events):
No events

Internal exceptions (0 events):
No events

VM Operations (0 events):
No events

Events (0 events):
No events


Dynamic libraries:
0x00007ff615420000 - 0x00007ff615430000 	C:\Program Files\Java\jdk-20\bin\java.exe
0x00007ffc13e70000 - 0x00007ffc14068000 	C:\WINDOWS\SYSTEM32\ntdll.dll
0x00007ffc13560000 - 0x00007ffc13621000 	C:\WINDOWS\System32\KERNEL32.DLL
0x00007ffc11770000 - 0x00007ffc11a6d000 	C:\WINDOWS\System32\KERNELBASE.dll
0x00007ffc0e6b0000 - 0x00007ffc0e744000 	C:\WINDOWS\SYSTEM32\apphelp.dll
0x00007ffc11bc0000 - 0x00007ffc11cc0000 	C:\WINDOWS\System32\ucrtbase.dll
0x00007ffc03990000 - 0x00007ffc039ab000 	C:\Program Files\Java\jdk-20\bin\VCRUNTIME140.dll
0x00007ffc0a910000 - 0x00007ffc0a929000 	C:\Program Files\Java\jdk-20\bin\jli.dll
0x00007ffc12fb0000 - 0x00007ffc13060000 	C:\WINDOWS\System32\ADVAPI32.dll
0x00007ffc13700000 - 0x00007ffc1379e000 	C:\WINDOWS\System32\msvcrt.dll
0x00007ffc13630000 - 0x00007ffc136d0000 	C:\WINDOWS\System32\sechost.dll
0x00007ffc123a0000 - 0x00007ffc124c3000 	C:\WINDOWS\System32\RPCRT4.dll
0x00007ffc11740000 - 0x00007ffc11767000 	C:\WINDOWS\System32\bcrypt.dll
0x00007ffc11ea0000 - 0x00007ffc1203d000 	C:\WINDOWS\System32\USER32.dll
0x00007ffc11cc0000 - 0x00007ffc11ce2000 	C:\WINDOWS\System32\win32u.dll
0x00007ffc13990000 - 0x00007ffc139bb000 	C:\WINDOWS\System32\GDI32.dll
0x00007ffc11cf0000 - 0x00007ffc11e07000 	C:\WINDOWS\System32\gdi32full.dll
0x00007ffc11b20000 - 0x00007ffc11bbd000 	C:\WINDOWS\System32\msvcp_win.dll
0x00007ffbfe7b0000 - 0x00007ffbfea4a000 	C:\WINDOWS\WinSxS\amd64_microsoft.windows.common-controls_6595b64144ccf1df_6.0.19041.4355_none_60b8b9eb71f62e16\COMCTL32.dll
0x00007ffbff1b0000 - 0x00007ffbff1ba000 	C:\WINDOWS\SYSTEM32\VERSION.dll
0x00007ffc136d0000 - 0x00007ffc136ff000 	C:\WINDOWS\System32\IMM32.DLL
0x00007ffc0aa30000 - 0x00007ffc0aa3c000 	C:\Program Files\Java\jdk-20\bin\vcruntime140_1.dll
0x00007ffbe3380000 - 0x00007ffbe340e000 	C:\Program Files\Java\jdk-20\bin\msvcp140.dll
0x00007ffbdfee0000 - 0x00007ffbe0b78000 	C:\Program Files\Java\jdk-20\bin\server\jvm.dll
0x00007ffbf5940000 - 0x00007ffbf5949000 	C:\WINDOWS\SYSTEM32\WSOCK32.dll
0x00007ffbf1020000 - 0x00007ffbf1047000 	C:\WINDOWS\SYSTEM32\WINMM.dll
0x00007ffc122d0000 - 0x00007ffc1233b000 	C:\WINDOWS\System32\WS2_32.dll
0x00007ffc0f340000 - 0x00007ffc0f352000 	C:\WINDOWS\SYSTEM32\kernel.appcore.dll
0x00007ffc09450000 - 0x00007ffc0945a000 	C:\Program Files\Java\jdk-20\bin\jimage.dll
0x00007ffc0b7f0000 - 0x00007ffc0b9d4000 	C:\WINDOWS\SYSTEM32\DBGHELP.DLL
0x00007ffbf6f80000 - 0x00007ffbf6fb4000 	C:\WINDOWS\SYSTEM32\dbgcore.DLL
0x00007ffc11e10000 - 0x00007ffc11e92000 	C:\WINDOWS\System32\bcryptPrimitives.dll
0x00007ffc022b0000 - 0x00007ffc022d6000 	C:\Program Files\Java\jdk-20\bin\java.dll

dbghelp: loaded successfully - version: 4.0.5 - missing functions: none
symbol engine: initialized successfully - sym options: 0x614 - pdb path: .;C:\Program Files\Java\jdk-20\bin;C:\WINDOWS\SYSTEM32;C:\WINDOWS\WinSxS\amd64_microsoft.windows.common-controls_6595b64144ccf1df_6.0.19041.4355_none_60b8b9eb71f62e16;C:\Program Files\Java\jdk-20\bin\server

VM Arguments:
jvm_args: -Dfile.encoding=UTF-8 --module-path=C:\Users\My Pc\Documents\NetBeansProjects\university management(ERP)\build\classes 
java_command: university.management.erp.Project
java_class_path (initial): C:\Users\My Pc\Downloads\postgresql-42.7.3.jar;C:\Users\My Pc\Downloads\Jar-20240830T185756Z-001\Jar\mysql-connector-java-8.0.28.jar;C:\Users\My Pc\Downloads\Jar-20240830T185756Z-001\Jar\jcalendar-tz-1.3.3-4.jar;C:\Users\My Pc\Downloads\Jar-20240830T185756Z-001\Jar\rs2xml.jar;C:\Users\My Pc\Documents\NetBeansProjects\university management(ERP)\build\classes
Launcher Type: SUN_STANDARD

[Global flags]
     intx CICompilerCount                          = 3                                         {product} {ergonomic}
     uint ConcGCThreads                            = 1                                         {product} {ergonomic}
     uint G1ConcRefinementThreads                  = 4                                         {product} {ergonomic}
   size_t G1HeapRegionSize                         = 1048576                                   {product} {ergonomic}
    uintx GCDrainStackTargetSize                   = 64                                        {product} {ergonomic}
   size_t InitialHeapSize                          = 134217728                                 {product} {ergonomic}
   size_t MarkStackSize                            = 4194304                                   {product} {ergonomic}
   size_t MaxHeapSize                              = 2128609280                                {product} {ergonomic}
   size_t MinHeapDeltaBytes                        = 1048576                                   {product} {ergonomic}
   size_t MinHeapSize                              = 8388608                                   {product} {ergonomic}
    uintx NonNMethodCodeHeapSize                   = 5832780                                {pd product} {ergonomic}
    uintx NonProfiledCodeHeapSize                  = 122912730                              {pd product} {ergonomic}
    uintx ProfiledCodeHeapSize                     = 122912730                              {pd product} {ergonomic}
    uintx ReservedCodeCacheSize                    = 251658240                              {pd product} {ergonomic}
     bool SegmentedCodeCache                       = true                                      {product} {ergonomic}
   size_t SoftMaxHeapSize                          = 2128609280                             {manageable} {ergonomic}
     bool UseCompressedClassPointers               = true                           {product lp64_product} {ergonomic}
     bool UseCompressedOops                        = true                           {product lp64_product} {ergonomic}
     bool UseG1GC                                  = true                                      {product} {ergonomic}
     bool UseLargePagesIndividualAllocation        = false                                  {pd product} {ergonomic}

Logging:
Log output configuration:
 #0: stdout all=warning uptime,level,tags foldmultilines=false
 #1: stderr all=off uptime,level,tags foldmultilines=false

Environment Variables:
PATH=C:\Program Files\Common Files\Oracle\Java\javapath;C:\Program Files (x86)\Common Files\Oracle\Java\javapath;C:\Program Files\Microsoft\jdk-11.0.16.101-hotspot\bin;C:\WINDOWS\system32;C:\WINDOWS;C:\WINDOWS\System32\Wbem;C:\WINDOWS\System32\WindowsPowerShell\v1.0\;C:\WINDOWS\System32\OpenSSH\;C:\MinGW\bin;C:\Program Files\nodejs\;C:\Users\My Pc\Desktop\flutter_windows_3.16.3-stable\flutter\bin;C:\Program Files\dotnet\;C:\Program Files (x86)\Incredibuild;C:\Program Files (x86)\Windows Kits\10\Windows Performance Toolkit\;C:\Program Files\Java\jdk-20\bin;C:\Program Files\Git\cmd;C:\Program Files\MySQL\MySQL Server 8.0\bin;C:\Program Files\MySQL\MySQL Shell 8.0\bin\;C:\Users\My Pc\AppData\Local\Programs\Python\Python311\Scripts\;C:\Users\My Pc\AppData\Local\Programs\Python\Python311\;C:\Users\My Pc\AppData\Local\Microsoft\WindowsApps;C:\Users\My Pc\AppData\Local\Programs\Microsoft VS Code\bin;C:\Users\My Pc\AppData\Roaming\npm;C:\Users\My Pc\Desktop\flutter_windows_3.16.3-stable\flutter\bin;C:\Users\My Pc\.dotnet\tools;
USERNAME=My Pc
OS=Windows_NT
PROCESSOR_IDENTIFIER=Intel64 Family 6 Model 78 Stepping 3, GenuineIntel
TMP=C:\Users\MYPC~1\AppData\Local\Temp
TEMP=C:\Users\MYPC~1\AppData\Local\Temp




---------------  S Y S T E M  ---------------

OS:
 Windows 10 , 64 bit Build 19041 (10.0.19041.4717)
OS uptime: 3 days 17:01 hours
Hyper-V role detected

CPU: total 4 (initial active 4) (2 cores per cpu, 2 threads per core) family 6 model 78 stepping 3 microcode 0xea, cx8, cmov, fxsr, ht, mmx, 3dnowpref, sse, sse2, sse3, ssse3, sse4.1, sse4.2, popcnt, lzcnt, tsc, tscinvbit, avx, avx2, aes, erms, clmul, bmi1, bmi2, rtm, adx, fma, vzeroupper, clflush, clflushopt, hv, rdtscp, f16c

Memory: 4k page, system-wide physical 8113M (420M free)
TotalPageFile size 32689M (AvailPageFile size 129M)
current process WorkingSet (physical memory assigned to process): 11M, peak: 11M
current process commit charge ("private bytes"): 52M, peak: 180M

vm_info: Java HotSpot(TM) 64-Bit Server VM (20.0.2+9-78) for windows-amd64 JRE (20.0.2+9-78), built on 2023-06-14T10:08:48Z by "mach5one" with MS VC++ 17.1 (VS2022)

END.
